[D] begin to dump hw reg setting in compile arguments:
[D] UsharpBase:   0
[D] MaxUsharpReg: 0
[D] MaxTsharpReg: 0
[D] MaxSsharpReg: 0
[D] MaxCsharpReg: 0
[D] MaxCbReg:     0
[D] ------------------------Begin Dump SC LLVM Module Info------------------------ [0000]
[D] target datalayout = "e-m:e-p:32:32-i1:32-i8:32-i16:32-i32:32-i64:64-f16:32-f32:32-f64:64-n8:16:32:64"
target triple = "dxil-ms-dx"

; Function Attrs: nounwind readnone
declare i32 @dx.op.loadInput.i32(i32, i32, i32, i8, i32) #0

; Function Attrs: nounwind
declare void @dx.op.storeOutput.f32(i32, i32, i32, i8, float) #1

define void @main() {
  %1 = call i32 @dx.op.loadInput.i32(i32 4, i32 0, i32 0, i8 0, i32 undef)
  %2 = icmp eq i32 %1, 1
  br i1 %2, label %3, label %8

3:                                                ; preds = %0
  %4 = bitcast i32 1056964608 to float
  call void @dx.op.storeOutput.f32(i32 5, i32 0, i32 0, i8 0, float %4)
  %5 = bitcast i32 1056964608 to float
  call void @dx.op.storeOutput.f32(i32 5, i32 0, i32 0, i8 1, float %5)
  %6 = bitcast i32 1056964608 to float
  call void @dx.op.storeOutput.f32(i32 5, i32 0, i32 0, i8 2, float %6)
  %7 = bitcast i32 1056964608 to float
  call void @dx.op.storeOutput.f32(i32 5, i32 0, i32 0, i8 3, float %7)
  br label %9

8:                                                ; preds = %0
  br label %9

9:                                                ; preds = %8, %3
  %10 = icmp eq i32 %1, 2
  br i1 %10, label %11, label %20

11:                                               ; preds = %9
  %12 = bitcast i32 1048576000 to float
  call void @dx.op.storeOutput.f32(i32 5, i32 0, i32 0, i8 0, float %12)
  %13 = bitcast i32 1048576000 to float
  call void @dx.op.storeOutput.f32(i32 5, i32 0, i32 0, i8 1, float %13)
  %14 = bitcast i32 1048576000 to float
  call void @dx.op.storeOutput.f32(i32 5, i32 0, i32 0, i8 2, float %14)
  %15 = bitcast i32 1048576000 to float
  call void @dx.op.storeOutput.f32(i32 5, i32 0, i32 0, i8 3, float %15)
  %16 = bitcast i32 1056964608 to float
  call void @dx.op.storeOutput.f32(i32 5, i32 1, i32 0, i8 0, float %16)
  %17 = bitcast i32 1056964608 to float
  call void @dx.op.storeOutput.f32(i32 5, i32 1, i32 0, i8 1, float %17)
  %18 = bitcast i32 1056964608 to float
  call void @dx.op.storeOutput.f32(i32 5, i32 1, i32 0, i8 2, float %18)
  %19 = bitcast i32 1056964608 to float
  call void @dx.op.storeOutput.f32(i32 5, i32 1, i32 0, i8 3, float %19)
  br label %21

20:                                               ; preds = %9
  br label %21

21:                                               ; preds = %20, %11
  %22 = icmp eq i32 %1, 3
  br i1 %22, label %23, label %36

23:                                               ; preds = %21
  %24 = bitcast i32 1040187392 to float
  call void @dx.op.storeOutput.f32(i32 5, i32 0, i32 0, i8 0, float %24)
  %25 = bitcast i32 1040187392 to float
  call void @dx.op.storeOutput.f32(i32 5, i32 0, i32 0, i8 1, float %25)
  %26 = bitcast i32 1040187392 to float
  call void @dx.op.storeOutput.f32(i32 5, i32 0, i32 0, i8 2, float %26)
  %27 = bitcast i32 1040187392 to float
  call void @dx.op.storeOutput.f32(i32 5, i32 0, i32 0, i8 3, float %27)
  %28 = bitcast i32 1048576000 to float
  call void @dx.op.storeOutput.f32(i32 5, i32 1, i32 0, i8 0, float %28)
  %29 = bitcast i32 1048576000 to float
  call void @dx.op.storeOutput.f32(i32 5, i32 1, i32 0, i8 1, float %29)
  %30 = bitcast i32 1048576000 to float
  call void @dx.op.storeOutput.f32(i32 5, i32 1, i32 0, i8 2, float %30)
  %31 = bitcast i32 1048576000 to float
  call void @dx.op.storeOutput.f32(i32 5, i32 1, i32 0, i8 3, float %31)
  %32 = bitcast i32 1056964608 to float
  call void @dx.op.storeOutput.f32(i32 5, i32 2, i32 0, i8 0, float %32)
  %33 = bitcast i32 1056964608 to float
  call void @dx.op.storeOutput.f32(i32 5, i32 2, i32 0, i8 1, float %33)
  %34 = bitcast i32 1056964608 to float
  call void @dx.op.storeOutput.f32(i32 5, i32 2, i32 0, i8 2, float %34)
  %35 = bitcast i32 1056964608 to float
  call void @dx.op.storeOutput.f32(i32 5, i32 2, i32 0, i8 3, float %35)
  br label %37

36:                                               ; preds = %21
  br label %37

37:                                               ; preds = %36, %23
  ret void
}

attributes #0 = { nounwind readnone }
attributes #1 = { nounwind }

!llvm.ident = !{!0}
!dx.version = !{!1}
!dx.valver = !{!2}
!dx.shaderModel = !{!3}
!dx.typeAnnotations = !{!4}
!dx.entryPoints = !{!8}
!dx.source.contents = !{!20, !21, !22, !23, !24, !25, !26, !27}
!dx.vk.xfb = !{}

!0 = !{!"Mesa version 22.04@release"}
!1 = !{i32 1, i32 1}
!2 = !{i32 1, i32 4}
!3 = !{!"ps", i32 6, i32 1}
!4 = !{i32 1, void ()* @main, !5}
!5 = !{!6}
!6 = !{i32 0, !7, !7}
!7 = !{}
!8 = !{void ()* @main, !"main", !9, null, !19}
!9 = !{!10, !13, null}
!10 = !{!11}
!11 = !{i32 0, !"TEXCOORD", i8 4, i8 0, !12, i8 1, i32 1, i8 1, i32 0, i8 0, !7}
!12 = !{i32 0}
!13 = !{!14, !15, !17}
!14 = !{i32 0, !"SV_Target", i8 9, i8 16, !12, i8 0, i32 1, i8 4, i32 0, i8 0, !7}
!15 = !{i32 1, !"SV_Target", i8 9, i8 16, !16, i8 0, i32 1, i8 4, i32 1, i8 0, !7}
!16 = !{i32 1}
!17 = !{i32 2, !"SV_Target", i8 9, i8 16, !18, i8 0, i32 1, i8 4, i32 2, i8 0, !7}
!18 = !{i32 2}
!19 = !{i32 0, i64 1048576}
!20 = !{!"num_images", i32 0}
!21 = !{!"num_ssbos", i32 0}
!22 = !{!"float_controls_execution_mode", i32 0}
!23 = !{!"color_dual_source", i32 0}
!24 = !{!"origin_upper_left", i32 0}
!25 = !{!"pixel_center_integer", i32 0}
!26 = !{!"early_fragment_tests", i32 0}
!27 = !{!"post_depth_coverage", i32 0}


[D] CrfCntForInput equals CrfCount + HW_REG_START
[D] CrfCntForInput for PS push mode: 8
[D] ------------------------Begin Dump SC Shader Info------------------------ [0000]
[D] SCShaderVersion:                  :97
[D] SCShaderType:                     :4
[D] Dump Shader Flags:
[D]         bOutputDepth              :0
[D]         bOutputStencil            :0
[D]         bTexKill                  :0
[D]         bDiscard                  :0
[D]         bOutputMask               :0
[D]         bHasSampleFreqInput       :0
[D]         bHasPointCoord            :0
[D]         bHasEmitMask              :0
[D]         bHasEmitAlpha              :0
[D]         bPackWL                   :0
[D]         bPackWC                   :0
[D]         bNeedLinearW              :0
[D]         bNeedCentroidW            :0
[D]         bPosCentroid              :0
[D]         bFlatShading              :0
[D]         bConservativeDepth        :0
[D]         bConservativeDepthMode    :0
[D]         bForceEarlyDepthStencil   :0
[D]         bLSBuffer                 :0
[D]         bNeedPatchMovimm          :0
[D]         bHwCbMode                 :1
[D]         bMapImageToTSharp         :0
[D]         bPackFaceId               :0
[D]         bPackSampleId             :0
[D]         bPackPrimId               :0
[D]         bHasSampleLd2DMS          :0
[D]         bIntpAtSample             :0
[D]         bHasGMFlush               :0
[D]         bHasDouble                :0
[D]         bPixelCenterInteger       :0
[D]         bOriginUpperLeft          :0
[D]         bNeedPatchVerticesIn      :0
[D]         bNeedDenormPreserve       :0
[D]         bHasDfdy                  :0
[D]         bFp16DenormPerserve       :0
[D]         bFp32DenormPerserve       :0
[D]         bFp64DenormPerserve       :0
[D]         bFp16RoundingZero         :0
[D]         bFp32RoundingZero         :0
[D]         bFp64RoundingZero         :0
[D]         bDX9FConstRelative        :0
[D] Dump Input Flags:
[D]         bHasVertexID              :0
[D]         bHasRHW                   :0
[D]         bHasIsFrontFace           :0
[D]         bHasSampleMask            :0
[D]         bHasSampleIndex           :0
[D]         bHasSamplePos             :0
[D]         bHasPosition              :0
[D]         bHasRHWCentroid           :0
[D]         bHasBaseVertexID          :0
[D]         bHasBaseInstanceID        :0
[D]         bHasDrawID                :0
[D]         bHasPrimId                :0
[D]         bHasInstanceID            :0
[D]         bHasShadingRate           :0
[D] Dump Output Flags:
[D]         bHasPointSize             :0
[D]         bHasRTArrayIdx            :0
[D]         bHasClipDistanceSign      :0
[D]         bHasOMask                 :0
[D]         bHasVPArrayIndex          :0
[D]         bHasClipDistance          :0
[D]         bHasPrimId                :0
[D]         bHasEdgeFlag              :0
[D]         bHasPrimShadingRate       :0
[D] 

Dump Input Info:
[D] EntryCount              :1
[D] UsedBitMask             :1
[D] HwVectorCount           :1
[D] Entry 0------------------------------->
[D] Semantic=VARYING_DX10	55
[D] SemanticIndex           :0
[D] HwRegNo                 :4
[D] IoIndex                 :0
[D] ChannelIndex            :0
[D] Used                    :1
[D] bInterpolate            :0
[D] bCentroid               :0
[D] bPerspective            :0
[D] bSampleFreq             :0
[D] bIntVarying             :0
[D] bUIntVarying            :0
[D] bIntpAtCentroid         :0
[D] bIntpAtCenter           :0
[D] bIntpAtOffsetPxPy       :0
[D] bIntpAtSample           :0
[D] b64bits                 :0
[D] bCanPack                :1
[D] ExtendedIndex           :0
[D] Shared                  :0
[D] 

Dump Output Info:
[D] EntryCount              :12
[D] UsedBitMask             :7
[D] HwVectorCount           :3
[D] Entry 0------------------------------->
[D] Semantic=COLOR	8
[D] SemanticIndex           :0
[D] HwRegNo                 :0
[D] IoIndex                 :0
[D] ChannelIndex            :0
[D] Used                    :1
[D] bInterpolate            :0
[D] bCentroid               :0
[D] bPerspective            :0
[D] bSampleFreq             :0
[D] bIntVarying             :0
[D] bUIntVarying            :0
[D] bIntpAtCentroid         :0
[D] bIntpAtCenter           :0
[D] bIntpAtOffsetPxPy       :0
[D] bIntpAtSample           :0
[D] b64bits                 :0
[D] bCanPack                :1
[D] ExtendedIndex           :0
[D] Shared                  :0
[D] Entry 1------------------------------->
[D] Semantic=COLOR	8
[D] SemanticIndex           :0
[D] HwRegNo                 :0
[D] IoIndex                 :0
[D] ChannelIndex            :1
[D] Used                    :1
[D] bInterpolate            :0
[D] bCentroid               :0
[D] bPerspective            :0
[D] bSampleFreq             :0
[D] bIntVarying             :0
[D] bUIntVarying            :0
[D] bIntpAtCentroid         :0
[D] bIntpAtCenter           :0
[D] bIntpAtOffsetPxPy       :0
[D] bIntpAtSample           :0
[D] b64bits                 :0
[D] bCanPack                :1
[D] ExtendedIndex           :0
[D] Shared                  :0
[D] Entry 2------------------------------->
[D] Semantic=COLOR	8
[D] SemanticIndex           :0
[D] HwRegNo                 :0
[D] IoIndex                 :0
[D] ChannelIndex            :2
[D] Used                    :1
[D] bInterpolate            :0
[D] bCentroid               :0
[D] bPerspective            :0
[D] bSampleFreq             :0
[D] bIntVarying             :0
[D] bUIntVarying            :0
[D] bIntpAtCentroid         :0
[D] bIntpAtCenter           :0
[D] bIntpAtOffsetPxPy       :0
[D] bIntpAtSample           :0
[D] b64bits                 :0
[D] bCanPack                :1
[D] ExtendedIndex           :0
[D] Shared                  :0
[D] Entry 3------------------------------->
[D] Semantic=COLOR	8
[D] SemanticIndex           :0
[D] HwRegNo                 :0
[D] IoIndex                 :0
[D] ChannelIndex            :3
[D] Used                    :1
[D] bInterpolate            :0
[D] bCentroid               :0
[D] bPerspective            :0
[D] bSampleFreq             :0
[D] bIntVarying             :0
[D] bUIntVarying            :0
[D] bIntpAtCentroid         :0
[D] bIntpAtCenter           :0
[D] bIntpAtOffsetPxPy       :0
[D] bIntpAtSample           :0
[D] b64bits                 :0
[D] bCanPack                :1
[D] ExtendedIndex           :0
[D] Shared                  :0
[D] Entry 4------------------------------->
[D] Semantic=COLOR	8
[D] SemanticIndex           :1
[D] HwRegNo                 :0
[D] IoIndex                 :1
[D] ChannelIndex            :0
[D] Used                    :1
[D] bInterpolate            :0
[D] bCentroid               :0
[D] bPerspective            :0
[D] bSampleFreq             :0
[D] bIntVarying             :0
[D] bUIntVarying            :0
[D] bIntpAtCentroid         :0
[D] bIntpAtCenter           :0
[D] bIntpAtOffsetPxPy       :0
[D] bIntpAtSample           :0
[D] b64bits                 :0
[D] bCanPack                :1
[D] ExtendedIndex           :0
[D] Shared                  :0
[D] Entry 5------------------------------->
[D] Semantic=COLOR	8
[D] SemanticIndex           :1
[D] HwRegNo                 :0
[D] IoIndex                 :1
[D] ChannelIndex            :1
[D] Used                    :1
[D] bInterpolate            :0
[D] bCentroid               :0
[D] bPerspective            :0
[D] bSampleFreq             :0
[D] bIntVarying             :0
[D] bUIntVarying            :0
[D] bIntpAtCentroid         :0
[D] bIntpAtCenter           :0
[D] bIntpAtOffsetPxPy       :0
[D] bIntpAtSample           :0
[D] b64bits                 :0
[D] bCanPack                :1
[D] ExtendedIndex           :0
[D] Shared                  :0
[D] Entry 6------------------------------->
[D] Semantic=COLOR	8
[D] SemanticIndex           :1
[D] HwRegNo                 :0
[D] IoIndex                 :1
[D] ChannelIndex            :2
[D] Used                    :1
[D] bInterpolate            :0
[D] bCentroid               :0
[D] bPerspective            :0
[D] bSampleFreq             :0
[D] bIntVarying             :0
[D] bUIntVarying            :0
[D] bIntpAtCentroid         :0
[D] bIntpAtCenter           :0
[D] bIntpAtOffsetPxPy       :0
[D] bIntpAtSample           :0
[D] b64bits                 :0
[D] bCanPack                :1
[D] ExtendedIndex           :0
[D] Shared                  :0
[D] Entry 7------------------------------->
[D] Semantic=COLOR	8
[D] SemanticIndex           :1
[D] HwRegNo                 :0
[D] IoIndex                 :1
[D] ChannelIndex            :3
[D] Used                    :1
[D] bInterpolate            :0
[D] bCentroid               :0
[D] bPerspective            :0
[D] bSampleFreq             :0
[D] bIntVarying             :0
[D] bUIntVarying            :0
[D] bIntpAtCentroid         :0
[D] bIntpAtCenter           :0
[D] bIntpAtOffsetPxPy       :0
[D] bIntpAtSample           :0
[D] b64bits                 :0
[D] bCanPack                :1
[D] ExtendedIndex           :0
[D] Shared                  :0
[D] Entry 8------------------------------->
[D] Semantic=COLOR	8
[D] SemanticIndex           :2
[D] HwRegNo                 :0
[D] IoIndex                 :2
[D] ChannelIndex            :0
[D] Used                    :1
[D] bInterpolate            :0
[D] bCentroid               :0
[D] bPerspective            :0
[D] bSampleFreq             :0
[D] bIntVarying             :0
[D] bUIntVarying            :0
[D] bIntpAtCentroid         :0
[D] bIntpAtCenter           :0
[D] bIntpAtOffsetPxPy       :0
[D] bIntpAtSample           :0
[D] b64bits                 :0
[D] bCanPack                :1
[D] ExtendedIndex           :0
[D] Shared                  :0
[D] Entry 9------------------------------->
[D] Semantic=COLOR	8
[D] SemanticIndex           :2
[D] HwRegNo                 :0
[D] IoIndex                 :2
[D] ChannelIndex            :1
[D] Used                    :1
[D] bInterpolate            :0
[D] bCentroid               :0
[D] bPerspective            :0
[D] bSampleFreq             :0
[D] bIntVarying             :0
[D] bUIntVarying            :0
[D] bIntpAtCentroid         :0
[D] bIntpAtCenter           :0
[D] bIntpAtOffsetPxPy       :0
[D] bIntpAtSample           :0
[D] b64bits                 :0
[D] bCanPack                :1
[D] ExtendedIndex           :0
[D] Shared                  :0
[D] Entry 10------------------------------->
[D] Semantic=COLOR	8
[D] SemanticIndex           :2
[D] HwRegNo                 :0
[D] IoIndex                 :2
[D] ChannelIndex            :2
[D] Used                    :1
[D] bInterpolate            :0
[D] bCentroid               :0
[D] bPerspective            :0
[D] bSampleFreq             :0
[D] bIntVarying             :0
[D] bUIntVarying            :0
[D] bIntpAtCentroid         :0
[D] bIntpAtCenter           :0
[D] bIntpAtOffsetPxPy       :0
[D] bIntpAtSample           :0
[D] b64bits                 :0
[D] bCanPack                :1
[D] ExtendedIndex           :0
[D] Shared                  :0
[D] Entry 11------------------------------->
[D] Semantic=COLOR	8
[D] SemanticIndex           :2
[D] HwRegNo                 :0
[D] IoIndex                 :2
[D] ChannelIndex            :3
[D] Used                    :1
[D] bInterpolate            :0
[D] bCentroid               :0
[D] bPerspective            :0
[D] bSampleFreq             :0
[D] bIntVarying             :0
[D] bUIntVarying            :0
[D] bIntpAtCentroid         :0
[D] bIntpAtCenter           :0
[D] bIntpAtOffsetPxPy       :0
[D] bIntpAtSample           :0
[D] b64bits                 :0
[D] bCanPack                :1
[D] ExtendedIndex           :0
[D] Shared                  :0
[D] 

Dump Patch Constant Info:
[D] EntryCount              :0
[D] UsedBitMask             :0
[D] HwVectorCount           :0
[D] Dump Cbv  Info:
[D] ResRangeCount              :0
[D] Dump Srv  Info:
[D] ResRangeCount              :0
[D] Dump Sampler  Info:
[D] ResRangeCount              :0
[D] Dump Uav  Info:
[D]         ResRangeCount              :0
[D] Dump Resource Query  Info:
[D]         TexSizeQueryCnt            :0
[D]         ImgSizeQueryCnt            :0
[D]         TexSamplePosQueryCnt       :0
[D]         OglSsbQueryCnt             :0
[D] Dump Cb Insternal Desc  Info:
[D]         CbInternalUsedMask     :0
[D]         CbInternalDesc Offset     :0
[D]         CbInternalDesc Size       :0
[D]         CbInternalDesc Offset     :0
[D]         CbInternalDesc Size       :0
[D]         CbInternalDesc Offset     :0
[D]         CbInternalDesc Size       :0
[D]         CbInternalDesc Offset     :0
[D]         CbInternalDesc Size       :0
[D]         CbInternalDesc Offset     :0
[D]         CbInternalDesc Size       :0
[D]         CbInternalDesc Offset     :0
[D]         CbInternalDesc Size       :0
[D]         CbInternalDesc Offset     :0
[D]         CbInternalDesc Size       :0
[D]         CbInternalDesc Offset     :0
[D]         CbInternalDesc Size       :0
[D]         CbInternalDesc Offset     :0
[D]         CbInternalDesc Size       :0
[D]         CbInternalDesc Offset     :0
[D]         CbInternalDesc Size       :0
[D]         CbInternalDesc Offset     :0
[D]         CbInternalDesc Size       :0
[D]         CbInternalDesc Offset     :0
[D]         CbInternalDesc Size       :0
[D]         CbInternalDesc Offset     :0
[D]         CbInternalDesc Size       :0
[D]         CbInternalDesc Offset     :0
[D]         CbInternalDesc Size       :0
[D]         CbInternalDesc Offset     :0
[D]         CbInternalDesc Size       :0
[D]         CbInternalDesc Offset     :0
[D]         CbInternalDesc Size       :0
[D]         CbInternalDesc Offset     :0
[D]         CbInternalDesc Size       :0
[D]         CbInternalDesc Offset     :0
[D]         CbInternalDesc Size       :0
[D]         CbInternalDesc Offset     :0
[D]         CbInternalDesc Size       :0
[D] Dump ImmPatch  Info:
[D] Num ImmPatches:
[D] Dump Vulkan Xfb  Info:
[D]         XfbItemCount              :0
[D] Dump Other Shader Info:
[D]         TSharpForCb               :-1
[D]         ViewCount                 :0
[D]         SharedVC                  :0
[D]         SimdMode                  :0
[D]         EuBlendCrf                :0
[D]         OglImageNum               :0
[D]         OglStorageBufferNum       :0
[D]         OutPosEntryIdx            :0
[D]         OutPointSizeEntryIdx      :0
[D]         OutRTArrayIdxEntryIdx     :0
[D]         OutFakeDistSignEntryIdx   :0
[D]         OutVPArrayIdxEntryIdx     :0
[D]         OutputEdgeFlagEntryIdx    :0
[D]         PxPyCount                 :0
[D]         PcCount                   :0
[D]         PMSize                    :0
[D]         DxBufCounterMask          :0
[D]         DxBufCounterResID         :0
[D]         VsNormalAttrCrfStart      :0
[D]         ColorOutputMask           :7
[D]         ConstInfoFlag             :0
[D] PS CrfCount        : 12 ShareMemSize= 0
[D] PS InstrCount        : 30
[D] begin to dump shader code:
[D] --------------------------------------------------------------------------
[D]    PC                         Instruction                                  Content                                                                                             
  0x0000         0x68000000000008f0 0x0000000000000002           EMITC                     o[2].x         ,PDC_0          
  0x0001         0x68000000000008f0 0x0000000000000001           EMITC                     o[1].x         ,PDC_0          
  0x0002         0x68000000000008f0 0x0000000000000000           EMITC                     o[0].x         ,PDC_0          
  0x0003         0x3940400000030004 0x00000f4000000000           ICMPI.s.eq                p4             ,3              ,r4             
  0x0004         0xcb001000001300f4 0x0000400000000000    @p1    BA.ikeep.ds2              .LABEL_0       ,p4             
  0x0005         0x48000000000080f4 0x00000f3000000000               MOV                   p3             ,~p4            
  0x0006         0x48000000000000f4 0x00000f2000000000               MOV                   p2             ,p4             
  0x0007         0x48000000000000f3 0x00000f5000000000           MOV                       p5             ,p3             
  0x0008         0x4b00000000000000 0x00000f3000000000           MOVIMM                    p3             ,0x0            
  0x0009         0x4b00000000000000 0x00000f4000000000           MOVIMM                    p4             ,0x0            
  0x000a         0x3940400000020004 0x00014f6000000000    @p5    ICMPI.s.eq                p6             ,2              ,r4             
  0x000b         0x2f00000000f580f6 0x00014f4000000000    @p5    AND                       p4             ,p5             ,~p6            
  0x000c         0x2f00000000f500f6 0x00014f3000000000    @p5    AND                       p3             ,p5             ,p6             
  0x000d         0x2f00000000f600f5 0x00000f6000000000           AND                       p6             ,p6             ,p5             
  0x000e         0xcb000000000600f6 0x0000400000000000    @p1    BA.ikeep                  .LABEL_1       ,p6             
  0x000f         0x4b00000000000000 0x00000f5000000000           MOVIMM                    p5             ,0x0            
  0x0010         0x3940500000010004 0x00010f6000000000    @p4    ICMPI.s.ne                p6             ,1              ,r4             
  0x0011         0x2f00000000f480f6 0x00010f5000000000    @p4    AND                       p5             ,p4             ,~p6            
  0x0012         0x68000000000008f3 0x3001400000000000    @p5    EMITC                     o[0].xyzw      ,PDC_050F       
  0x0013         0xcb000000000700f4 0x0000400000000000    @p1    BA.ikeep                  .LABEL_2       ,p4             
                 __________________    .LABEL_1:
  0x0014         0x68000000000008f2 0x3000c00000000000    @p3    EMITC                     o[0].xyzw      ,PDC_025F       
  0x0015         0x68000000000008f3 0x3000c00000000001    @p3    EMITC                     o[1].xyzw      ,PDC_050F       
  0x0016         0xcb000000000400f3 0x0000400000000000    @p1    BA.ikeep                  .LABEL_2       ,p3             
                 __________________    .LABEL_0:
  0x0017         0x68000000000008f1 0x3000800000000000    @p2    EMITC                     o[0].xyzw      ,PDC_0125F      
  0x0018         0x68000000000008f2 0x3000800000000001    @p2    EMITC                     o[1].xyzw      ,PDC_025F       
  0x0019         0x68000000000008f3 0x3000800000000002    @p2    EMITC                     o[2].xyzw      ,PDC_050F       
                 __________________    .LABEL_2:
  0x001a         0x68000000000008f0 0x0000200008000002    @!p0   EMITC.rte                 o[2].x         ,PDC_0          
  0x001b         0x68000000000008f0 0x0000200008000001    @!p0   EMITC.rte                 o[1].x         ,PDC_0          
  0x001c         0x68000000000008f0 0x0000200008000000    @!p0   EMITC.rte                 o[0].x         ,PDC_0          
  0x001d         0xc340000000000000 0x0000000000000000           JUMP.ps                   0              
[D] --------------------------------------------------------------------------
