[D] begin to dump hw reg setting in compile arguments:
[D] UsharpBase:   0
[D] MaxUsharpReg: 0
[D] MaxTsharpReg: 0
[D] MaxSsharpReg: 0
[D] MaxCsharpReg: 0
[D] MaxCbReg:     0
[D] ------------------------Begin Dump SC LLVM Module Info------------------------ [0000]
[D] target datalayout = "e-m:e-p:32:32-i1:32-i8:32-i16:32-i32:32-i64:64-f16:32-f32:32-f64:64-n8:16:32:64"
target triple = "dxil-ms-dx"

; Function Attrs: nounwind readnone
declare float @dx.op.loadInput.f32(i32, i32, i32, i8, i32) #0

; Function Attrs: nounwind readnone
declare float @dx.op.unary.f32(i32, float) #0

; Function Attrs: nounwind
declare void @dx.op.storeOutput.f32(i32, i32, i32, i8, float) #1

define void @main() {
  %1 = call float @dx.op.loadInput.f32(i32 4, i32 0, i32 0, i8 0, i32 undef)
  %2 = call float @dx.op.loadInput.f32(i32 4, i32 0, i32 0, i8 1, i32 undef)
  %3 = bitcast i32 0 to float
  %4 = fcmp olt float %3, %1
  %5 = bitcast i32 0 to float
  %6 = fcmp olt float %5, %2
  %7 = select i1 %4, float 1.000000e+00, float 0.000000e+00
  %8 = select i1 %6, float 1.000000e+00, float 0.000000e+00
  %9 = bitcast i32 0 to float
  %10 = fcmp olt float %1, %9
  %11 = bitcast i32 0 to float
  %12 = fcmp olt float %2, %11
  %13 = select i1 %10, float 1.000000e+00, float 0.000000e+00
  %14 = bitcast i32 -1082130432 to float
  %15 = fmul fast float %13, %14
  %16 = select i1 %12, float 1.000000e+00, float 0.000000e+00
  %17 = bitcast i32 -1082130432 to float
  %18 = fmul fast float %16, %17
  %19 = fsub fast float %7, %13
  %20 = fsub fast float %8, %16
  %21 = call float @dx.op.unary.f32(i32 6, float %1)
  %22 = bitcast i32 -1082130432 to float
  %23 = fmul fast float %21, %22
  %24 = call float @dx.op.unary.f32(i32 6, float %2)
  %25 = bitcast i32 -1082130432 to float
  %26 = fmul fast float %24, %25
  %27 = bitcast i32 1065353216 to float
  %28 = fsub fast float %27, %21
  %29 = bitcast i32 1065353216 to float
  %30 = fsub fast float %29, %24
  %31 = call float @dx.op.unary.f32(i32 24, float %28)
  %32 = call float @dx.op.unary.f32(i32 24, float %30)
  %33 = bitcast i32 -1128162721 to float
  %34 = fmul fast float %21, %33
  %35 = bitcast i32 -1128162721 to float
  %36 = fmul fast float %24, %35
  %37 = bitcast i32 1034325383 to float
  %38 = fadd fast float %37, %34
  %39 = bitcast i32 1034325383 to float
  %40 = fadd fast float %39, %36
  %41 = fmul fast float %21, %38
  %42 = fmul fast float %24, %40
  %43 = bitcast i32 -1101283180 to float
  %44 = fadd fast float %43, %41
  %45 = bitcast i32 -1101283180 to float
  %46 = fadd fast float %45, %42
  %47 = fmul fast float %21, %44
  %48 = fmul fast float %24, %46
  %49 = bitcast i32 1070141403 to float
  %50 = fadd fast float %49, %47
  %51 = bitcast i32 1070141403 to float
  %52 = fadd fast float %51, %48
  %53 = fmul fast float %31, %50
  %54 = bitcast i32 -1082130432 to float
  %55 = fmul fast float %53, %54
  %56 = fmul fast float %32, %52
  %57 = bitcast i32 -1082130432 to float
  %58 = fmul fast float %56, %57
  %59 = bitcast i32 1070141403 to float
  %60 = fsub fast float %59, %53
  %61 = bitcast i32 1070141403 to float
  %62 = fsub fast float %61, %56
  %63 = fmul fast float %19, %60
  %64 = bitcast i32 -1082130432 to float
  %65 = fmul fast float %63, %64
  %66 = fmul fast float %20, %62
  %67 = bitcast i32 -1082130432 to float
  %68 = fmul fast float %66, %67
  %69 = bitcast i32 1070141403 to float
  %70 = fsub fast float %69, %63
  %71 = bitcast i32 1070141403 to float
  %72 = fsub fast float %71, %66
  call void @dx.op.storeOutput.f32(i32 5, i32 0, i32 0, i8 0, float %70)
  call void @dx.op.storeOutput.f32(i32 5, i32 0, i32 0, i8 1, float %72)
  ret void
}

attributes #0 = { nounwind readnone }
attributes #1 = { nounwind }

!llvm.ident = !{!0}
!dx.version = !{!1}
!dx.valver = !{!2}
!dx.shaderModel = !{!3}
!dx.typeAnnotations = !{!4}
!dx.entryPoints = !{!8}
!dx.source.contents = !{!16, !17, !18}
!dx.vk.xfb = !{}

!0 = !{!"Mesa version 22.04@release"}
!1 = !{i32 1, i32 1}
!2 = !{i32 1, i32 4}
!3 = !{!"vs", i32 6, i32 1}
!4 = !{i32 1, void ()* @main, !5}
!5 = !{!6}
!6 = !{i32 0, !7, !7}
!7 = !{}
!8 = !{void ()* @main, !"main", !9, null, !15}
!9 = !{!10, !13, null}
!10 = !{!11}
!11 = !{i32 0, !"TEXCOORD", i8 9, i8 0, !12, i8 0, i32 1, i8 2, i32 0, i8 0, !7}
!12 = !{i32 0}
!13 = !{!14}
!14 = !{i32 0, !"TEXCOORD", i8 9, i8 0, !12, i8 2, i32 1, i8 2, i32 0, i8 0, !7}
!15 = !{i32 0, i64 1048576}
!16 = !{!"num_images", i32 0}
!17 = !{!"num_ssbos", i32 0}
!18 = !{!"float_controls_execution_mode", i32 0}


[D] CrfCntForInput equals CrfCount + HW_REG_START
[D] CrfCntForInput for VS push mode: 8
[D] ------------------------Begin Dump SC Shader Info------------------------ [0000]
[D] SCShaderVersion:                  :97
[D] SCShaderType:                     :0
[D] Dump Shader Flags:
[D]         bOutputDepth              :0
[D]         bOutputStencil            :0
[D]         bTexKill                  :0
[D]         bDiscard                  :0
[D]         bOutputMask               :0
[D]         bHasSampleFreqInput       :0
[D]         bHasPointCoord            :0
[D]         bHasEmitMask              :0
[D]         bHasEmitAlpha              :0
[D]         bPackWL                   :0
[D]         bPackWC                   :0
[D]         bNeedLinearW              :0
[D]         bNeedCentroidW            :0
[D]         bPosCentroid              :0
[D]         bFlatShading              :0
[D]         bConservativeDepth        :0
[D]         bConservativeDepthMode    :0
[D]         bForceEarlyDepthStencil   :0
[D]         bLSBuffer                 :0
[D]         bNeedPatchMovimm          :0
[D]         bHwCbMode                 :1
[D]         bMapImageToTSharp         :0
[D]         bPackFaceId               :0
[D]         bPackSampleId             :0
[D]         bPackPrimId               :0
[D]         bHasSampleLd2DMS          :0
[D]         bIntpAtSample             :0
[D]         bHasGMFlush               :0
[D]         bHasDouble                :0
[D]         bPixelCenterInteger       :0
[D]         bOriginUpperLeft          :0
[D]         bNeedPatchVerticesIn      :0
[D]         bNeedDenormPreserve       :0
[D]         bHasDfdy                  :0
[D]         bFp16DenormPerserve       :0
[D]         bFp32DenormPerserve       :0
[D]         bFp64DenormPerserve       :0
[D]         bFp16RoundingZero         :0
[D]         bFp32RoundingZero         :0
[D]         bFp64RoundingZero         :0
[D]         bDX9FConstRelative        :0
[D] Dump Input Flags:
[D]         bHasVertexID              :0
[D]         bHasRHW                   :0
[D]         bHasIsFrontFace           :0
[D]         bHasSampleMask            :0
[D]         bHasSampleIndex           :0
[D]         bHasSamplePos             :0
[D]         bHasPosition              :0
[D]         bHasRHWCentroid           :0
[D]         bHasBaseVertexID          :0
[D]         bHasBaseInstanceID        :0
[D]         bHasDrawID                :0
[D]         bHasPrimId                :0
[D]         bHasInstanceID            :0
[D]         bHasShadingRate           :0
[D] Dump Output Flags:
[D]         bHasPointSize             :0
[D]         bHasRTArrayIdx            :0
[D]         bHasClipDistanceSign      :0
[D]         bHasOMask                 :0
[D]         bHasVPArrayIndex          :0
[D]         bHasClipDistance          :0
[D]         bHasPrimId                :0
[D]         bHasEdgeFlag              :0
[D]         bHasPrimShadingRate       :0
[D] 

Dump Input Info:
[D] EntryCount              :2
[D] UsedBitMask             :1
[D] HwVectorCount           :1
[D] Entry 0------------------------------->
[D] Semantic=VARYING_DX10	55
[D] SemanticIndex           :0
[D] HwRegNo                 :4
[D] IoIndex                 :0
[D] ChannelIndex            :0
[D] Used                    :1
[D] bInterpolate            :0
[D] bCentroid               :0
[D] bPerspective            :0
[D] bSampleFreq             :0
[D] bIntVarying             :0
[D] bUIntVarying            :0
[D] bIntpAtCentroid         :0
[D] bIntpAtCenter           :0
[D] bIntpAtOffsetPxPy       :0
[D] bIntpAtSample           :0
[D] b64bits                 :0
[D] bCanPack                :1
[D] ExtendedIndex           :0
[D] Shared                  :0
[D] Entry 1------------------------------->
[D] Semantic=VARYING_DX10	55
[D] SemanticIndex           :0
[D] HwRegNo                 :5
[D] IoIndex                 :0
[D] ChannelIndex            :1
[D] Used                    :1
[D] bInterpolate            :0
[D] bCentroid               :0
[D] bPerspective            :0
[D] bSampleFreq             :0
[D] bIntVarying             :0
[D] bUIntVarying            :0
[D] bIntpAtCentroid         :0
[D] bIntpAtCenter           :0
[D] bIntpAtOffsetPxPy       :0
[D] bIntpAtSample           :0
[D] b64bits                 :0
[D] bCanPack                :1
[D] ExtendedIndex           :0
[D] Shared                  :0
[D] 

Dump Output Info:
[D] EntryCount              :2
[D] UsedBitMask             :1
[D] HwVectorCount           :1
[D] Entry 0------------------------------->
[D] Semantic=VARYING_DX10	55
[D] SemanticIndex           :0
[D] HwRegNo                 :0
[D] IoIndex                 :0
[D] ChannelIndex            :0
[D] Used                    :1
[D] bInterpolate            :1
[D] bCentroid               :0
[D] bPerspective            :1
[D] bSampleFreq             :0
[D] bIntVarying             :0
[D] bUIntVarying            :0
[D] bIntpAtCentroid         :0
[D] bIntpAtCenter           :0
[D] bIntpAtOffsetPxPy       :0
[D] bIntpAtSample           :0
[D] b64bits                 :0
[D] bCanPack                :1
[D] ExtendedIndex           :0
[D] Shared                  :0
[D] Entry 1------------------------------->
[D] Semantic=VARYING_DX10	55
[D] SemanticIndex           :0
[D] HwRegNo                 :0
[D] IoIndex                 :0
[D] ChannelIndex            :1
[D] Used                    :1
[D] bInterpolate            :1
[D] bCentroid               :0
[D] bPerspective            :1
[D] bSampleFreq             :0
[D] bIntVarying             :0
[D] bUIntVarying            :0
[D] bIntpAtCentroid         :0
[D] bIntpAtCenter           :0
[D] bIntpAtOffsetPxPy       :0
[D] bIntpAtSample           :0
[D] b64bits                 :0
[D] bCanPack                :1
[D] ExtendedIndex           :0
[D] Shared                  :0
[D] 

Dump Patch Constant Info:
[D] EntryCount              :0
[D] UsedBitMask             :0
[D] HwVectorCount           :0
[D] Dump Cbv  Info:
[D] ResRangeCount              :0
[D] Dump Srv  Info:
[D] ResRangeCount              :0
[D] Dump Sampler  Info:
[D] ResRangeCount              :0
[D] Dump Uav  Info:
[D]         ResRangeCount              :0
[D] Dump Resource Query  Info:
[D]         TexSizeQueryCnt            :0
[D]         ImgSizeQueryCnt            :0
[D]         TexSamplePosQueryCnt       :0
[D]         OglSsbQueryCnt             :0
[D] Dump Cb Insternal Desc  Info:
[D]         CbInternalUsedMask     :0
[D]         CbInternalDesc Offset     :0
[D]         CbInternalDesc Size       :0
[D]         CbInternalDesc Offset     :0
[D]         CbInternalDesc Size       :0
[D]         CbInternalDesc Offset     :0
[D]         CbInternalDesc Size       :0
[D]         CbInternalDesc Offset     :0
[D]         CbInternalDesc Size       :0
[D]         CbInternalDesc Offset     :0
[D]         CbInternalDesc Size       :0
[D]         CbInternalDesc Offset     :0
[D]         CbInternalDesc Size       :0
[D]         CbInternalDesc Offset     :0
[D]         CbInternalDesc Size       :0
[D]         CbInternalDesc Offset     :0
[D]         CbInternalDesc Size       :0
[D]         CbInternalDesc Offset     :0
[D]         CbInternalDesc Size       :0
[D]         CbInternalDesc Offset     :0
[D]         CbInternalDesc Size       :0
[D]         CbInternalDesc Offset     :0
[D]         CbInternalDesc Size       :0
[D]         CbInternalDesc Offset     :0
[D]         CbInternalDesc Size       :0
[D]         CbInternalDesc Offset     :0
[D]         CbInternalDesc Size       :0
[D]         CbInternalDesc Offset     :0
[D]         CbInternalDesc Size       :0
[D]         CbInternalDesc Offset     :0
[D]         CbInternalDesc Size       :0
[D]         CbInternalDesc Offset     :0
[D]         CbInternalDesc Size       :0
[D]         CbInternalDesc Offset     :0
[D]         CbInternalDesc Size       :0
[D]         CbInternalDesc Offset     :0
[D]         CbInternalDesc Size       :0
[D]         CbInternalDesc Offset     :0
[D]         CbInternalDesc Size       :0
[D] Dump ImmPatch  Info:
[D] Num ImmPatches:
[D] Dump Vulkan Xfb  Info:
[D]         XfbItemCount              :0
[D] Dump Other Shader Info:
[D]         TSharpForCb               :-1
[D]         ViewCount                 :0
[D]         SharedVC                  :0
[D]         SimdMode                  :0
[D]         EuBlendCrf                :0
[D]         OglImageNum               :0
[D]         OglStorageBufferNum       :0
[D]         OutPosEntryIdx            :0
[D]         OutPointSizeEntryIdx      :0
[D]         OutRTArrayIdxEntryIdx     :0
[D]         OutFakeDistSignEntryIdx   :0
[D]         OutVPArrayIdxEntryIdx     :0
[D]         OutputEdgeFlagEntryIdx    :0
[D]         PxPyCount                 :0
[D]         PcCount                   :0
[D]         PMSize                    :0
[D]         DxBufCounterMask          :0
[D]         DxBufCounterResID         :0
[D]         VsNormalAttrCrfStart      :4
[D]         ConstInfoFlag             :0
[D] VS CrfCount        : 12 ShareMemSize= 0
[D] VS InstrCount        : 24
[D] begin to dump shader code:
[D] --------------------------------------------------------------------------
[D]    PC                         Instruction                                  Content                                                                                             
  0x0000         0x2800000008f00004 0x00000f2000000000           FCMP.gt                   p2             ,PDC_0          ,r4             
  0x0001         0x2800000008f00005 0x00000f3000000000           FCMP.gt                   p3             ,PDC_0          ,r5             
  0x0002         0x208000f208f408f0 0x0000000000000000           SEL.fp                    r0             ,p2             ,PDC_1F         ,PDC_0          
  0x0003         0x208000f308f408f0 0x0000001000000000           SEL.fp                    r1             ,p3             ,PDC_1F         ,PDC_0          
  0x0004         0x2800200008f00004 0x00000f2000000000           FCMP.lt                   p2             ,PDC_0          ,r4             
  0x0005         0x2800200008f00005 0x00000f3000000000           FCMP.lt                   p3             ,PDC_0          ,r5             
  0x0006         0x208000f208f408f0 0x0000002000000000           SEL.fp                    r2             ,p2             ,PDC_1F         ,PDC_0          
  0x0007         0x208000f308f408f0 0x0000003000000000           SEL.fp                    r3             ,p3             ,PDC_1F         ,PDC_0          
  0x0008         0x0304000080000002 0x1000000000000000           FADD.rp1                  r0             ,-r0            ,r2             
  0x0009         0x0300000008f4c004 0x8a200ff020000000           FADD                      void           ,PDC_1F         ,-|r4|          
                                                                +SQRT                      r2             ,fwd            
  0x000a         0x0300000008f4c005 0x8a200ff030000000           FADD                      void           ,PDC_1F         ,-|r5|          
                                                                +SQRT                      r3             ,fwd            
  0x000b         0x4b0000003da68d87 0x0000006000000000           MOVIMM                    r6             ,0x3da68d87     
  0x000c         0x4b000000bcc19a5f 0x0000007000000000           MOVIMM                    r7             ,0xbcc19a5f     
  0x000d         0x0120000600074004 0x0004008000000000           MAD.crf3.dly1             r8             ,r6             ,r7             ,|r4|           
  0x000e         0x0120000600074005 0x0000006000000000           MAD.crf3                  r6             ,r6             ,r7             ,|r5|           
  0x000f         0x4b000000be5bc094 0x0000007000000000           MOVIMM                    r7             ,0xbe5bc094     
  0x0010         0x0120000700084004 0x0004008000000000           MAD.crf3.dly1             r8             ,r7             ,r8             ,|r4|           
  0x0011         0x0120000700064005 0x0000006000000000           MAD.crf3                  r6             ,r7             ,r6             ,|r5|           
  0x0012         0x4b0000003fc90fdb 0x0000007000000000           MOVIMM                    r7             ,0x3fc90fdb     
  0x0013         0x0120000700084004 0x0004004000000000           MAD.crf3.dly1             r4             ,r7             ,r8             ,|r4|           
  0x0014         0x0120000700064005 0x0000005000000000           MAD.crf3                  r5             ,r7             ,r6             ,|r5|           
  0x0015         0x0120200700048002 0x1000002000000000           MAD.crf3.rp1              r2             ,r7.rp0         ,r4             ,-r2            
  0x0016         0x0120200700020000 0x960000000c000000           MAD.crf3.rp1              r0             ,r7.rp0         ,r2             ,r0             
                                                                +EMITF.ve                  vso[0].xy      ,fwd            
  0x0017         0xc300000000000000 0x0000000000000000           JUMP                      0              
[D] --------------------------------------------------------------------------
