[D] begin to dump hw reg setting in compile arguments:
[D] UsharpBase:   0
[D] MaxUsharpReg: 0
[D] MaxTsharpReg: 0
[D] MaxSsharpReg: 0
[D] MaxCsharpReg: 0
[D] MaxCbReg:     0
[D] ------------------------Begin Dump SC LLVM Module Info------------------------ [0000]
[D] target datalayout = "e-m:e-p:32:32-i1:32-i8:32-i16:32-i32:32-i64:64-f16:32-f32:32-f64:64-n8:16:32:64"
target triple = "dxil-ms-dx"

%dx.types.Handle = type { i8* }
%dx.types.CBufRet.i32 = type { i32, i32, i32, i32 }
%__ubo0 = type { [16 x float] } ; 3个Uniform变量 一个out 变量
 
; Function Attrs: nounwind readonly
declare %dx.types.Handle @dx.op.createHandle(i32, i8, i32, i32, i1) #0

; Function Attrs: nounwind readonly
declare %dx.types.CBufRet.i32 @dx.extop.cbufferLoadLegacy.i32(i32, %dx.types.Handle, i32) #0

; Function Attrs: nounwind
declare void @dx.op.storeOutput.f32(i32, i32, i32, i8, float) #1

define void @main() {
  %1 = call %dx.types.Handle @dx.op.createHandle(i32 57, i8 2, i32 0, i32 0, i1 false)
  ;                                                              缓冲区索引   指针               加载的数据在缓冲区中的偏移量
  %2 = call %dx.types.CBufRet.i32 @dx.extop.cbufferLoadLegacy.i32(i32 275, %dx.types.Handle %1, i32 12)  ; 
  %3 = extractvalue %dx.types.CBufRet.i32 %2, 0
  %4 = extractvalue %dx.types.CBufRet.i32 %2, 1
  %5 = extractvalue %dx.types.CBufRet.i32 %2, 2
  %6 = extractvalue %dx.types.CBufRet.i32 %2, 3
  %7 = and i32 %3, 1073741823 ;  第一个分量 高位上2位清零 低30位保留  这个值本来就很小 , 高位清0 根本不影响 

  %8 = call %dx.types.CBufRet.i32 @dx.extop.cbufferLoadLegacy.i32(i32 275, %dx.types.Handle %1, i32 %7)
  %9 = extractvalue %dx.types.CBufRet.i32 %8, 0
  %10 = extractvalue %dx.types.CBufRet.i32 %8, 1
  %11 = extractvalue %dx.types.CBufRet.i32 %8, 2
  %12 = extractvalue %dx.types.CBufRet.i32 %8, 3
  %13 = icmp eq i32 %9, 0  ;  %9 is true or flase

  %14 = call %dx.types.CBufRet.i32 @dx.extop.cbufferLoadLegacy.i32(i32 275, %dx.types.Handle %1, i32 4) ; 5,6,7,8
  %15 = extractvalue %dx.types.CBufRet.i32 %14, 0
  %16 = extractvalue %dx.types.CBufRet.i32 %14, 1
  %17 = extractvalue %dx.types.CBufRet.i32 %14, 2
  %18 = extractvalue %dx.types.CBufRet.i32 %14, 3

  %19 = call %dx.types.CBufRet.i32 @dx.extop.cbufferLoadLegacy.i32(i32 275, %dx.types.Handle %1, i32 8); 9,10,11,12
  %20 = extractvalue %dx.types.CBufRet.i32 %19, 0
  %21 = extractvalue %dx.types.CBufRet.i32 %19, 1
  %22 = extractvalue %dx.types.CBufRet.i32 %19, 2
  %23 = extractvalue %dx.types.CBufRet.i32 %19, 3

  %24 = bitcast i32 %15 to float
  %25 = bitcast i32 %20 to float

  %26 = fadd fast float %24, %25

  
  %27 = bitcast i32 %16 to float
  %28 = bitcast i32 %21 to float
  %29 = fadd fast float %27, %28
  %30 = bitcast i32 %17 to float
  %31 = bitcast i32 %22 to float
  %32 = fadd fast float %30, %31
  %33 = bitcast i32 %18 to float
  %34 = bitcast i32 %23 to float
  %35 = fadd fast float %33, %34
  %36 = bitcast i32 %15 to float
  %37 = bitcast i32 %20 to float
  %38 = fmul fast float %36, %37
  %39 = bitcast i32 %16 to float
  %40 = bitcast i32 %21 to float
  %41 = fmul fast float %39, %40
  %42 = bitcast i32 %17 to float
  %43 = bitcast i32 %22 to float
  %44 = fmul fast float %42, %43
  %45 = bitcast i32 %18 to float
  %46 = bitcast i32 %23 to float
  %47 = fmul fast float %45, %46
  %48 = bitcast float %26 to i32
  %49 = bitcast float %38 to i32
  %50 = select i1 %13, i32 %48, i32 %49
  %51 = bitcast float %29 to i32
  %52 = bitcast float %41 to i32
  %53 = select i1 %13, i32 %51, i32 %52
  %54 = bitcast float %32 to i32
  %55 = bitcast float %44 to i32
  %56 = select i1 %13, i32 %54, i32 %55
  %57 = bitcast float %35 to i32
  %58 = bitcast float %47 to i32
  %59 = select i1 %13, i32 %57, i32 %58
  %60 = bitcast i32 %50 to float
  call void @dx.op.storeOutput.f32(i32 5, i32 0, i32 0, i8 0, float %60)
  %61 = bitcast i32 %53 to float
  call void @dx.op.storeOutput.f32(i32 5, i32 0, i32 0, i8 1, float %61)
  %62 = bitcast i32 %56 to float
  call void @dx.op.storeOutput.f32(i32 5, i32 0, i32 0, i8 2, float %62)
  %63 = bitcast i32 %59 to float
  call void @dx.op.storeOutput.f32(i32 5, i32 0, i32 0, i8 3, float %63)
  ret void
}

attributes #0 = { nounwind readonly }
attributes #1 = { nounwind }

!llvm.ident = !{!0}
!dx.version = !{!1}
!dx.valver = !{!2}
!dx.shaderModel = !{!3}
!dx.resources = !{!4}
!dx.typeAnnotations = !{!7}
!dx.entryPoints = !{!11}
!dx.source.contents = !{!17, !18, !19}
!dx.vk.xfb = !{}

!0 = !{!"Mesa version 22.04@release"}
!1 = !{i32 1, i32 1}
!2 = !{i32 1, i32 4}
!3 = !{!"vs", i32 6, i32 1}
!4 = !{null, null, !5, null}
!5 = !{!6}
!6 = !{i32 0, %__ubo0* undef, !"__ubo0", i32 0, i32 0, i32 1, i32 64, null}
!7 = !{i32 1, void ()* @main, !8}
!8 = !{!9}
!9 = !{i32 0, !10, !10}
!10 = !{}
!11 = !{void ()* @main, !"main", !12, !4, !16}
!12 = !{null, !13, null}
!13 = !{!14}
!14 = !{i32 0, !"TEXCOORD", i8 9, i8 0, !15, i8 2, i32 1, i8 4, i32 0, i8 0, !10}
!15 = !{i32 0}
!16 = !{i32 0, i64 1048576}
!17 = !{!"num_images", i32 0}
!18 = !{!"num_ssbos", i32 0}
!19 = !{!"float_controls_execution_mode", i32 0}


[D] ------------------------Begin Dump SC Shader Info------------------------ [0000]
[D] SCShaderVersion:                  :97
[D] SCShaderType:                     :0
[D] Dump Shader Flags:
[D]         bOutputDepth              :0
[D]         bOutputStencil            :0
[D]         bTexKill                  :0
[D]         bDiscard                  :0
[D]         bOutputMask               :0
[D]         bHasSampleFreqInput       :0
[D]         bHasPointCoord            :0
[D]         bHasEmitMask              :0
[D]         bHasEmitAlpha              :0
[D]         bPackWL                   :0
[D]         bPackWC                   :0
[D]         bNeedLinearW              :0
[D]         bNeedCentroidW            :0
[D]         bPosCentroid              :0
[D]         bFlatShading              :0
[D]         bConservativeDepth        :0
[D]         bConservativeDepthMode    :0
[D]         bForceEarlyDepthStencil   :0
[D]         bLSBuffer                 :0
[D]         bNeedPatchMovimm          :0
[D]         bHwCbMode                 :1
[D]         bMapImageToTSharp         :0
[D]         bPackFaceId               :0
[D]         bPackSampleId             :0
[D]         bPackPrimId               :0
[D]         bHasSampleLd2DMS          :0
[D]         bIntpAtSample             :0
[D]         bHasGMFlush               :0
[D]         bHasDouble                :0
[D]         bPixelCenterInteger       :0
[D]         bOriginUpperLeft          :0
[D]         bNeedPatchVerticesIn      :0
[D]         bNeedDenormPreserve       :0
[D]         bHasDfdy                  :0
[D]         bFp16DenormPerserve       :0
[D]         bFp32DenormPerserve       :0
[D]         bFp64DenormPerserve       :0
[D]         bFp16RoundingZero         :0
[D]         bFp32RoundingZero         :0
[D]         bFp64RoundingZero         :0
[D]         bDX9FConstRelative        :0
[D] Dump Input Flags:
[D]         bHasVertexID              :0
[D]         bHasRHW                   :0
[D]         bHasIsFrontFace           :0
[D]         bHasSampleMask            :0
[D]         bHasSampleIndex           :0
[D]         bHasSamplePos             :0
[D]         bHasPosition              :0
[D]         bHasRHWCentroid           :0
[D]         bHasBaseVertexID          :0
[D]         bHasBaseInstanceID        :0
[D]         bHasDrawID                :0
[D]         bHasPrimId                :0
[D]         bHasInstanceID            :0
[D]         bHasShadingRate           :0
[D] Dump Output Flags:
[D]         bHasPointSize             :0
[D]         bHasRTArrayIdx            :0
[D]         bHasClipDistanceSign      :0
[D]         bHasOMask                 :0
[D]         bHasVPArrayIndex          :0
[D]         bHasClipDistance          :0
[D]         bHasPrimId                :0
[D]         bHasEdgeFlag              :0
[D]         bHasPrimShadingRate       :0
[D] 

Dump Input Info:
[D] EntryCount              :0
[D] UsedBitMask             :0
[D] HwVectorCount           :0
[D] 

Dump Output Info:
[D] EntryCount              :4
[D] UsedBitMask             :1
[D] HwVectorCount           :1
[D] Entry 0------------------------------->
[D] Semantic=VARYING_DX10	55
[D] SemanticIndex           :0
[D] HwRegNo                 :0
[D] IoIndex                 :0
[D] ChannelIndex            :0
[D] Used                    :1
[D] bInterpolate            :1
[D] bCentroid               :0
[D] bPerspective            :1
[D] bSampleFreq             :0
[D] bIntVarying             :0
[D] bUIntVarying            :0
[D] bIntpAtCentroid         :0
[D] bIntpAtCenter           :0
[D] bIntpAtOffsetPxPy       :0
[D] bIntpAtSample           :0
[D] b64bits                 :0
[D] bCanPack                :1
[D] ExtendedIndex           :0
[D] Shared                  :0
[D] Entry 1------------------------------->
[D] Semantic=VARYING_DX10	55
[D] SemanticIndex           :0
[D] HwRegNo                 :0
[D] IoIndex                 :0
[D] ChannelIndex            :1
[D] Used                    :1
[D] bInterpolate            :1
[D] bCentroid               :0
[D] bPerspective            :1
[D] bSampleFreq             :0
[D] bIntVarying             :0
[D] bUIntVarying            :0
[D] bIntpAtCentroid         :0
[D] bIntpAtCenter           :0
[D] bIntpAtOffsetPxPy       :0
[D] bIntpAtSample           :0
[D] b64bits                 :0
[D] bCanPack                :1
[D] ExtendedIndex           :0
[D] Shared                  :0
[D] Entry 2------------------------------->
[D] Semantic=VARYING_DX10	55
[D] SemanticIndex           :0
[D] HwRegNo                 :0
[D] IoIndex                 :0
[D] ChannelIndex            :2
[D] Used                    :1
[D] bInterpolate            :1
[D] bCentroid               :0
[D] bPerspective            :1
[D] bSampleFreq             :0
[D] bIntVarying             :0
[D] bUIntVarying            :0
[D] bIntpAtCentroid         :0
[D] bIntpAtCenter           :0
[D] bIntpAtOffsetPxPy       :0
[D] bIntpAtSample           :0
[D] b64bits                 :0
[D] bCanPack                :1
[D] ExtendedIndex           :0
[D] Shared                  :0
[D] Entry 3------------------------------->
[D] Semantic=VARYING_DX10	55
[D] SemanticIndex           :0
[D] HwRegNo                 :0
[D] IoIndex                 :0
[D] ChannelIndex            :3
[D] Used                    :1
[D] bInterpolate            :1
[D] bCentroid               :0
[D] bPerspective            :1
[D] bSampleFreq             :0
[D] bIntVarying             :0
[D] bUIntVarying            :0
[D] bIntpAtCentroid         :0
[D] bIntpAtCenter           :0
[D] bIntpAtOffsetPxPy       :0
[D] bIntpAtSample           :0
[D] b64bits                 :0
[D] bCanPack                :1
[D] ExtendedIndex           :0
[D] Shared                  :0
[D] 

Dump Patch Constant Info:
[D] EntryCount              :0
[D] UsedBitMask             :0
[D] HwVectorCount           :0
[D] Dump Cbv  Info:
[D] ResRangeCount              :1
[D]         ResRangeID                 :0
[D]         ResIndex                   :0
[D]         ResCount                   :1
[D]         HwRegNo                    :0
[D]         ResKind                    :0
[D]         ComponentType              :0
[D]         HeapIndex                  :0
[D]         SpaceID                    :0
[D]         SpaceID                    :0
[D]         Reduction                  :0
[D]         GlobalCoherent             :0
[D]         Rov                        :0
[D]         MappedToTSharp             :0
[D]         BufSize                    :64
[D]         StartInCb                  :0
[D] Dump Srv  Info:
[D] ResRangeCount              :0
[D] Dump Sampler  Info:
[D] ResRangeCount              :0
[D] Dump Uav  Info:
[D]         ResRangeCount              :0
[D] Dump Resource Query  Info:
[D]         TexSizeQueryCnt            :0
[D]         ImgSizeQueryCnt            :0
[D]         TexSamplePosQueryCnt       :0
[D]         OglSsbQueryCnt             :0
[D] Dump Cb Insternal Desc  Info:
[D]         CbInternalUsedMask     :0
[D]         CbInternalDesc Offset     :0
[D]         CbInternalDesc Size       :0
[D]         CbInternalDesc Offset     :0
[D]         CbInternalDesc Size       :0
[D]         CbInternalDesc Offset     :0
[D]         CbInternalDesc Size       :0
[D]         CbInternalDesc Offset     :0
[D]         CbInternalDesc Size       :0
[D]         CbInternalDesc Offset     :0
[D]         CbInternalDesc Size       :0
[D]         CbInternalDesc Offset     :0
[D]         CbInternalDesc Size       :0
[D]         CbInternalDesc Offset     :0
[D]         CbInternalDesc Size       :0
[D]         CbInternalDesc Offset     :0
[D]         CbInternalDesc Size       :0
[D]         CbInternalDesc Offset     :0
[D]         CbInternalDesc Size       :0
[D]         CbInternalDesc Offset     :0
[D]         CbInternalDesc Size       :0
[D]         CbInternalDesc Offset     :0
[D]         CbInternalDesc Size       :0
[D]         CbInternalDesc Offset     :0
[D]         CbInternalDesc Size       :0
[D]         CbInternalDesc Offset     :0
[D]         CbInternalDesc Size       :0
[D]         CbInternalDesc Offset     :0
[D]         CbInternalDesc Size       :0
[D]         CbInternalDesc Offset     :0
[D]         CbInternalDesc Size       :0
[D]         CbInternalDesc Offset     :0
[D]         CbInternalDesc Size       :0
[D]         CbInternalDesc Offset     :0
[D]         CbInternalDesc Size       :0
[D]         CbInternalDesc Offset     :0
[D]         CbInternalDesc Size       :0
[D]         CbInternalDesc Offset     :0
[D]         CbInternalDesc Size       :0
[D] Dump ImmPatch  Info:
[D] Num ImmPatches:
[D] Dump Vulkan Xfb  Info:
[D]         XfbItemCount              :0
[D] Dump Other Shader Info:
[D]         TSharpForCb               :-1
[D]         ViewCount                 :0
[D]         SharedVC                  :0
[D]         SimdMode                  :0
[D]         EuBlendCrf                :0
[D]         OglImageNum               :0
[D]         OglStorageBufferNum       :0
[D]         OutPosEntryIdx            :0
[D]         OutPointSizeEntryIdx      :0
[D]         OutRTArrayIdxEntryIdx     :0
[D]         OutFakeDistSignEntryIdx   :0
[D]         OutVPArrayIdxEntryIdx     :0
[D]         OutputEdgeFlagEntryIdx    :0
[D]         PxPyCount                 :0
[D]         PcCount                   :0
[D]         PMSize                    :0
[D]         DxBufCounterMask          :0
[D]         DxBufCounterResID         :0
[D]         VsNormalAttrCrfStart      :4
[D]         ConstInfoFlag             :0
[D] VS CrfCount        : 8 ShareMemSize= 0
[D] VS InstrCount        : 11
[D] begin to dump shader code:
[D] --------------------------------------------------------------------------
[D]    PC                         Instruction                                  Content                                                                                             
  0x0000         0x480000000000100c 0x0000000000000000           MOV                       r0             ,cb12           
  0x0001         0x4800000000001800 0x0004000000000000           MOV.dly1                  r0             ,cb[r0]         
  0x0002         0x3940400000000000 0x00040f2000000000           ICMPI.s.eq.dly1           p2             ,0              ,r0             
  0x0003         0x4800000000001008 0x3000000000000000           MOV.rp3                   r0             ,cb8            
  0x0004         0x0300000000001004 0x3000004000000000           FADD.rp3                  r4             ,r0             ,cb4            
  0x0005         0x0200000000001004 0x3000000000000000           FMUL.rp3                  r0             ,r0             ,cb4            
  0x0006         0x204000f200040000 0x86000ff004000000           SEL.s                     void           ,p2             ,r4             ,r0             
                                                                +EMITF                     vso[0].x       ,fwd            
  0x0007         0x204000f200050001 0x86000ff005000000           SEL.s                     void           ,p2             ,r5             ,r1             
                                                                +EMITF                     vso[0].y       ,fwd            
  0x0008         0x204000f200060002 0x86000ff006000000           SEL.s                     void           ,p2             ,r6             ,r2             
                                                                +EMITF                     vso[0].z       ,fwd            
  0x0009         0x204000f200070003 0x86000ff00f000000           SEL.s                     void           ,p2             ,r7             ,r3             
                                                                +EMITF.ve                  vso[0].w       ,fwd            
  0x000a         0xc300000000000000 0x0000000000000000           JUMP                      0              
[D] --------------------------------------------------------------------------
