[D] begin to dump hw reg setting in compile arguments:
[D] UsharpBase:   0
[D] MaxUsharpReg: 0
[D] MaxTsharpReg: 0
[D] MaxSsharpReg: 0
[D] MaxCsharpReg: 0
[D] MaxCbReg:     0
[D] ------------------------Begin Dump SC LLVM Module Info------------------------ [0000]
[D] target datalayout = "e-m:e-p:32:32-i1:32-i8:32-i16:32-i32:32-i64:64-f16:32-f32:32-f64:64-n8:16:32:64"
target triple = "dxil-ms-dx"

%dx.types.Handle = type { i8* }
%dx.types.CBufRet.i32 = type { i32, i32, i32, i32 }
%__ubo0 = type { [8 x float] }

; Function Attrs: nounwind readonly
declare %dx.types.Handle @dx.op.createHandle(i32, i8, i32, i32, i1) #0

; Function Attrs: nounwind readonly
declare %dx.types.CBufRet.i32 @dx.extop.cbufferLoadLegacy.i32(i32, %dx.types.Handle, i32) #0

; Function Attrs: nounwind
declare void @dx.op.storeOutput.f32(i32, i32, i32, i8, float) #1

define void @main() {
  %1 = call %dx.types.Handle @dx.op.createHandle(i32 57, i8 2, i32 0, i32 0, i1 false)
  br label %2

2:                                                ; preds = %0
  %3 = call %dx.types.CBufRet.i32 @dx.extop.cbufferLoadLegacy.i32(i32 275, %dx.types.Handle %1, i32 0)
  %4 = extractvalue %dx.types.CBufRet.i32 %3, 0
  %5 = extractvalue %dx.types.CBufRet.i32 %3, 1
  %6 = extractvalue %dx.types.CBufRet.i32 %3, 2
  %7 = extractvalue %dx.types.CBufRet.i32 %3, 3
  %8 = icmp eq i32 0, %4
  br i1 %8, label %9, label %39

9:                                                ; preds = %2
  %10 = call %dx.types.CBufRet.i32 @dx.extop.cbufferLoadLegacy.i32(i32 275, %dx.types.Handle %1, i32 2)
  %11 = extractvalue %dx.types.CBufRet.i32 %10, 0
  %12 = extractvalue %dx.types.CBufRet.i32 %10, 1
  %13 = extractvalue %dx.types.CBufRet.i32 %10, 2
  %14 = extractvalue %dx.types.CBufRet.i32 %10, 3
  %15 = bitcast i32 %11 to float
  %16 = bitcast i32 1056964608 to float
  %17 = fmul fast float %15, %16
  %18 = bitcast i32 %12 to float
  %19 = bitcast i32 1056964608 to float
  %20 = fmul fast float %18, %19
  %21 = bitcast i32 %13 to float
  %22 = bitcast i32 1056964608 to float
  %23 = fmul fast float %21, %22
  %24 = bitcast i32 %14 to float
  %25 = bitcast i32 1056964608 to float
  %26 = fmul fast float %24, %25
  %27 = bitcast i32 %11 to float
  %28 = fadd fast float %27, %17
  %29 = bitcast i32 %12 to float
  %30 = fadd fast float %29, %20
  %31 = bitcast i32 %13 to float
  %32 = fadd fast float %31, %23
  %33 = bitcast i32 %14 to float
  %34 = fadd fast float %33, %26
  %35 = bitcast float %28 to i32
  %36 = bitcast float %30 to i32
  %37 = bitcast float %32 to i32
  %38 = bitcast float %34 to i32
  br label %60

39:                                               ; preds = %2
  %40 = call %dx.types.CBufRet.i32 @dx.extop.cbufferLoadLegacy.i32(i32 275, %dx.types.Handle %1, i32 1)
  %41 = extractvalue %dx.types.CBufRet.i32 %40, 0
  %42 = extractvalue %dx.types.CBufRet.i32 %40, 1
  %43 = extractvalue %dx.types.CBufRet.i32 %40, 2
  %44 = extractvalue %dx.types.CBufRet.i32 %40, 3
  %45 = icmp ne i32 %41, 0
  br i1 %45, label %46, label %54

46:                                               ; preds = %39
  br label %47

47:                                               ; preds = %46
  %48 = icmp eq i32 1, %41
  %49 = select i1 %48, i32 1073741824, i32 1077936128
  %50 = select i1 %48, i32 1065353216, i32 1065353216
  %51 = select i1 %48, i32 1065353216, i32 1065353216
  %52 = select i1 %48, i32 1065353216, i32 1065353216
  br label %53

53:                                               ; preds = %47
  br label %55

54:                                               ; preds = %39
  br label %55

55:                                               ; preds = %54, %53
  %56 = phi i32 [ 1073741824, %54 ], [ %49, %53 ]
  %57 = phi i32 [ 1065353216, %54 ], [ %50, %53 ]
  %58 = phi i32 [ 1065353216, %54 ], [ %51, %53 ]
  %59 = phi i32 [ 1065353216, %54 ], [ %52, %53 ]
  br label %60

60:                                               ; preds = %55, %9
  %61 = phi i32 [ %35, %9 ], [ %56, %55 ]
  %62 = phi i32 [ %36, %9 ], [ %57, %55 ]
  %63 = phi i32 [ %37, %9 ], [ %58, %55 ]
  %64 = phi i32 [ %38, %9 ], [ %59, %55 ]
  br label %65

65:                                               ; preds = %60
  %66 = bitcast i32 %61 to float
  call void @dx.op.storeOutput.f32(i32 5, i32 0, i32 0, i8 0, float %66)
  %67 = bitcast i32 %62 to float
  call void @dx.op.storeOutput.f32(i32 5, i32 0, i32 0, i8 1, float %67)
  %68 = bitcast i32 %63 to float
  call void @dx.op.storeOutput.f32(i32 5, i32 0, i32 0, i8 2, float %68)
  %69 = bitcast i32 %64 to float
  call void @dx.op.storeOutput.f32(i32 5, i32 0, i32 0, i8 3, float %69)
  ret void
}

attributes #0 = { nounwind readonly }
attributes #1 = { nounwind }

!llvm.ident = !{!0}
!dx.version = !{!1}
!dx.valver = !{!2}
!dx.shaderModel = !{!3}
!dx.resources = !{!4}
!dx.typeAnnotations = !{!7}
!dx.entryPoints = !{!11}
!dx.source.contents = !{!17, !18, !19}
!dx.vk.xfb = !{}

!0 = !{!"Mesa version 22.04@release"}
!1 = !{i32 1, i32 1}
!2 = !{i32 1, i32 4}
!3 = !{!"vs", i32 6, i32 1}
!4 = !{null, null, !5, null}
!5 = !{!6}
!6 = !{i32 0, %__ubo0* undef, !"__ubo0", i32 0, i32 0, i32 1, i32 32, null}
!7 = !{i32 1, void ()* @main, !8}
!8 = !{!9}
!9 = !{i32 0, !10, !10}
!10 = !{}
!11 = !{void ()* @main, !"main", !12, !4, !16}
!12 = !{null, !13, null}
!13 = !{!14}
!14 = !{i32 0, !"SV_Position", i8 9, i8 3, !15, i8 4, i32 1, i8 4, i32 0, i8 0, !10}
!15 = !{i32 0}
!16 = !{i32 0, i64 1048576}
!17 = !{!"num_images", i32 0}
!18 = !{!"num_ssbos", i32 0}
!19 = !{!"float_controls_execution_mode", i32 0}


[D] ------------------------Begin Dump SC Shader Info------------------------ [0000]
[D] SCShaderVersion:                  :97
[D] SCShaderType:                     :0
[D] Dump Shader Flags:
[D]         bOutputDepth              :0
[D]         bOutputStencil            :0
[D]         bTexKill                  :0
[D]         bDiscard                  :0
[D]         bOutputMask               :0
[D]         bHasSampleFreqInput       :0
[D]         bHasPointCoord            :0
[D]         bHasEmitMask              :0
[D]         bHasEmitAlpha              :0
[D]         bPackWL                   :0
[D]         bPackWC                   :0
[D]         bNeedLinearW              :0
[D]         bNeedCentroidW            :0
[D]         bPosCentroid              :0
[D]         bFlatShading              :0
[D]         bConservativeDepth        :0
[D]         bConservativeDepthMode    :0
[D]         bForceEarlyDepthStencil   :0
[D]         bLSBuffer                 :0
[D]         bNeedPatchMovimm          :0
[D]         bHwCbMode                 :1
[D]         bMapImageToTSharp         :0
[D]         bPackFaceId               :0
[D]         bPackSampleId             :0
[D]         bPackPrimId               :0
[D]         bHasSampleLd2DMS          :0
[D]         bIntpAtSample             :0
[D]         bHasGMFlush               :0
[D]         bHasDouble                :0
[D]         bPixelCenterInteger       :0
[D]         bOriginUpperLeft          :0
[D]         bNeedPatchVerticesIn      :0
[D]         bNeedDenormPreserve       :0
[D]         bHasDfdy                  :0
[D]         bFp16DenormPerserve       :0
[D]         bFp32DenormPerserve       :0
[D]         bFp64DenormPerserve       :0
[D]         bFp16RoundingZero         :0
[D]         bFp32RoundingZero         :0
[D]         bFp64RoundingZero         :0
[D]         bDX9FConstRelative        :0
[D] Dump Input Flags:
[D]         bHasVertexID              :0
[D]         bHasRHW                   :0
[D]         bHasIsFrontFace           :0
[D]         bHasSampleMask            :0
[D]         bHasSampleIndex           :0
[D]         bHasSamplePos             :0
[D]         bHasPosition              :0
[D]         bHasRHWCentroid           :0
[D]         bHasBaseVertexID          :0
[D]         bHasBaseInstanceID        :0
[D]         bHasDrawID                :0
[D]         bHasPrimId                :0
[D]         bHasInstanceID            :0
[D]         bHasShadingRate           :0
[D] Dump Output Flags:
[D]         bHasPointSize             :0
[D]         bHasRTArrayIdx            :0
[D]         bHasClipDistanceSign      :0
[D]         bHasOMask                 :0
[D]         bHasVPArrayIndex          :0
[D]         bHasClipDistance          :0
[D]         bHasPrimId                :0
[D]         bHasEdgeFlag              :0
[D]         bHasPrimShadingRate       :0
[D] 

Dump Input Info:
[D] EntryCount              :0
[D] UsedBitMask             :0
[D] HwVectorCount           :0
[D] 

Dump Output Info:
[D] EntryCount              :4
[D] UsedBitMask             :1
[D] HwVectorCount           :1
[D] Entry 0------------------------------->
[D] Semantic=POSITION	0
[D] SemanticIndex           :0
[D] HwRegNo                 :0
[D] IoIndex                 :0
[D] ChannelIndex            :0
[D] Used                    :1
[D] bInterpolate            :1
[D] bCentroid               :0
[D] bPerspective            :0
[D] bSampleFreq             :0
[D] bIntVarying             :0
[D] bUIntVarying            :0
[D] bIntpAtCentroid         :0
[D] bIntpAtCenter           :0
[D] bIntpAtOffsetPxPy       :0
[D] bIntpAtSample           :0
[D] b64bits                 :0
[D] bCanPack                :1
[D] ExtendedIndex           :0
[D] Shared                  :0
[D] Entry 1------------------------------->
[D] Semantic=POSITION	0
[D] SemanticIndex           :0
[D] HwRegNo                 :0
[D] IoIndex                 :0
[D] ChannelIndex            :1
[D] Used                    :1
[D] bInterpolate            :1
[D] bCentroid               :0
[D] bPerspective            :0
[D] bSampleFreq             :0
[D] bIntVarying             :0
[D] bUIntVarying            :0
[D] bIntpAtCentroid         :0
[D] bIntpAtCenter           :0
[D] bIntpAtOffsetPxPy       :0
[D] bIntpAtSample           :0
[D] b64bits                 :0
[D] bCanPack                :1
[D] ExtendedIndex           :0
[D] Shared                  :0
[D] Entry 2------------------------------->
[D] Semantic=POSITION	0
[D] SemanticIndex           :0
[D] HwRegNo                 :0
[D] IoIndex                 :0
[D] ChannelIndex            :2
[D] Used                    :1
[D] bInterpolate            :1
[D] bCentroid               :0
[D] bPerspective            :0
[D] bSampleFreq             :0
[D] bIntVarying             :0
[D] bUIntVarying            :0
[D] bIntpAtCentroid         :0
[D] bIntpAtCenter           :0
[D] bIntpAtOffsetPxPy       :0
[D] bIntpAtSample           :0
[D] b64bits                 :0
[D] bCanPack                :1
[D] ExtendedIndex           :0
[D] Shared                  :0
[D] Entry 3------------------------------->
[D] Semantic=POSITION	0
[D] SemanticIndex           :0
[D] HwRegNo                 :0
[D] IoIndex                 :0
[D] ChannelIndex            :3
[D] Used                    :1
[D] bInterpolate            :1
[D] bCentroid               :0
[D] bPerspective            :0
[D] bSampleFreq             :0
[D] bIntVarying             :0
[D] bUIntVarying            :0
[D] bIntpAtCentroid         :0
[D] bIntpAtCenter           :0
[D] bIntpAtOffsetPxPy       :0
[D] bIntpAtSample           :0
[D] b64bits                 :0
[D] bCanPack                :1
[D] ExtendedIndex           :0
[D] Shared                  :0
[D] 

Dump Patch Constant Info:
[D] EntryCount              :0
[D] UsedBitMask             :0
[D] HwVectorCount           :0
[D] Dump Cbv  Info:
[D] ResRangeCount              :1
[D]         ResRangeID                 :0
[D]         ResIndex                   :0
[D]         ResCount                   :1
[D]         HwRegNo                    :0
[D]         ResKind                    :0
[D]         ComponentType              :0
[D]         HeapIndex                  :0
[D]         SpaceID                    :0
[D]         SpaceID                    :0
[D]         Reduction                  :0
[D]         GlobalCoherent             :0
[D]         Rov                        :0
[D]         MappedToTSharp             :0
[D]         BufSize                    :32
[D]         StartInCb                  :0
[D] Dump Srv  Info:
[D] ResRangeCount              :0
[D] Dump Sampler  Info:
[D] ResRangeCount              :0
[D] Dump Uav  Info:
[D]         ResRangeCount              :0
[D] Dump Resource Query  Info:
[D]         TexSizeQueryCnt            :0
[D]         ImgSizeQueryCnt            :0
[D]         TexSamplePosQueryCnt       :0
[D]         OglSsbQueryCnt             :0
[D] Dump Cb Insternal Desc  Info:
[D]         CbInternalUsedMask     :0
[D]         CbInternalDesc Offset     :0
[D]         CbInternalDesc Size       :0
[D]         CbInternalDesc Offset     :0
[D]         CbInternalDesc Size       :0
[D]         CbInternalDesc Offset     :0
[D]         CbInternalDesc Size       :0
[D]         CbInternalDesc Offset     :0
[D]         CbInternalDesc Size       :0
[D]         CbInternalDesc Offset     :0
[D]         CbInternalDesc Size       :0
[D]         CbInternalDesc Offset     :0
[D]         CbInternalDesc Size       :0
[D]         CbInternalDesc Offset     :0
[D]         CbInternalDesc Size       :0
[D]         CbInternalDesc Offset     :0
[D]         CbInternalDesc Size       :0
[D]         CbInternalDesc Offset     :0
[D]         CbInternalDesc Size       :0
[D]         CbInternalDesc Offset     :0
[D]         CbInternalDesc Size       :0
[D]         CbInternalDesc Offset     :0
[D]         CbInternalDesc Size       :0
[D]         CbInternalDesc Offset     :0
[D]         CbInternalDesc Size       :0
[D]         CbInternalDesc Offset     :0
[D]         CbInternalDesc Size       :0
[D]         CbInternalDesc Offset     :0
[D]         CbInternalDesc Size       :0
[D]         CbInternalDesc Offset     :0
[D]         CbInternalDesc Size       :0
[D]         CbInternalDesc Offset     :0
[D]         CbInternalDesc Size       :0
[D]         CbInternalDesc Offset     :0
[D]         CbInternalDesc Size       :0
[D]         CbInternalDesc Offset     :0
[D]         CbInternalDesc Size       :0
[D]         CbInternalDesc Offset     :0
[D]         CbInternalDesc Size       :0
[D] Dump ImmPatch  Info:
[D] Num ImmPatches:
[D] Dump Vulkan Xfb  Info:
[D]         XfbItemCount              :0
[D] Dump Other Shader Info:
[D]         TSharpForCb               :-1
[D]         ViewCount                 :0
[D]         SharedVC                  :0
[D]         SimdMode                  :0
[D]         EuBlendCrf                :0
[D]         OglImageNum               :0
[D]         OglStorageBufferNum       :0
[D]         OutPosEntryIdx            :3
[D]         OutPointSizeEntryIdx      :0
[D]         OutRTArrayIdxEntryIdx     :0
[D]         OutFakeDistSignEntryIdx   :0
[D]         OutVPArrayIdxEntryIdx     :0
[D]         OutputEdgeFlagEntryIdx    :0
[D]         PxPyCount                 :0
[D]         PcCount                   :0
[D]         PMSize                    :0
[D]         DxBufCounterMask          :0
[D]         DxBufCounterResID         :0
[D]         VsNormalAttrCrfStart      :4
[D]         ConstInfoFlag             :0
[D] VS CrfCount        : 8 ShareMemSize= 0
[D] VS InstrCount        : 20
[D] begin to dump shader code:
[D] --------------------------------------------------------------------------
[D]    PC                         Instruction                                  Content                                                                                             
  0x0000         0x3940500000001000 0x00000f4000000000           ICMPI.s.ne                p4             ,0              ,cb0            
  0x0001         0xcb001000000600f4 0x0000400000000000    @p1    BA.ikeep.ds2              .LABEL_0       ,p4             
  0x0002         0x48000000000080f4 0x00000f3000000000               MOV                   p3             ,~p4            
  0x0003         0x48000000000000f4 0x00000f2000000000               MOV                   p2             ,p4             
  0x0004         0xcb001000000e00f3 0x0000400000000000    @p1    BA.ikeep.ds2              .LABEL_1       ,p3             
  0x0005         0x4b0000003fc00000 0x0000c03000000000        @p3    MOVIMM                r3             ,0x3fc00000     
  0x0006         0x0200000020031002 0x3004c00000000000        @p3    FMUL.rp3.dly1         r0             ,r3.rp0         ,cb2            
                 __________________    .LABEL_0:
  0x0007         0x4b00000000000000 0x00000f3000000000           MOVIMM                    p3             ,0x0            
  0x0008         0x3940400000001001 0x00008f4000000000    @p2    ICMPI.s.eq                p4             ,0              ,cb1            
  0x0009         0x4b0000003f800000 0x0000801000000000    @p2    MOVIMM                    r1             ,0x3f800000     
  0x000a         0x4b00000040000000 0x0000800000000000    @p2    MOVIMM                    r0             ,0x40000000     
  0x000b         0x4800000000002001 0x1000802000000000    @p2    MOV.rp1                   r2             ,r1.rp0         
  0x000c         0x2f00000000f280f4 0x00008f3000000000    @p2    AND                       p3             ,p2             ,~p4            
  0x000d         0x3940400000011001 0x0000cf2000000000    @p3    ICMPI.s.eq                p2             ,1              ,cb1            
  0x000e         0x4b00000040400000 0x0000c00000000000    @p3    MOVIMM                    r0             ,0x40400000     
  0x000f         0x204000f208f50000 0x0004c00000000000    @p3    SEL.s.dly1                r0             ,p2             ,PDC_2F         ,r0             
  0x0010         0x4b0000003f800000 0x0000c03000000000    @p3    MOVIMM                    r3             ,0x3f800000     
  0x0011         0x48000000000028f4 0x1000c01000000000    @p3    MOV.rp1                   r1             ,PDC_1F         
                 __________________    .LABEL_1:
  0x0012         0x6000000000000000 0x300000000c000000           EMITF.ve                  vso[0].xyzw    ,r0             
  0x0013         0xc300000000000000 0x0000000000000000           JUMP                      0              
[D] --------------------------------------------------------------------------
