[D] begin to dump hw reg setting in compile arguments:
[D] UsharpBase:   0
[D] MaxUsharpReg: 0
[D] MaxTsharpReg: 0
[D] MaxSsharpReg: 0
[D] MaxCsharpReg: 0
[D] MaxCbReg:     0
[D] ------------------------Begin Dump SC LLVM Module Info------------------------ [0000]
[D] target datalayout = "e-m:e-p:32:32-i1:32-i8:32-i16:32-i32:32-i64:64-f16:32-f32:32-f64:64-n8:16:32:64"
target triple = "dxil-ms-dx"

; Function Attrs: nounwind readnone
declare double @dx.op.loadInput.f64(i32, i32, i32, i8, i32) #0

; Function Attrs: nounwind readnone
declare float @dx.op.loadInput.f32(i32, i32, i32, i8, i32) #0

; Function Attrs: nounwind
declare void @dx.op.storeOutput.i32(i32, i32, i32, i8, i32) #1

; Function Attrs: nounwind
declare void @dx.op.storeOutput.f32(i32, i32, i32, i8, float) #1

define void @main() {
  %1 = call double @dx.op.loadInput.f64(i32 4, i32 0, i32 0, i8 0, i32 undef)
  %2 = call float @dx.op.loadInput.f32(i32 4, i32 1, i32 0, i8 0, i32 undef)
  %3 = bitcast i64 4611686018427387904 to double
  %4 = fadd fast double %1, %3
  %5 = bitcast i64 -4611686018427387904 to double
  %6 = fadd fast double %1, %5
  %7 = bitcast i64 4611686018427387904 to double
  %8 = fmul fast double %1, %7
  %9 = bitcast i64 4611686018427387904 to double
  %10 = fdiv fast double %1, %9
  %11 = bitcast i64 4611686018427387904 to double
  %12 = fcmp olt double %11, %1
  %13 = select i1 %12, double 1.000000e+00, double 0.000000e+00
  %14 = fadd fast double %4, %13
  %15 = bitcast i64 4611686018427387904 to double
  %16 = fcmp olt double %1, %15
  %17 = select i1 %16, double 1.000000e+00, double 0.000000e+00
  %18 = bitcast i64 -4616189618054758400 to double
  %19 = fmul fast double %17, %18
  %20 = fsub fast double %6, %17
  %21 = bitcast i64 4611686018427387904 to double
  %22 = fcmp oeq double %1, %21
  %23 = select i1 %22, double 1.000000e+00, double 0.000000e+00
  %24 = fmul fast double %10, %23
  %25 = bitcast i64 4611686018427387904 to double
  %26 = fcmp une double %1, %25
  %27 = select i1 %26, double 1.000000e+00, double 0.000000e+00
  %28 = fmul fast double %24, %27
  %29 = fpext float %2 to double
  %30 = fadd fast double %14, %29
  %31 = fptrunc double %1 to float
  %32 = bitcast i64 -4616189618054758400 to double
  %33 = fmul fast double %1, %32
  %34 = fsub fast double %8, %1
  %35 = bitcast double %30 to i64
  %36 = zext i32 32 to i64
  %37 = lshr i64 %35, %36
  %38 = trunc i64 %37 to i32
  %39 = bitcast double %30 to i64
  %40 = trunc i64 %39 to i32
  %41 = bitcast double %20 to i64
  %42 = zext i32 32 to i64
  %43 = lshr i64 %41, %42
  %44 = trunc i64 %43 to i32
  %45 = bitcast double %20 to i64
  %46 = trunc i64 %45 to i32
  %47 = bitcast double %34 to i64
  %48 = zext i32 32 to i64
  %49 = lshr i64 %47, %48
  %50 = trunc i64 %49 to i32
  %51 = bitcast double %34 to i64
  %52 = trunc i64 %51 to i32
  %53 = bitcast double %28 to i64
  %54 = zext i32 32 to i64
  %55 = lshr i64 %53, %54
  %56 = trunc i64 %55 to i32
  %57 = bitcast double %28 to i64
  %58 = trunc i64 %57 to i32
  call void @dx.op.storeOutput.i32(i32 5, i32 0, i32 0, i8 0, i32 %40)
  call void @dx.op.storeOutput.i32(i32 5, i32 0, i32 0, i8 1, i32 %38)
  call void @dx.op.storeOutput.i32(i32 5, i32 0, i32 0, i8 2, i32 %46)
  call void @dx.op.storeOutput.i32(i32 5, i32 0, i32 0, i8 3, i32 %44)
  call void @dx.op.storeOutput.i32(i32 5, i32 1, i32 0, i8 0, i32 %52)
  call void @dx.op.storeOutput.i32(i32 5, i32 1, i32 0, i8 1, i32 %50)
  call void @dx.op.storeOutput.i32(i32 5, i32 1, i32 0, i8 2, i32 %58)
  call void @dx.op.storeOutput.i32(i32 5, i32 1, i32 0, i8 3, i32 %56)
  call void @dx.op.storeOutput.f32(i32 5, i32 2, i32 0, i8 0, float %31)
  ret void
}

attributes #0 = { nounwind readnone }
attributes #1 = { nounwind }

!llvm.ident = !{!0}
!dx.version = !{!1}
!dx.valver = !{!2}
!dx.shaderModel = !{!3}
!dx.typeAnnotations = !{!4}
!dx.entryPoints = !{!8}
!dx.source.contents = !{!23, !24, !25}
!dx.vk.xfb = !{}

!0 = !{!"Mesa version 22.04@release"}
!1 = !{i32 1, i32 1}
!2 = !{i32 1, i32 4}
!3 = !{!"vs", i32 6, i32 1}
!4 = !{i32 1, void ()* @main, !5}
!5 = !{!6}
!6 = !{i32 0, !7, !7}
!7 = !{}
!8 = !{void ()* @main, !"main", !9, null, !22}
!9 = !{!10, !15, null}
!10 = !{!11, !13}
!11 = !{i32 0, !"TEXCOORD", i8 10, i8 0, !12, i8 0, i32 1, i8 1, i32 1, i8 0, !7}
!12 = !{i32 1}
!13 = !{i32 1, !"TEXCOORD", i8 9, i8 0, !14, i8 0, i32 1, i8 1, i32 0, i8 0, !7}
!14 = !{i32 0}
!15 = !{!16, !17, !18, !20}
!16 = !{i32 0, !"TEXCOORD", i8 4, i8 0, !14, i8 1, i32 1, i8 4, i32 0, i8 0, !7}
!17 = !{i32 1, !"TEXCOORD", i8 4, i8 0, !12, i8 1, i32 1, i8 4, i32 1, i8 0, !7}
!18 = !{i32 2, !"TEXCOORD", i8 9, i8 0, !19, i8 2, i32 1, i8 1, i32 2, i8 0, !7}
!19 = !{i32 2}
!20 = !{i32 3, !"TEXCOORD", i8 10, i8 0, !21, i8 2, i32 1, i8 1, i32 3, i8 0, !7}
!21 = !{i32 3}
!22 = !{i32 0, i64 1048580}
!23 = !{!"num_images", i32 0}
!24 = !{!"num_ssbos", i32 0}
!25 = !{!"float_controls_execution_mode", i32 0}


[D] ------------------------Begin Dump SC Shader Info------------------------ [0000]
[D] SCShaderVersion:                  :97
[D] SCShaderType:                     :0
[D] Dump Shader Flags:
[D]         bOutputDepth              :0
[D]         bOutputStencil            :0
[D]         bTexKill                  :0
[D]         bDiscard                  :0
[D]         bOutputMask               :0
[D]         bHasSampleFreqInput       :0
[D]         bHasPointCoord            :0
[D]         bHasEmitMask              :0
[D]         bHasEmitAlpha              :0
[D]         bPackWL                   :0
[D]         bPackWC                   :0
[D]         bNeedLinearW              :0
[D]         bNeedCentroidW            :0
[D]         bPosCentroid              :0
[D]         bFlatShading              :0
[D]         bConservativeDepth        :0
[D]         bConservativeDepthMode    :0
[D]         bForceEarlyDepthStencil   :0
[D]         bLSBuffer                 :0
[D]         bNeedPatchMovimm          :0
[D]         bHwCbMode                 :1
[D]         bMapImageToTSharp         :0
[D]         bPackFaceId               :0
[D]         bPackSampleId             :0
[D]         bPackPrimId               :0
[D]         bHasSampleLd2DMS          :0
[D]         bIntpAtSample             :0
[D]         bHasGMFlush               :0
[D]         bHasDouble                :0
[D]         bPixelCenterInteger       :0
[D]         bOriginUpperLeft          :0
[D]         bNeedPatchVerticesIn      :0
[D]         bNeedDenormPreserve       :0
[D]         bHasDfdy                  :0
[D]         bFp16DenormPerserve       :0
[D]         bFp32DenormPerserve       :0
[D]         bFp64DenormPerserve       :0
[D]         bFp16RoundingZero         :0
[D]         bFp32RoundingZero         :0
[D]         bFp64RoundingZero         :0
[D]         bDX9FConstRelative        :0
[D] Dump Input Flags:
[D]         bHasVertexID              :0
[D]         bHasRHW                   :0
[D]         bHasIsFrontFace           :0
[D]         bHasSampleMask            :0
[D]         bHasSampleIndex           :0
[D]         bHasSamplePos             :0
[D]         bHasPosition              :0
[D]         bHasRHWCentroid           :0
[D]         bHasBaseVertexID          :0
[D]         bHasBaseInstanceID        :0
[D]         bHasDrawID                :0
[D]         bHasPrimId                :0
[D]         bHasInstanceID            :0
[D]         bHasShadingRate           :0
[D] Dump Output Flags:
[D]         bHasPointSize             :0
[D]         bHasRTArrayIdx            :0
[D]         bHasClipDistanceSign      :0
[D]         bHasOMask                 :0
[D]         bHasVPArrayIndex          :0
[D]         bHasClipDistance          :0
[D]         bHasPrimId                :0
[D]         bHasEdgeFlag              :0
[D]         bHasPrimShadingRate       :0
[D] 

Dump Input Info:
[D] EntryCount              :3
[D] UsedBitMask             :3
[D] HwVectorCount           :2
[D] Entry 0------------------------------->
[D] Semantic=VARYING_DX10	55
[D] SemanticIndex           :0
[D] HwRegNo                 :4
[D] IoIndex                 :0
[D] ChannelIndex            :0
[D] Used                    :1
[D] bInterpolate            :0
[D] bCentroid               :0
[D] bPerspective            :0
[D] bSampleFreq             :0
[D] bIntVarying             :0
[D] bUIntVarying            :0
[D] bIntpAtCentroid         :0
[D] bIntpAtCenter           :0
[D] bIntpAtOffsetPxPy       :0
[D] bIntpAtSample           :0
[D] b64bits                 :0
[D] bCanPack                :1
[D] ExtendedIndex           :0
[D] Shared                  :0
[D] Entry 1------------------------------->
[D] Semantic=VARYING_DX10	55
[D] SemanticIndex           :1
[D] HwRegNo                 :8
[D] IoIndex                 :1
[D] ChannelIndex            :0
[D] Used                    :1
[D] bInterpolate            :0
[D] bCentroid               :0
[D] bPerspective            :0
[D] bSampleFreq             :0
[D] bIntVarying             :0
[D] bUIntVarying            :0
[D] bIntpAtCentroid         :0
[D] bIntpAtCenter           :0
[D] bIntpAtOffsetPxPy       :0
[D] bIntpAtSample           :0
[D] b64bits                 :1
[D] bCanPack                :1
[D] ExtendedIndex           :0
[D] Shared                  :0
[D] Entry 2------------------------------->
[D] Semantic=VARYING_DX10	55
[D] SemanticIndex           :1
[D] HwRegNo                 :9
[D] IoIndex                 :1
[D] ChannelIndex            :1
[D] Used                    :1
[D] bInterpolate            :0
[D] bCentroid               :0
[D] bPerspective            :0
[D] bSampleFreq             :0
[D] bIntVarying             :0
[D] bUIntVarying            :0
[D] bIntpAtCentroid         :0
[D] bIntpAtCenter           :0
[D] bIntpAtOffsetPxPy       :0
[D] bIntpAtSample           :0
[D] b64bits                 :1
[D] bCanPack                :1
[D] ExtendedIndex           :0
[D] Shared                  :0
[D] 

Dump Output Info:
[D] EntryCount              :10
[D] UsedBitMask             :f
[D] HwVectorCount           :4
[D] Entry 0------------------------------->
[D] Semantic=VARYING_DX10	55
[D] SemanticIndex           :0
[D] HwRegNo                 :0
[D] IoIndex                 :0
[D] ChannelIndex            :0
[D] Used                    :1
[D] bInterpolate            :0
[D] bCentroid               :0
[D] bPerspective            :0
[D] bSampleFreq             :0
[D] bIntVarying             :0
[D] bUIntVarying            :0
[D] bIntpAtCentroid         :0
[D] bIntpAtCenter           :0
[D] bIntpAtOffsetPxPy       :0
[D] bIntpAtSample           :0
[D] b64bits                 :0
[D] bCanPack                :1
[D] ExtendedIndex           :0
[D] Shared                  :0
[D] Entry 1------------------------------->
[D] Semantic=VARYING_DX10	55
[D] SemanticIndex           :0
[D] HwRegNo                 :0
[D] IoIndex                 :0
[D] ChannelIndex            :1
[D] Used                    :1
[D] bInterpolate            :0
[D] bCentroid               :0
[D] bPerspective            :0
[D] bSampleFreq             :0
[D] bIntVarying             :0
[D] bUIntVarying            :0
[D] bIntpAtCentroid         :0
[D] bIntpAtCenter           :0
[D] bIntpAtOffsetPxPy       :0
[D] bIntpAtSample           :0
[D] b64bits                 :0
[D] bCanPack                :1
[D] ExtendedIndex           :0
[D] Shared                  :0
[D] Entry 2------------------------------->
[D] Semantic=VARYING_DX10	55
[D] SemanticIndex           :0
[D] HwRegNo                 :0
[D] IoIndex                 :0
[D] ChannelIndex            :2
[D] Used                    :1
[D] bInterpolate            :0
[D] bCentroid               :0
[D] bPerspective            :0
[D] bSampleFreq             :0
[D] bIntVarying             :0
[D] bUIntVarying            :0
[D] bIntpAtCentroid         :0
[D] bIntpAtCenter           :0
[D] bIntpAtOffsetPxPy       :0
[D] bIntpAtSample           :0
[D] b64bits                 :0
[D] bCanPack                :1
[D] ExtendedIndex           :0
[D] Shared                  :0
[D] Entry 3------------------------------->
[D] Semantic=VARYING_DX10	55
[D] SemanticIndex           :0
[D] HwRegNo                 :0
[D] IoIndex                 :0
[D] ChannelIndex            :3
[D] Used                    :1
[D] bInterpolate            :0
[D] bCentroid               :0
[D] bPerspective            :0
[D] bSampleFreq             :0
[D] bIntVarying             :0
[D] bUIntVarying            :0
[D] bIntpAtCentroid         :0
[D] bIntpAtCenter           :0
[D] bIntpAtOffsetPxPy       :0
[D] bIntpAtSample           :0
[D] b64bits                 :0
[D] bCanPack                :1
[D] ExtendedIndex           :0
[D] Shared                  :0
[D] Entry 4------------------------------->
[D] Semantic=VARYING_DX10	55
[D] SemanticIndex           :1
[D] HwRegNo                 :0
[D] IoIndex                 :1
[D] ChannelIndex            :0
[D] Used                    :1
[D] bInterpolate            :0
[D] bCentroid               :0
[D] bPerspective            :0
[D] bSampleFreq             :0
[D] bIntVarying             :0
[D] bUIntVarying            :0
[D] bIntpAtCentroid         :0
[D] bIntpAtCenter           :0
[D] bIntpAtOffsetPxPy       :0
[D] bIntpAtSample           :0
[D] b64bits                 :0
[D] bCanPack                :1
[D] ExtendedIndex           :0
[D] Shared                  :0
[D] Entry 5------------------------------->
[D] Semantic=VARYING_DX10	55
[D] SemanticIndex           :1
[D] HwRegNo                 :0
[D] IoIndex                 :1
[D] ChannelIndex            :1
[D] Used                    :1
[D] bInterpolate            :0
[D] bCentroid               :0
[D] bPerspective            :0
[D] bSampleFreq             :0
[D] bIntVarying             :0
[D] bUIntVarying            :0
[D] bIntpAtCentroid         :0
[D] bIntpAtCenter           :0
[D] bIntpAtOffsetPxPy       :0
[D] bIntpAtSample           :0
[D] b64bits                 :0
[D] bCanPack                :1
[D] ExtendedIndex           :0
[D] Shared                  :0
[D] Entry 6------------------------------->
[D] Semantic=VARYING_DX10	55
[D] SemanticIndex           :1
[D] HwRegNo                 :0
[D] IoIndex                 :1
[D] ChannelIndex            :2
[D] Used                    :1
[D] bInterpolate            :0
[D] bCentroid               :0
[D] bPerspective            :0
[D] bSampleFreq             :0
[D] bIntVarying             :0
[D] bUIntVarying            :0
[D] bIntpAtCentroid         :0
[D] bIntpAtCenter           :0
[D] bIntpAtOffsetPxPy       :0
[D] bIntpAtSample           :0
[D] b64bits                 :0
[D] bCanPack                :1
[D] ExtendedIndex           :0
[D] Shared                  :0
[D] Entry 7------------------------------->
[D] Semantic=VARYING_DX10	55
[D] SemanticIndex           :1
[D] HwRegNo                 :0
[D] IoIndex                 :1
[D] ChannelIndex            :3
[D] Used                    :1
[D] bInterpolate            :0
[D] bCentroid               :0
[D] bPerspective            :0
[D] bSampleFreq             :0
[D] bIntVarying             :0
[D] bUIntVarying            :0
[D] bIntpAtCentroid         :0
[D] bIntpAtCenter           :0
[D] bIntpAtOffsetPxPy       :0
[D] bIntpAtSample           :0
[D] b64bits                 :0
[D] bCanPack                :1
[D] ExtendedIndex           :0
[D] Shared                  :0
[D] Entry 8------------------------------->
[D] Semantic=VARYING_DX10	55
[D] SemanticIndex           :2
[D] HwRegNo                 :0
[D] IoIndex                 :2
[D] ChannelIndex            :0
[D] Used                    :1
[D] bInterpolate            :1
[D] bCentroid               :0
[D] bPerspective            :1
[D] bSampleFreq             :0
[D] bIntVarying             :0
[D] bUIntVarying            :0
[D] bIntpAtCentroid         :0
[D] bIntpAtCenter           :0
[D] bIntpAtOffsetPxPy       :0
[D] bIntpAtSample           :0
[D] b64bits                 :0
[D] bCanPack                :1
[D] ExtendedIndex           :0
[D] Shared                  :0
[D] Entry 9------------------------------->
[D] Semantic=VARYING_DX10	55
[D] SemanticIndex           :3
[D] HwRegNo                 :0
[D] IoIndex                 :3
[D] ChannelIndex            :0
[D] Used                    :1
[D] bInterpolate            :1
[D] bCentroid               :0
[D] bPerspective            :1
[D] bSampleFreq             :0
[D] bIntVarying             :0
[D] bUIntVarying            :0
[D] bIntpAtCentroid         :0
[D] bIntpAtCenter           :0
[D] bIntpAtOffsetPxPy       :0
[D] bIntpAtSample           :0
[D] b64bits                 :1
[D] bCanPack                :1
[D] ExtendedIndex           :0
[D] Shared                  :0
[D] 

Dump Patch Constant Info:
[D] EntryCount              :0
[D] UsedBitMask             :0
[D] HwVectorCount           :0
[D] Dump Cbv  Info:
[D] ResRangeCount              :0
[D] Dump Srv  Info:
[D] ResRangeCount              :0
[D] Dump Sampler  Info:
[D] ResRangeCount              :0
[D] Dump Uav  Info:
[D]         ResRangeCount              :0
[D] Dump Resource Query  Info:
[D]         TexSizeQueryCnt            :0
[D]         ImgSizeQueryCnt            :0
[D]         TexSamplePosQueryCnt       :0
[D]         OglSsbQueryCnt             :0
[D] Dump Cb Insternal Desc  Info:
[D]         CbInternalUsedMask     :0
[D]         CbInternalDesc Offset     :0
[D]         CbInternalDesc Size       :0
[D]         CbInternalDesc Offset     :0
[D]         CbInternalDesc Size       :0
[D]         CbInternalDesc Offset     :0
[D]         CbInternalDesc Size       :0
[D]         CbInternalDesc Offset     :0
[D]         CbInternalDesc Size       :0
[D]         CbInternalDesc Offset     :0
[D]         CbInternalDesc Size       :0
[D]         CbInternalDesc Offset     :0
[D]         CbInternalDesc Size       :0
[D]         CbInternalDesc Offset     :0
[D]         CbInternalDesc Size       :0
[D]         CbInternalDesc Offset     :0
[D]         CbInternalDesc Size       :0
[D]         CbInternalDesc Offset     :0
[D]         CbInternalDesc Size       :0
[D]         CbInternalDesc Offset     :0
[D]         CbInternalDesc Size       :0
[D]         CbInternalDesc Offset     :0
[D]         CbInternalDesc Size       :0
[D]         CbInternalDesc Offset     :0
[D]         CbInternalDesc Size       :0
[D]         CbInternalDesc Offset     :0
[D]         CbInternalDesc Size       :0
[D]         CbInternalDesc Offset     :0
[D]         CbInternalDesc Size       :0
[D]         CbInternalDesc Offset     :0
[D]         CbInternalDesc Size       :0
[D]         CbInternalDesc Offset     :0
[D]         CbInternalDesc Size       :0
[D]         CbInternalDesc Offset     :0
[D]         CbInternalDesc Size       :0
[D]         CbInternalDesc Offset     :0
[D]         CbInternalDesc Size       :0
[D]         CbInternalDesc Offset     :0
[D]         CbInternalDesc Size       :0
[D] Dump ImmPatch  Info:
[D] Num ImmPatches:
[D] Dump Vulkan Xfb  Info:
[D]         XfbItemCount              :0
[D] Dump Other Shader Info:
[D]         TSharpForCb               :-1
[D]         ViewCount                 :0
[D]         SharedVC                  :0
[D]         SimdMode                  :0
[D]         EuBlendCrf                :0
[D]         OglImageNum               :0
[D]         OglStorageBufferNum       :0
[D]         OutPosEntryIdx            :0
[D]         OutPointSizeEntryIdx      :0
[D]         OutRTArrayIdxEntryIdx     :0
[D]         OutFakeDistSignEntryIdx   :0
[D]         OutVPArrayIdxEntryIdx     :0
[D]         OutputEdgeFlagEntryIdx    :0
[D]         PxPyCount                 :0
[D]         PcCount                   :0
[D]         PMSize                    :0
[D]         DxBufCounterMask          :0
[D]         DxBufCounterResID         :0
[D]         VsNormalAttrCrfStart      :4
[D]         ConstInfoFlag             :0
[D] VS CrfCount        : 28 ShareMemSize= 0
[D] VS InstrCount        : 210
[D] begin to dump shader code:
[D] --------------------------------------------------------------------------
[D]    PC                         Instruction                                  Content                                                                                             
  0x0000         0x4800000000000004 0x0000000000000000           MOV                       r0             ,r4             
  0x0001         0x4b00000040000000 0x000000b000000000           MOVIMM                    r11            ,0x40000000     
  0x0002         0x4b00000000000000 0x0000006000000000           MOVIMM                    r6             ,0x0            
  0x0003         0x480000000000000b 0x0000007000000000           MOV                       r7             ,r11            
  0x0004         0xb200000000060008 0x00000000e0000000           DADD                      r14            ,r6             ,r8             
  0x0005         0x4b000000c0000000 0x0000005000000000           MOVIMM                    r5             ,0xc0000000     
  0x0006         0x4800000000000006 0x0000004000000000           MOV                       r4             ,r6             
  0x0007         0xb200000000040008 0x00000000c0000000           DADD                      r12            ,r4             ,r8             
  0x0008         0xb100000000060008 0x0000000040000000           DMUL                      r4             ,r6             ,r8             
  0x0009         0x3300002c07ff0009 0x0000002000000000           ANDI                      r2             ,0x7ff          ,r9 >> 20       
  0x000a         0x0a400000fc000002 0x0004001000000000           IADDI.s.dly1              r1             ,-1024          ,r2             
  0x000b         0x3940000002ff0001 0x00040f4000000000           ICMPI.s.gt.dly1           p4             ,767            ,r1             
  0x000c         0xcb002000000c80f4 0x0000400000000000    @p1    BA.ikeep.ds4              .LABEL_0       ,~p4            
  0x000d         0x4800000000000008 0x1000012000000000               MOV.rp1               r18            ,r8             
  0x000e         0x4800000000000006 0x1000016000000000               MOV.rp1               r22            ,r6             
  0x000f         0x48000000000000f4 0x00000f2000000000               MOV                   p2             ,p4             
  0x0010         0x48000000000080f4 0x00000f3000000000               MOV                   p3             ,~p4            
  0x0011         0x48000000000000f2 0x00000f4000000000           MOV                       p4             ,p2             
  0x0012         0xb800000000000006 0x0001000180000000    @p4    DFREXP                    r24            ,r6             
  0x0013         0x0a4000000080001a 0x0001002000000000    @p4    IADDI.s                   r2             ,128            ,r26            
  0x0014         0xb700000000020018 0x0001000100000000    @p4    DLDEXP                    r16            ,r2             ,r24            
  0x0015         0xcb001000002500f4 0x0000400000000000    @p1    BA.ikeep.ds2              .LABEL_1       ,p4             
  0x0016         0x4800000000000012 0x1001014000000000        @p4    MOV.rp1               r20            ,r18            
  0x0017         0x48000000000008f9 0x00010f2000000000        @p4    MOV                   p2             ,PDC_1IN        
                 __________________    .LABEL_0:
  0x0018         0x48000000000000f3 0x00000f5000000000           MOV                       p5             ,p3             
  0x0019         0x4b00000000000000 0x00000f3000000000           MOVIMM                    p3             ,0x0            
  0x001a         0x4b00000000000000 0x00000f4000000000           MOVIMM                    p4             ,0x0            
  0x001b         0x3300002c07ff0017 0x0001403000000000    @p5    ANDI                      r3             ,0x7ff          ,r23 >> 20      
  0x001c         0x3940500000000003 0x00054f6000000000    @p5    ICMPI.s.ne.dly1           p6             ,0              ,r3             
  0x001d         0x3940000000350002 0x00014f7000000000    @p5    ICMPI.s.gt                p7             ,53             ,r2             
  0x001e         0x2f00000000f700f6 0x00014f6000000000    @p5    AND                       p6             ,p7             ,p6             
  0x001f         0x2f00000000f580f6 0x00014f4000000000    @p5    AND                       p4             ,p5             ,~p6            
  0x0020         0x2f00000000f500f6 0x00014f3000000000    @p5    AND                       p3             ,p5             ,p6             
  0x0021         0x2f00000000f600f5 0x00000f6000000000           AND                       p6             ,p6             ,p5             
  0x0022         0xcb000000000900f6 0x0000400000000000    @p1    BA.ikeep                  .LABEL_2       ,p6             
  0x0023         0xb800000000000006 0x0001000180000000    @p4    DFREXP                    r24            ,r6             
  0x0024         0x0a4000000080001a 0x0001002000000000    @p4    IADDI.s                   r2             ,128            ,r26            
  0x0025         0xb700000000020018 0x0001000100000000    @p4    DLDEXP                    r16            ,r2             ,r24            
  0x0026         0xb800000000000008 0x0001000180000000    @p4    DFREXP                    r24            ,r8             
  0x0027         0x0a4000000080001a 0x0001002000000000    @p4    IADDI.s                   r2             ,128            ,r26            
  0x0028         0xb700000000020018 0x0001000140000000    @p4    DLDEXP                    r20            ,r2             ,r24            
  0x0029         0xcb000800001100f4 0x0000400000000000    @p1    BA.ikeep.ds1              .LABEL_1       ,p4             
  0x002a         0x48000000000008f0 0x00010f2000000000        @p4    MOV                   p2             ,PDC_0          
                 __________________    .LABEL_2:
  0x002b         0x48000000000000f3 0x00000f4000000000           MOV                       p4             ,p3             
  0x002c         0x4b00000000000000 0x00000f3000000000           MOVIMM                    p3             ,0x0            
  0x002d         0x4b00000000000400 0x0001002000000000    @p4    MOVIMM                    r2             ,0x400          
  0x002e         0x3940200007fe0002 0x00050f5000000000    @p4    ICMPI.s.lt.dly1           p5             ,2046           ,r2             
  0x002f         0x4800000000000016 0x1001010000000000    @p4    MOV.rp1                   r16            ,r22            
  0x0030         0x4800000000000012 0x1001014000000000    @p4    MOV.rp1                   r20            ,r18            
  0x0031         0x48000000000008f0 0x00010f2000000000    @p4    MOV                       p2             ,PDC_0          
  0x0032         0x2f00000000f480f5 0x00010f3000000000    @p4    AND                       p3             ,p4             ,~p5            
  0x0033         0xb800000000000006 0x0000c00180000000    @p3    DFREXP                    r24            ,r6             
  0x0034         0x0a400000ff80001a 0x0000c02000000000    @p3    IADDI.s                   r2             ,-128           ,r26            
  0x0035         0xb700000000020018 0x0000c00100000000    @p3    DLDEXP                    r16            ,r2             ,r24            
  0x0036         0xb800000000000008 0x0000c00180000000    @p3    DFREXP                    r24            ,r8             
  0x0037         0x0a400000ff80001a 0x0000c02000000000    @p3    IADDI.s                   r2             ,-128           ,r26            
  0x0038         0xb700000000020018 0x0000c00140000000    @p3    DLDEXP                    r20            ,r2             ,r24            
  0x0039         0x48000000000008f0 0x0000cf2000000000    @p3    MOV                       p2             ,PDC_0          
                 __________________    .LABEL_1:
  0x003a         0x4b0000003ff00000 0x0000007000000000           MOVIMM                    r7             ,0x3ff00000     
  0x003b         0x4b000000000fffff 0x0000002000000000           MOVIMM                    r2             ,0xfffff        
  0x003c         0x3300002c07ff0013 0x0000003000000000           ANDI                      r3             ,0x7ff          ,r19 >> 20      
  0x003d         0x2f04000000020013 0x000000a000000000           AND                       r10            ,r2             ,r19            
  0x003e         0x3940400007ff0003 0x00000f3000000000           ICMPI.s.eq                p3             ,2047           ,r3             
  0x003f         0x30040000000a0012 0x0000003000000000           OR                        r3             ,r10            ,r18            
  0x0040         0x3940500000000003 0x00040f4000000000           ICMPI.s.ne.dly1           p4             ,0              ,r3             
  0x0041         0x2f00000000f400f3 0x00000f3000000000           AND                       p3             ,p4             ,p3             
  0x0042         0x3300002c07ff0017 0x0000003000000000           ANDI                      r3             ,0x7ff          ,r23 >> 20      
  0x0043         0x2f04000000020017 0x000000a000000000           AND                       r10            ,r2             ,r23            
  0x0044         0x3940400007ff0003 0x00000f4000000000           ICMPI.s.eq                p4             ,2047           ,r3             
  0x0045         0x30040000000a0016 0x0000003000000000           OR                        r3             ,r10            ,r22            
  0x0046         0x3940500000000003 0x00040f5000000000           ICMPI.s.ne.dly1           p5             ,0              ,r3             
  0x0047         0x2f00000000f500f4 0x00000f4000000000           AND                       p4             ,p5             ,p4             
  0x0048         0x4b0000007fffffff 0x0000003000000000           MOVIMM                    r3             ,0x7fffffff     
  0x0049         0x2f04000000030013 0x000400a000000000           AND.dly1                  r10            ,r3             ,r19            
  0x004a         0x2f04000000030017 0x0000018000000000           AND                       r24            ,r3             ,r23            
  0x004b         0x300400000018000a 0x0004003000000000           OR.dly1                   r3             ,r24            ,r10            
  0x004c         0x3004000000160012 0x0000019000000000           OR                        r25            ,r22            ,r18            
  0x004d         0x3004000000030019 0x0004003000000000           OR.dly1                   r3             ,r3             ,r25            
  0x004e         0x3940400000000003 0x00040f5000000000           ICMPI.s.eq.dly1           p5             ,0              ,r3             
  0x004f         0x4b0000007ff00000 0x0000003000000000           MOVIMM                    r3             ,0x7ff00000     
  0x0050         0x310400000003000a 0x0004019000000000           XOR.dly1                  r25            ,r3             ,r10            
  0x0051         0x3004000000190012 0x0004019000000000           OR.dly1                   r25            ,r25            ,r18            
  0x0052         0x3104000000030018 0x0000018000000000           XOR                       r24            ,r3             ,r24            
  0x0053         0x3004000000180016 0x0004016000000000           OR.dly1                   r22            ,r24            ,r22            
  0x0054         0x3004000000160019 0x0004018000000000           OR.dly1                   r24            ,r22            ,r25            
  0x0055         0x3940400000000018 0x00040f6000000000           ICMPI.s.eq.dly1           p6             ,0              ,r24            
  0x0056         0x3000000000f400f3 0x00000f3000000000           OR                        p3             ,p4             ,p3             
  0x0057         0x3000000000f500f3 0x00000f3000000000           OR                        p3             ,p5             ,p3             
  0x0058         0x3000000000f600f3 0x00000f4000000000           OR                        p4             ,p6             ,p3             
  0x0059         0xcb001800005900f4 0x0000400000000000    @p1    BA.ikeep.ds3              .LABEL_3       ,p4             
  0x005a         0x4b0000007ff80000 0x0000019000000000               MOVIMM                r25            ,0x7ff80000     
  0x005b         0x4800000000000006 0x0000018000000000               MOV                   r24            ,r6             
  0x005c         0x48000000000080f4 0x00000f3000000000               MOV                   p3             ,~p4            
  0x005d         0x48000000000000f3 0x00000f5000000000           MOV                       p5             ,p3             
  0x005e         0x4b00000000000000 0x00000f4000000000           MOVIMM                    p4             ,0x0            
  0x005f         0x3104000000170013 0x0001413000000000    @p5    XOR                       r19            ,r23            ,r19            
  0x0060         0x0a00002100000013 0x0005413000000000    @p5    IADDI.dly1                r19            ,0x0            ,r19 >> 31      
  0x0061         0x4800000000000013 0x00054f3000000000    @p5    MOV.dly1                  p3             ,r19            
  0x0062         0x3940400000000016 0x00014f6000000000    @p5    ICMPI.s.eq                p6             ,0              ,r22            
  0x0063         0x30040000000a0012 0x000140a000000000    @p5    OR                        r10            ,r10            ,r18            
  0x0064         0x394040000000000a 0x00054f7000000000    @p5    ICMPI.s.eq.dly1           p7             ,0              ,r10            
  0x0065         0x39402000fbcd0001 0x00014f8000000000    @p5    ICMPI.s.lt                p8             ,-1075          ,r1             
  0x0066         0x3000000000f700f6 0x00014f6000000000    @p5    OR                        p6             ,p7             ,p6             
  0x0067         0x3000000000f800f6 0x00014f6000000000    @p5    OR                        p6             ,p8             ,p6             
  0x0068         0x2f00000000f580f6 0x00014f4000000000    @p5    AND                       p4             ,p5             ,~p6            
  0x0069         0x2f00000000f600f5 0x00000f6000000000           AND                       p6             ,p6             ,p5             
  0x006a         0xcb002800004800f6 0x0000400000000000    @p1    BA.ikeep.ds5              .LABEL_3       ,p6             
  0x006b         0x4b00000080000000 0x0001401000000000        @p5    MOVIMM                r1             ,0x80000000     
  0x006c         0x4800000000000006 0x000140a000000000        @p5    MOV                   r10            ,r6             
  0x006d         0x4800000000000006 0x0001412000000000        @p5    MOV                   r18            ,r6             
  0x006e         0x204000f300010006 0x0001419000000000        @p5    SEL.s                 r25            ,p3             ,r1             ,r6             
  0x006f         0x204000f3000a0012 0x0001418000000000        @p5    SEL.s                 r24            ,p3             ,r10            ,r18            
  0x0070         0x48000000000000f4 0x00000f5000000000           MOV                       p5             ,p4             
  0x0071         0x4b00000000000000 0x00000f4000000000           MOVIMM                    p4             ,0x0            
  0x0072         0x3300002c07ff0011 0x0001401000000000    @p5    ANDI                      r1             ,0x7ff          ,r17 >> 20      
  0x0073         0x39000000077f0001 0x00054f6000000000    @p5    ICMPI.gt.dly1             p6             ,0x77f          ,r1             
  0x0074         0xb800000000000010 0x0001400160000000    @p5    DFREXP                    r22            ,r16            
  0x0075         0x0a400000ff800018 0x0001401000000000    @p5    IADDI.s                   r1             ,-128           ,r24            
  0x0076         0xb700000000010016 0x0001400120000000    @p5    DLDEXP                    r18            ,r1             ,r22            
  0x0077         0x204000f600130011 0x0001413000000000    @p5    SEL.s                     r19            ,p6             ,r19            ,r17            
  0x0078         0x204000f600120010 0x0001412000000000    @p5    SEL.s                     r18            ,p6             ,r18            ,r16            
  0x0079         0x0a00002c00000013 0x0001401000000000    @p5    IADDI                     r1             ,0x0            ,r19 >> 20      
  0x007a         0x4b000000800fffff 0x000140a000000000    @p5    MOVIMM                    r10            ,0x800fffff     
  0x007b         0x2f040000000a0013 0x0005416000000000    @p5    AND.dly1                  r22            ,r10            ,r19            
  0x007c         0x3004000000070016 0x0005417000000000    @p5    OR.dly1                   r23            ,r7             ,r22            
  0x007d         0x4800000000000012 0x0001416000000000    @p5    MOV                       r22            ,r18            
  0x007e         0xb900000000000016 0x0005400164000000    @p5    DP2FP.dly1.ov.rne         r22            ,r22            
  0x007f         0xa000000000000016 0x0001400160000000    @p5    RCP                       r22            ,r22            
  0x0080         0x4800000000000016 0x0001417000000000    @p5    MOV                       r23            ,r22            
  0x0081         0xbb00000000000016 0x0001400160000000    @p5    FP2DP                     r22            ,r22            
  0x0082         0x0a00002c00000017 0x0001418000000000    @p5    IADDI                     r24            ,0x0            ,r23 >> 20      
  0x0083         0x0744000080010018 0x0005401000000000    @p5    IADD.s.dly1               r1             ,-r1            ,r24            
  0x0084         0x0a40000003ff0001 0x0005401000000000    @p5    IADDI.s.dly1              r1             ,1023           ,r1             
  0x0085         0x2f040000000a0017 0x000140a000000000    @p5    AND                       r10            ,r10            ,r23            
  0x0086         0x3300000007ff0001 0x0001401000000000    @p5    ANDI                      r1             ,0x7ff          ,r1             
  0x0087         0x30040014000a0001 0x0005417000000000    @p5    OR.dly1                   r23            ,r10            ,r1 << 20       
  0x0088         0xb000000600168012 0x0001400180000000    @p5    DFMA                      r24            ,r6             ,r22            ,-r18           
  0x0089         0xb000001600160018 0x0001400160000000    @p5    DFMA                      r22            ,r22            ,r22            ,r24            
  0x008a         0xb000000600168012 0x0001400180000000    @p5    DFMA                      r24            ,r6             ,r22            ,-r18           
  0x008b         0xb000001600160018 0x0001400160000000    @p5    DFMA                      r22            ,r22            ,r22            ,r24            
  0x008c         0x2f04000000028013 0x0001401000000000    @p5    AND                       r1             ,r2             ,~r19           
  0x008d         0x3004000000018012 0x0005401000000000    @p5    OR.dly1                   r1             ,r1             ,~r18           
  0x008e         0x3940400000000001 0x00054f7000000000    @p5    ICMPI.s.eq.dly1           p7             ,0              ,r1             
  0x008f         0x48000000000008f8 0x0001412000000000    @p5    MOV                       r18            ,PDC_1I         
  0x0090         0x48000000000008f0 0x0001413000000000    @p5    MOV                       r19            ,PDC_0          
  0x0091         0x0804000000120016 0x1001412000000000    @p5    IADDC                     r18            ,r18            ,r22            
  0x0092         0x204000f700130017 0x0005413000000000    @p5    SEL.s.dly1                r19            ,p7             ,r19            ,r23            
  0x0093         0x204000f700120016 0x0001412000000000    @p5    SEL.s                     r18            ,p7             ,r18            ,r22            
  0x0094         0xb800000000000012 0x0005400160000000    @p5    DFREXP.dly1               r22            ,r18            
  0x0095         0x0a400000ff800018 0x0001401000000000    @p5    IADDI.s                   r1             ,-128           ,r24            
  0x0096         0xb700000000010016 0x0001400160000000    @p5    DLDEXP                    r22            ,r1             ,r22            
  0x0097         0x204000f600170013 0x0001413000000000    @p5    SEL.s                     r19            ,p6             ,r23            ,r19            
  0x0098         0x204000f600160012 0x0001412000000000    @p5    SEL.s                     r18            ,p6             ,r22            ,r18            
  0x0099         0xb000000600128010 0x0001400160000000    @p5    DFMA                      r22            ,r6             ,r18            ,-r16           
  0x009a         0xb000001200160012 0x0001400120000000    @p5    DFMA                      r18            ,r18            ,r22            ,r18            
  0x009b         0xb000000600128010 0x0001400160000000    @p5    DFMA                      r22            ,r6             ,r18            ,-r16           
  0x009c         0xb000001200160012 0x0001400120000000    @p5    DFMA                      r18            ,r18            ,r22            ,r18            
  0x009d         0xb100000000120014 0x0001400160000000    @p5    DMUL                      r22            ,r18            ,r20            
  0x009e         0xb000001400168010 0x0001400100000000    @p5    DFMA                      r16            ,r20            ,r22            ,-r16           
  0x009f         0xb000001600120010 0x0001400100000000    @p5    DFMA                      r16            ,r22            ,r18            ,r16            
  0x00a0         0xb800000000000010 0x0001400120000000    @p5    DFREXP                    r18            ,r16            
  0x00a1         0x0a40000000800014 0x0001401000000000    @p5    IADDI.s                   r1             ,128            ,r20            
  0x00a2         0xb700000000010012 0x0001400120000000    @p5    DLDEXP                    r18            ,r1             ,r18            
  0x00a3         0x204000f200130011 0x0001411000000000    @p5    SEL.s                     r17            ,p2             ,r19            ,r17            
  0x00a4         0x204000f200120010 0x0001410000000000    @p5    SEL.s                     r16            ,p2             ,r18            ,r16            
  0x00a5         0x3300002c07ff0011 0x0001401000000000    @p5    ANDI                      r1             ,0x7ff          ,r17 >> 20      
  0x00a6         0x2f04000000020011 0x0001402000000000    @p5    AND                       r2             ,r2             ,r17            
  0x00a7         0x3940400007ff0001 0x00014f2000000000    @p5    ICMPI.s.eq                p2             ,2047           ,r1             
  0x00a8         0x3004000000020010 0x0001401000000000    @p5    OR                        r1             ,r2             ,r16            
  0x00a9         0x3940500000000001 0x00054f6000000000    @p5    ICMPI.s.ne.dly1           p6             ,0              ,r1             
  0x00aa         0x2f00000000f600f2 0x00014f2000000000    @p5    AND                       p2             ,p6             ,p2             
  0x00ab         0x4b000000fff00000 0x0001401000000000    @p5    MOVIMM                    r1             ,0xfff00000     
  0x00ac         0x4800000000000006 0x0001402000000000    @p5    MOV                       r2             ,r6             
  0x00ad         0x4800000000000006 0x000140a000000000    @p5    MOV                       r10            ,r6             
  0x00ae         0x204000f300010003 0x0001419000000000    @p5    SEL.s                     r25            ,p3             ,r1             ,r3             
  0x00af         0x204000f30002000a 0x0001418000000000    @p5    SEL.s                     r24            ,p3             ,r2             ,r10            
  0x00b0         0x2f00000000f580f2 0x00014f4000000000    @p5    AND                       p4             ,p5             ,~p2            
  0x00b1         0x4800000000000010 0x1001018000000000    @p4    MOV.rp1                   r24            ,r16            
                 __________________    .LABEL_3:
  0x00b2         0x4800000000000006 0x000000a000000000           MOV                       r10            ,r6             
  0x00b3         0xb60000000008000a 0x0004000012000000           DCMP.dly1.lt              r1             ,r8             ,r10            
  0x00b4         0x4800000000000001 0x00000f2000000000           MOV                       p2             ,r1             
  0x00b5         0x4800000000000006 0x0000003000000000           MOV                       r3             ,r6             
  0x00b6         0x204000f200070006 0x0000011000000000           SEL.s                     r17            ,p2             ,r7             ,r6             
  0x00b7         0x204000f200060003 0x0000010000000000           SEL.s                     r16            ,p2             ,r6             ,r3             
  0x00b8         0xb20000000010000e 0x00000000e0000000           DADD                      r14            ,r16            ,r14            
  0x00b9         0xb6000000000a0008 0x0000000012000000           DCMP.lt                   r1             ,r10            ,r8             
  0x00ba         0x4800000000000001 0x00000f2000000000           MOV                       p2             ,r1             
  0x00bb         0x204000f200070006 0x0000011000000000           SEL.s                     r17            ,p2             ,r7             ,r6             
  0x00bc         0x204000f200060003 0x0000010000000000           SEL.s                     r16            ,p2             ,r6             ,r3             
  0x00bd         0xb20000008010000c 0x00000000c0000000           DADD                      r12            ,-r16           ,r12            
  0x00be         0xb6000000000a0008 0x0000000014000000           DCMP.eq                   r1             ,r10            ,r8             
  0x00bf         0x4800000000000001 0x00000f2000000000           MOV                       p2             ,r1             
  0x00c0         0x204000f200070006 0x0000011000000000           SEL.s                     r17            ,p2             ,r7             ,r6             
  0x00c1         0x204000f200060003 0x0000010000000000           SEL.s                     r16            ,p2             ,r6             ,r3             
  0x00c2         0xb100000000100018 0x0000000100000000           DMUL                      r16            ,r16            ,r24            
  0x00c3         0xb6000000000a0008 0x0000000015000000           DCMP.ne                   r1             ,r10            ,r8             
  0x00c4         0x4800000000000001 0x00000f2000000000           MOV                       p2             ,r1             
  0x00c5         0x204000f200070006 0x0000007000000000           SEL.s                     r7             ,p2             ,r7             ,r6             
  0x00c6         0x204000f200060003 0x0000006000000000           SEL.s                     r6             ,p2             ,r6             ,r3             
  0x00c7         0xb100000000060010 0x0000000060000000           DMUL                      r6             ,r6             ,r16            
  0x00c8         0x4800000000000000 0x0000001000000000           MOV                       r1             ,r0             
  0x00c9         0xbb00000000000000 0x00000000a0000000           FP2DP                     r10            ,r0             
  0x00ca         0xb2000000000a000e 0x00000000a0000000           DADD                      r10            ,r10            ,r14            
  0x00cb         0xb900000000000008 0x0000000004000000           DP2FP.ov.rne              r0             ,r8             
  0x00cc         0xb200000080080004 0x0000000040000000           DADD                      r4             ,-r8            ,r4             
  0x00cd         0x60000000000008f0 0x0000000004000003           EMITF                     vso[3].x       ,PDC_0          
  0x00ce         0x600000000000000a 0x3000000004000000           EMITF                     vso[0].xyzw    ,r10            
  0x00cf         0x6000000000000004 0x3000000004000001           EMITF                     vso[1].xyzw    ,r4             
  0x00d0         0x6000000000000000 0x000000000c000002           EMITF.ve                  vso[2].x       ,r0             
  0x00d1         0xc300000000000000 0x0000000000000000           JUMP                      0              
[D] --------------------------------------------------------------------------
