[D] begin to dump hw reg setting in compile arguments:
[D] UsharpBase:   0
[D] MaxUsharpReg: 0
[D] MaxTsharpReg: 0
[D] MaxSsharpReg: 0
[D] MaxCsharpReg: 0
[D] MaxCbReg:     0
[D] ------------------------Begin Dump SC LLVM Module Info------------------------ [0000]
[D] target datalayout = "e-m:e-p:32:32-i1:32-i8:32-i16:32-i32:32-i64:64-f16:32-f32:32-f64:64-n8:16:32:64"
target triple = "dxil-ms-dx"

; Function Attrs: nounwind readnone
declare i32 @dx.op.outputControlPointID.i32(i32) #0

; Function Attrs: nounwind readnone
declare float @dx.op.loadInput.f32(i32, i32, i32, i8, i32) #0

; Function Attrs: nounwind
declare void @dx.op.storeOutput.f32(i32, i32, i32, i8, float) #1

define void @main() {
  
  ; 获取当前输出控制点的顶点索引
  %1 = call i32 @dx.op.outputControlPointID.i32(i32 107) 

  %2 = call float @dx.op.loadInput.f32(i32 4, i32 0, i32 0, i8 0, i32 %1) ; 最后一个参数为顶点索引
  %3 = call float @dx.op.loadInput.f32(i32 4, i32 0, i32 0, i8 1, i32 %1) ; 
  %4 = call float @dx.op.loadInput.f32(i32 4, i32 0, i32 0, i8 2, i32 %1)
  %5 = call float @dx.op.loadInput.f32(i32 4, i32 0, i32 0, i8 3, i32 %1)
<<<<<<< HEAD

=======
  
>>>>>>> 84571a8d5b46a9406f1025d72df2a7c03cab5163
  call void @dx.op.storeOutput.f32(i32 5, i32 1, i32 0, i8 0, float %2)
  call void @dx.op.storeOutput.f32(i32 5, i32 1, i32 0, i8 1, float %3)
  call void @dx.op.storeOutput.f32(i32 5, i32 1, i32 0, i8 2, float %4)
  call void @dx.op.storeOutput.f32(i32 5, i32 1, i32 0, i8 3, float %5)

  %6 = call float @dx.op.loadInput.f32(i32 4, i32 0, i32 1, i8 0, i32 %1)
  %7 = call float @dx.op.loadInput.f32(i32 4, i32 0, i32 1, i8 1, i32 %1)
  %8 = call float @dx.op.loadInput.f32(i32 4, i32 0, i32 1, i8 2, i32 %1)
  %9 = call float @dx.op.loadInput.f32(i32 4, i32 0, i32 1, i8 3, i32 %1)

  call void @dx.op.storeOutput.f32(i32 5, i32 0, i32 1, i8 0, float %6)
  call void @dx.op.storeOutput.f32(i32 5, i32 0, i32 1, i8 1, float %7)
  call void @dx.op.storeOutput.f32(i32 5, i32 0, i32 1, i8 2, float %8)
  call void @dx.op.storeOutput.f32(i32 5, i32 0, i32 1, i8 3, float %9)
  ret void
}

attributes #0 = { nounwind readnone }
attributes #1 = { nounwind }

!llvm.ident = !{!0}
!dx.version = !{!1}
!dx.valver = !{!2}
!dx.shaderModel = !{!3}
!dx.typeAnnotations = !{!4}
!dx.entryPoints = !{!8}
!dx.source.contents = !{!21, !22, !23}
!dx.vk.xfb = !{}

!0 = !{!"Mesa version 22.04@release"}
!1 = !{i32 1, i32 1}
!2 = !{i32 1, i32 4}
!3 = !{!"hs", i32 6, i32 1}
!4 = !{i32 1, void ()* @main, !5}
!5 = !{!6}
!6 = !{i32 0, !7, !7}
!7 = !{}
!8 = !{void ()* @main, !"main", !9, null, !18}
!9 = !{!10, !13, null}
!10 = !{!11}
!11 = !{i32 0, !"TEXCOORD", i8 9, i8 0, !12, i8 2, i32 2, i8 4, i32 0, i8 0, !7}
!12 = !{i32 0, i32 1}
!13 = !{!14, !16}
!14 = !{i32 0, !"TEXCOORD", i8 9, i8 0, !15, i8 2, i32 3, i8 4, i32 0, i8 0, !7}
!15 = !{i32 0, i32 1, i32 2}
!16 = !{i32 1, !"TEXCOORD", i8 9, i8 0, !17, i8 2, i32 4, i8 4, i32 3, i8 0, !7}
!17 = !{i32 3, i32 4, i32 5, i32 6}
!18 = !{i32 2, !19, i32 3, !20, i32 0, i64 1048576}
!19 = !{i32 1, i32 0}
!20 = !{i32 0, i32 0, i32 1, i32 1, i32 1, i32 2, float 0.000000e+00}
!21 = !{!"num_images", i32 0}
!22 = !{!"num_ssbos", i32 0}
!23 = !{!"float_controls_execution_mode", i32 0}


[D] ------------------------Begin Dump SC Shader Info------------------------ [0000]
[D] SCShaderVersion:                  :97
[D] SCShaderType:                     :1
[D] Dump Shader Flags:
[D]         bOutputDepth              :0
[D]         bOutputStencil            :0
[D]         bTexKill                  :0
[D]         bDiscard                  :0
[D]         bOutputMask               :0
[D]         bHasSampleFreqInput       :0
[D]         bHasPointCoord            :0
[D]         bHasEmitMask              :0
[D]         bHasEmitAlpha              :0
[D]         bPackWL                   :0
[D]         bPackWC                   :0
[D]         bNeedLinearW              :1
[D]         bNeedCentroidW            :0
[D]         bPosCentroid              :0
[D]         bFlatShading              :0
[D]         bConservativeDepth        :0
[D]         bConservativeDepthMode    :0
[D]         bForceEarlyDepthStencil   :0
[D]         bLSBuffer                 :0
[D]         bNeedPatchMovimm          :0
[D]         bHwCbMode                 :1
[D]         bMapImageToTSharp         :0
[D]         bPackFaceId               :0
[D]         bPackSampleId             :0
[D]         bPackPrimId               :0
[D]         bHasSampleLd2DMS          :0
[D]         bIntpAtSample             :0
[D]         bHasGMFlush               :0
[D]         bHasDouble                :0
[D]         bPixelCenterInteger       :0
[D]         bOriginUpperLeft          :0
[D]         bNeedPatchVerticesIn      :0
[D]         bNeedDenormPreserve       :0
[D]         bHasDfdy                  :0
[D]         bFp16DenormPerserve       :0
[D]         bFp32DenormPerserve       :0
[D]         bFp64DenormPerserve       :0
[D]         bFp16RoundingZero         :0
[D]         bFp32RoundingZero         :0
[D]         bFp64RoundingZero         :0
[D]         bDX9FConstRelative        :0
[D] Dump Input Flags:
[D]         bHasVertexID              :0
[D]         bHasRHW                   :0
[D]         bHasIsFrontFace           :0
[D]         bHasSampleMask            :0
[D]         bHasSampleIndex           :0
[D]         bHasSamplePos             :0
[D]         bHasPosition              :0
[D]         bHasRHWCentroid           :0
[D]         bHasBaseVertexID          :0
[D]         bHasBaseInstanceID        :0
[D]         bHasDrawID                :0
[D]         bHasPrimId                :0
[D]         bHasInstanceID            :0
[D]         bHasShadingRate           :0
[D] Dump Output Flags:
[D]         bHasPointSize             :0
[D]         bHasRTArrayIdx            :0
[D]         bHasClipDistanceSign      :0
[D]         bHasOMask                 :0
[D]         bHasVPArrayIndex          :0
[D]         bHasClipDistance          :0
[D]         bHasPrimId                :0
[D]         bHasEdgeFlag              :0
[D]         bHasPrimShadingRate       :0
[D] 

Dump Input Info:
[D] EntryCount              :8
[D] UsedBitMask             :3
[D] HwVectorCount           :2
[D] Entry 0------------------------------->
[D] Semantic=VARYING_DX10	55
[D] SemanticIndex           :0
[D] HwRegNo                 :0
[D] IoIndex                 :0
[D] ChannelIndex            :0
[D] Used                    :1
[D] bInterpolate            :1
[D] bCentroid               :0
[D] bPerspective            :1
[D] bSampleFreq             :0
[D] bIntVarying             :0
[D] bUIntVarying            :0
[D] bIntpAtCentroid         :0
[D] bIntpAtCenter           :0
[D] bIntpAtOffsetPxPy       :0
[D] bIntpAtSample           :0
[D] b64bits                 :0
[D] bCanPack                :0
[D] ExtendedIndex           :0
[D] Shared                  :0
[D] Entry 1------------------------------->
[D] Semantic=VARYING_DX10	55
[D] SemanticIndex           :0
[D] HwRegNo                 :0
[D] IoIndex                 :0
[D] ChannelIndex            :1
[D] Used                    :1
[D] bInterpolate            :1
[D] bCentroid               :0
[D] bPerspective            :1
[D] bSampleFreq             :0
[D] bIntVarying             :0
[D] bUIntVarying            :0
[D] bIntpAtCentroid         :0
[D] bIntpAtCenter           :0
[D] bIntpAtOffsetPxPy       :0
[D] bIntpAtSample           :0
[D] b64bits                 :0
[D] bCanPack                :0
[D] ExtendedIndex           :0
[D] Shared                  :0
[D] Entry 2------------------------------->
[D] Semantic=VARYING_DX10	55
[D] SemanticIndex           :0
[D] HwRegNo                 :0
[D] IoIndex                 :0
[D] ChannelIndex            :2
[D] Used                    :1
[D] bInterpolate            :1
[D] bCentroid               :0
[D] bPerspective            :1
[D] bSampleFreq             :0
[D] bIntVarying             :0
[D] bUIntVarying            :0
[D] bIntpAtCentroid         :0
[D] bIntpAtCenter           :0
[D] bIntpAtOffsetPxPy       :0
[D] bIntpAtSample           :0
[D] b64bits                 :0
[D] bCanPack                :0
[D] ExtendedIndex           :0
[D] Shared                  :0
[D] Entry 3------------------------------->
[D] Semantic=VARYING_DX10	55
[D] SemanticIndex           :0
[D] HwRegNo                 :0
[D] IoIndex                 :0
[D] ChannelIndex            :3
[D] Used                    :1
[D] bInterpolate            :1
[D] bCentroid               :0
[D] bPerspective            :1
[D] bSampleFreq             :0
[D] bIntVarying             :0
[D] bUIntVarying            :0
[D] bIntpAtCentroid         :0
[D] bIntpAtCenter           :0
[D] bIntpAtOffsetPxPy       :0
[D] bIntpAtSample           :0
[D] b64bits                 :0
[D] bCanPack                :0
[D] ExtendedIndex           :0
[D] Shared                  :0
[D] Entry 4------------------------------->
[D] Semantic=VARYING_DX10	55
[D] SemanticIndex           :1
[D] HwRegNo                 :0
[D] IoIndex                 :1
[D] ChannelIndex            :0
[D] Used                    :1
[D] bInterpolate            :1
[D] bCentroid               :0
[D] bPerspective            :1
[D] bSampleFreq             :0
[D] bIntVarying             :0
[D] bUIntVarying            :0
[D] bIntpAtCentroid         :0
[D] bIntpAtCenter           :0
[D] bIntpAtOffsetPxPy       :0
[D] bIntpAtSample           :0
[D] b64bits                 :0
[D] bCanPack                :0
[D] ExtendedIndex           :0
[D] Shared                  :0
[D] Entry 5------------------------------->
[D] Semantic=VARYING_DX10	55
[D] SemanticIndex           :1
[D] HwRegNo                 :0
[D] IoIndex                 :1
[D] ChannelIndex            :1
[D] Used                    :1
[D] bInterpolate            :1
[D] bCentroid               :0
[D] bPerspective            :1
[D] bSampleFreq             :0
[D] bIntVarying             :0
[D] bUIntVarying            :0
[D] bIntpAtCentroid         :0
[D] bIntpAtCenter           :0
[D] bIntpAtOffsetPxPy       :0
[D] bIntpAtSample           :0
[D] b64bits                 :0
[D] bCanPack                :0
[D] ExtendedIndex           :0
[D] Shared                  :0
[D] Entry 6------------------------------->
[D] Semantic=VARYING_DX10	55
[D] SemanticIndex           :1
[D] HwRegNo                 :0
[D] IoIndex                 :1
[D] ChannelIndex            :2
[D] Used                    :1
[D] bInterpolate            :1
[D] bCentroid               :0
[D] bPerspective            :1
[D] bSampleFreq             :0
[D] bIntVarying             :0
[D] bUIntVarying            :0
[D] bIntpAtCentroid         :0
[D] bIntpAtCenter           :0
[D] bIntpAtOffsetPxPy       :0
[D] bIntpAtSample           :0
[D] b64bits                 :0
[D] bCanPack                :0
[D] ExtendedIndex           :0
[D] Shared                  :0
[D] Entry 7------------------------------->
[D] Semantic=VARYING_DX10	55
[D] SemanticIndex           :1
[D] HwRegNo                 :0
[D] IoIndex                 :1
[D] ChannelIndex            :3
[D] Used                    :1
[D] bInterpolate            :1
[D] bCentroid               :0
[D] bPerspective            :1
[D] bSampleFreq             :0
[D] bIntVarying             :0
[D] bUIntVarying            :0
[D] bIntpAtCentroid         :0
[D] bIntpAtCenter           :0
[D] bIntpAtOffsetPxPy       :0
[D] bIntpAtSample           :0
[D] b64bits                 :0
[D] bCanPack                :0
[D] ExtendedIndex           :0
[D] Shared                  :0
[D] 

Dump Output Info:
[D] EntryCount              :28
[D] UsedBitMask             :7f
[D] HwVectorCount           :7
[D] Entry 0------------------------------->
[D] Semantic=VARYING_DX10	55
[D] SemanticIndex           :0
[D] HwRegNo                 :0
[D] IoIndex                 :0
[D] ChannelIndex            :0
[D] Used                    :1
[D] bInterpolate            :1
[D] bCentroid               :0
[D] bPerspective            :1
[D] bSampleFreq             :0
[D] bIntVarying             :0
[D] bUIntVarying            :0
[D] bIntpAtCentroid         :0
[D] bIntpAtCenter           :0
[D] bIntpAtOffsetPxPy       :0
[D] bIntpAtSample           :0
[D] b64bits                 :0
[D] bCanPack                :0
[D] ExtendedIndex           :0
[D] Shared                  :0
[D] Entry 1------------------------------->
[D] Semantic=VARYING_DX10	55
[D] SemanticIndex           :0
[D] HwRegNo                 :0
[D] IoIndex                 :0
[D] ChannelIndex            :1
[D] Used                    :1
[D] bInterpolate            :1
[D] bCentroid               :0
[D] bPerspective            :1
[D] bSampleFreq             :0
[D] bIntVarying             :0
[D] bUIntVarying            :0
[D] bIntpAtCentroid         :0
[D] bIntpAtCenter           :0
[D] bIntpAtOffsetPxPy       :0
[D] bIntpAtSample           :0
[D] b64bits                 :0
[D] bCanPack                :0
[D] ExtendedIndex           :0
[D] Shared                  :0
[D] Entry 2------------------------------->
[D] Semantic=VARYING_DX10	55
[D] SemanticIndex           :0
[D] HwRegNo                 :0
[D] IoIndex                 :0
[D] ChannelIndex            :2
[D] Used                    :1
[D] bInterpolate            :1
[D] bCentroid               :0
[D] bPerspective            :1
[D] bSampleFreq             :0
[D] bIntVarying             :0
[D] bUIntVarying            :0
[D] bIntpAtCentroid         :0
[D] bIntpAtCenter           :0
[D] bIntpAtOffsetPxPy       :0
[D] bIntpAtSample           :0
[D] b64bits                 :0
[D] bCanPack                :0
[D] ExtendedIndex           :0
[D] Shared                  :0
[D] Entry 3------------------------------->
[D] Semantic=VARYING_DX10	55
[D] SemanticIndex           :0
[D] HwRegNo                 :0
[D] IoIndex                 :0
[D] ChannelIndex            :3
[D] Used                    :1
[D] bInterpolate            :1
[D] bCentroid               :0
[D] bPerspective            :1
[D] bSampleFreq             :0
[D] bIntVarying             :0
[D] bUIntVarying            :0
[D] bIntpAtCentroid         :0
[D] bIntpAtCenter           :0
[D] bIntpAtOffsetPxPy       :0
[D] bIntpAtSample           :0
[D] b64bits                 :0
[D] bCanPack                :0
[D] ExtendedIndex           :0
[D] Shared                  :0
[D] Entry 4------------------------------->
[D] Semantic=VARYING_DX10	55
[D] SemanticIndex           :1
[D] HwRegNo                 :0
[D] IoIndex                 :1
[D] ChannelIndex            :0
[D] Used                    :1
[D] bInterpolate            :1
[D] bCentroid               :0
[D] bPerspective            :1
[D] bSampleFreq             :0
[D] bIntVarying             :0
[D] bUIntVarying            :0
[D] bIntpAtCentroid         :0
[D] bIntpAtCenter           :0
[D] bIntpAtOffsetPxPy       :0
[D] bIntpAtSample           :0
[D] b64bits                 :0
[D] bCanPack                :0
[D] ExtendedIndex           :0
[D] Shared                  :0
[D] Entry 5------------------------------->
[D] Semantic=VARYING_DX10	55
[D] SemanticIndex           :1
[D] HwRegNo                 :0
[D] IoIndex                 :1
[D] ChannelIndex            :1
[D] Used                    :1
[D] bInterpolate            :1
[D] bCentroid               :0
[D] bPerspective            :1
[D] bSampleFreq             :0
[D] bIntVarying             :0
[D] bUIntVarying            :0
[D] bIntpAtCentroid         :0
[D] bIntpAtCenter           :0
[D] bIntpAtOffsetPxPy       :0
[D] bIntpAtSample           :0
[D] b64bits                 :0
[D] bCanPack                :0
[D] ExtendedIndex           :0
[D] Shared                  :0
[D] Entry 6------------------------------->
[D] Semantic=VARYING_DX10	55
[D] SemanticIndex           :1
[D] HwRegNo                 :0
[D] IoIndex                 :1
[D] ChannelIndex            :2
[D] Used                    :1
[D] bInterpolate            :1
[D] bCentroid               :0
[D] bPerspective            :1
[D] bSampleFreq             :0
[D] bIntVarying             :0
[D] bUIntVarying            :0
[D] bIntpAtCentroid         :0
[D] bIntpAtCenter           :0
[D] bIntpAtOffsetPxPy       :0
[D] bIntpAtSample           :0
[D] b64bits                 :0
[D] bCanPack                :0
[D] ExtendedIndex           :0
[D] Shared                  :0
[D] Entry 7------------------------------->
[D] Semantic=VARYING_DX10	55
[D] SemanticIndex           :1
[D] HwRegNo                 :0
[D] IoIndex                 :1
[D] ChannelIndex            :3
[D] Used                    :1
[D] bInterpolate            :1
[D] bCentroid               :0
[D] bPerspective            :1
[D] bSampleFreq             :0
[D] bIntVarying             :0
[D] bUIntVarying            :0
[D] bIntpAtCentroid         :0
[D] bIntpAtCenter           :0
[D] bIntpAtOffsetPxPy       :0
[D] bIntpAtSample           :0
[D] b64bits                 :0
[D] bCanPack                :0
[D] ExtendedIndex           :0
[D] Shared                  :0
[D] Entry 8------------------------------->
[D] Semantic=VARYING_DX10	55
[D] SemanticIndex           :2
[D] HwRegNo                 :0
[D] IoIndex                 :2
[D] ChannelIndex            :0
[D] Used                    :1
[D] bInterpolate            :1
[D] bCentroid               :0
[D] bPerspective            :1
[D] bSampleFreq             :0
[D] bIntVarying             :0
[D] bUIntVarying            :0
[D] bIntpAtCentroid         :0
[D] bIntpAtCenter           :0
[D] bIntpAtOffsetPxPy       :0
[D] bIntpAtSample           :0
[D] b64bits                 :0
[D] bCanPack                :0
[D] ExtendedIndex           :0
[D] Shared                  :0
[D] Entry 9------------------------------->
[D] Semantic=VARYING_DX10	55
[D] SemanticIndex           :2
[D] HwRegNo                 :0
[D] IoIndex                 :2
[D] ChannelIndex            :1
[D] Used                    :1
[D] bInterpolate            :1
[D] bCentroid               :0
[D] bPerspective            :1
[D] bSampleFreq             :0
[D] bIntVarying             :0
[D] bUIntVarying            :0
[D] bIntpAtCentroid         :0
[D] bIntpAtCenter           :0
[D] bIntpAtOffsetPxPy       :0
[D] bIntpAtSample           :0
[D] b64bits                 :0
[D] bCanPack                :0
[D] ExtendedIndex           :0
[D] Shared                  :0
[D] Entry 10------------------------------->
[D] Semantic=VARYING_DX10	55
[D] SemanticIndex           :2
[D] HwRegNo                 :0
[D] IoIndex                 :2
[D] ChannelIndex            :2
[D] Used                    :1
[D] bInterpolate            :1
[D] bCentroid               :0
[D] bPerspective            :1
[D] bSampleFreq             :0
[D] bIntVarying             :0
[D] bUIntVarying            :0
[D] bIntpAtCentroid         :0
[D] bIntpAtCenter           :0
[D] bIntpAtOffsetPxPy       :0
[D] bIntpAtSample           :0
[D] b64bits                 :0
[D] bCanPack                :0
[D] ExtendedIndex           :0
[D] Shared                  :0
[D] Entry 11------------------------------->
[D] Semantic=VARYING_DX10	55
[D] SemanticIndex           :2
[D] HwRegNo                 :0
[D] IoIndex                 :2
[D] ChannelIndex            :3
[D] Used                    :1
[D] bInterpolate            :1
[D] bCentroid               :0
[D] bPerspective            :1
[D] bSampleFreq             :0
[D] bIntVarying             :0
[D] bUIntVarying            :0
[D] bIntpAtCentroid         :0
[D] bIntpAtCenter           :0
[D] bIntpAtOffsetPxPy       :0
[D] bIntpAtSample           :0
[D] b64bits                 :0
[D] bCanPack                :0
[D] ExtendedIndex           :0
[D] Shared                  :0
[D] Entry 12------------------------------->
[D] Semantic=VARYING_DX10	55
[D] SemanticIndex           :3
[D] HwRegNo                 :0
[D] IoIndex                 :3
[D] ChannelIndex            :0
[D] Used                    :1
[D] bInterpolate            :1
[D] bCentroid               :0
[D] bPerspective            :1
[D] bSampleFreq             :0
[D] bIntVarying             :0
[D] bUIntVarying            :0
[D] bIntpAtCentroid         :0
[D] bIntpAtCenter           :0
[D] bIntpAtOffsetPxPy       :0
[D] bIntpAtSample           :0
[D] b64bits                 :0
[D] bCanPack                :0
[D] ExtendedIndex           :0
[D] Shared                  :0
[D] Entry 13------------------------------->
[D] Semantic=VARYING_DX10	55
[D] SemanticIndex           :3
[D] HwRegNo                 :0
[D] IoIndex                 :3
[D] ChannelIndex            :1
[D] Used                    :1
[D] bInterpolate            :1
[D] bCentroid               :0
[D] bPerspective            :1
[D] bSampleFreq             :0
[D] bIntVarying             :0
[D] bUIntVarying            :0
[D] bIntpAtCentroid         :0
[D] bIntpAtCenter           :0
[D] bIntpAtOffsetPxPy       :0
[D] bIntpAtSample           :0
[D] b64bits                 :0
[D] bCanPack                :0
[D] ExtendedIndex           :0
[D] Shared                  :0
[D] Entry 14------------------------------->
[D] Semantic=VARYING_DX10	55
[D] SemanticIndex           :3
[D] HwRegNo                 :0
[D] IoIndex                 :3
[D] ChannelIndex            :2
[D] Used                    :1
[D] bInterpolate            :1
[D] bCentroid               :0
[D] bPerspective            :1
[D] bSampleFreq             :0
[D] bIntVarying             :0
[D] bUIntVarying            :0
[D] bIntpAtCentroid         :0
[D] bIntpAtCenter           :0
[D] bIntpAtOffsetPxPy       :0
[D] bIntpAtSample           :0
[D] b64bits                 :0
[D] bCanPack                :0
[D] ExtendedIndex           :0
[D] Shared                  :0
[D] Entry 15------------------------------->
[D] Semantic=VARYING_DX10	55
[D] SemanticIndex           :3
[D] HwRegNo                 :0
[D] IoIndex                 :3
[D] ChannelIndex            :3
[D] Used                    :1
[D] bInterpolate            :1
[D] bCentroid               :0
[D] bPerspective            :1
[D] bSampleFreq             :0
[D] bIntVarying             :0
[D] bUIntVarying            :0
[D] bIntpAtCentroid         :0
[D] bIntpAtCenter           :0
[D] bIntpAtOffsetPxPy       :0
[D] bIntpAtSample           :0
[D] b64bits                 :0
[D] bCanPack                :0
[D] ExtendedIndex           :0
[D] Shared                  :0
[D] Entry 16------------------------------->
[D] Semantic=VARYING_DX10	55
[D] SemanticIndex           :4
[D] HwRegNo                 :0
[D] IoIndex                 :4
[D] ChannelIndex            :0
[D] Used                    :1
[D] bInterpolate            :1
[D] bCentroid               :0
[D] bPerspective            :1
[D] bSampleFreq             :0
[D] bIntVarying             :0
[D] bUIntVarying            :0
[D] bIntpAtCentroid         :0
[D] bIntpAtCenter           :0
[D] bIntpAtOffsetPxPy       :0
[D] bIntpAtSample           :0
[D] b64bits                 :0
[D] bCanPack                :0
[D] ExtendedIndex           :0
[D] Shared                  :0
[D] Entry 17------------------------------->
[D] Semantic=VARYING_DX10	55
[D] SemanticIndex           :4
[D] HwRegNo                 :0
[D] IoIndex                 :4
[D] ChannelIndex            :1
[D] Used                    :1
[D] bInterpolate            :1
[D] bCentroid               :0
[D] bPerspective            :1
[D] bSampleFreq             :0
[D] bIntVarying             :0
[D] bUIntVarying            :0
[D] bIntpAtCentroid         :0
[D] bIntpAtCenter           :0
[D] bIntpAtOffsetPxPy       :0
[D] bIntpAtSample           :0
[D] b64bits                 :0
[D] bCanPack                :0
[D] ExtendedIndex           :0
[D] Shared                  :0
[D] Entry 18------------------------------->
[D] Semantic=VARYING_DX10	55
[D] SemanticIndex           :4
[D] HwRegNo                 :0
[D] IoIndex                 :4
[D] ChannelIndex            :2
[D] Used                    :1
[D] bInterpolate            :1
[D] bCentroid               :0
[D] bPerspective            :1
[D] bSampleFreq             :0
[D] bIntVarying             :0
[D] bUIntVarying            :0
[D] bIntpAtCentroid         :0
[D] bIntpAtCenter           :0
[D] bIntpAtOffsetPxPy       :0
[D] bIntpAtSample           :0
[D] b64bits                 :0
[D] bCanPack                :0
[D] ExtendedIndex           :0
[D] Shared                  :0
[D] Entry 19------------------------------->
[D] Semantic=VARYING_DX10	55
[D] SemanticIndex           :4
[D] HwRegNo                 :0
[D] IoIndex                 :4
[D] ChannelIndex            :3
[D] Used                    :1
[D] bInterpolate            :1
[D] bCentroid               :0
[D] bPerspective            :1
[D] bSampleFreq             :0
[D] bIntVarying             :0
[D] bUIntVarying            :0
[D] bIntpAtCentroid         :0
[D] bIntpAtCenter           :0
[D] bIntpAtOffsetPxPy       :0
[D] bIntpAtSample           :0
[D] b64bits                 :0
[D] bCanPack                :0
[D] ExtendedIndex           :0
[D] Shared                  :0
[D] Entry 20------------------------------->
[D] Semantic=VARYING_DX10	55
[D] SemanticIndex           :5
[D] HwRegNo                 :0
[D] IoIndex                 :5
[D] ChannelIndex            :0
[D] Used                    :1
[D] bInterpolate            :1
[D] bCentroid               :0
[D] bPerspective            :1
[D] bSampleFreq             :0
[D] bIntVarying             :0
[D] bUIntVarying            :0
[D] bIntpAtCentroid         :0
[D] bIntpAtCenter           :0
[D] bIntpAtOffsetPxPy       :0
[D] bIntpAtSample           :0
[D] b64bits                 :0
[D] bCanPack                :0
[D] ExtendedIndex           :0
[D] Shared                  :0
[D] Entry 21------------------------------->
[D] Semantic=VARYING_DX10	55
[D] SemanticIndex           :5
[D] HwRegNo                 :0
[D] IoIndex                 :5
[D] ChannelIndex            :1
[D] Used                    :1
[D] bInterpolate            :1
[D] bCentroid               :0
[D] bPerspective            :1
[D] bSampleFreq             :0
[D] bIntVarying             :0
[D] bUIntVarying            :0
[D] bIntpAtCentroid         :0
[D] bIntpAtCenter           :0
[D] bIntpAtOffsetPxPy       :0
[D] bIntpAtSample           :0
[D] b64bits                 :0
[D] bCanPack                :0
[D] ExtendedIndex           :0
[D] Shared                  :0
[D] Entry 22------------------------------->
[D] Semantic=VARYING_DX10	55
[D] SemanticIndex           :5
[D] HwRegNo                 :0
[D] IoIndex                 :5
[D] ChannelIndex            :2
[D] Used                    :1
[D] bInterpolate            :1
[D] bCentroid               :0
[D] bPerspective            :1
[D] bSampleFreq             :0
[D] bIntVarying             :0
[D] bUIntVarying            :0
[D] bIntpAtCentroid         :0
[D] bIntpAtCenter           :0
[D] bIntpAtOffsetPxPy       :0
[D] bIntpAtSample           :0
[D] b64bits                 :0
[D] bCanPack                :0
[D] ExtendedIndex           :0
[D] Shared                  :0
[D] Entry 23------------------------------->
[D] Semantic=VARYING_DX10	55
[D] SemanticIndex           :5
[D] HwRegNo                 :0
[D] IoIndex                 :5
[D] ChannelIndex            :3
[D] Used                    :1
[D] bInterpolate            :1
[D] bCentroid               :0
[D] bPerspective            :1
[D] bSampleFreq             :0
[D] bIntVarying             :0
[D] bUIntVarying            :0
[D] bIntpAtCentroid         :0
[D] bIntpAtCenter           :0
[D] bIntpAtOffsetPxPy       :0
[D] bIntpAtSample           :0
[D] b64bits                 :0
[D] bCanPack                :0
[D] ExtendedIndex           :0
[D] Shared                  :0
[D] Entry 24------------------------------->
[D] Semantic=VARYING_DX10	55
[D] SemanticIndex           :6
[D] HwRegNo                 :0
[D] IoIndex                 :6
[D] ChannelIndex            :0
[D] Used                    :1
[D] bInterpolate            :1
[D] bCentroid               :0
[D] bPerspective            :1
[D] bSampleFreq             :0
[D] bIntVarying             :0
[D] bUIntVarying            :0
[D] bIntpAtCentroid         :0
[D] bIntpAtCenter           :0
[D] bIntpAtOffsetPxPy       :0
[D] bIntpAtSample           :0
[D] b64bits                 :0
[D] bCanPack                :0
[D] ExtendedIndex           :0
[D] Shared                  :0
[D] Entry 25------------------------------->
[D] Semantic=VARYING_DX10	55
[D] SemanticIndex           :6
[D] HwRegNo                 :0
[D] IoIndex                 :6
[D] ChannelIndex            :1
[D] Used                    :1
[D] bInterpolate            :1
[D] bCentroid               :0
[D] bPerspective            :1
[D] bSampleFreq             :0
[D] bIntVarying             :0
[D] bUIntVarying            :0
[D] bIntpAtCentroid         :0
[D] bIntpAtCenter           :0
[D] bIntpAtOffsetPxPy       :0
[D] bIntpAtSample           :0
[D] b64bits                 :0
[D] bCanPack                :0
[D] ExtendedIndex           :0
[D] Shared                  :0
[D] Entry 26------------------------------->
[D] Semantic=VARYING_DX10	55
[D] SemanticIndex           :6
[D] HwRegNo                 :0
[D] IoIndex                 :6
[D] ChannelIndex            :2
[D] Used                    :1
[D] bInterpolate            :1
[D] bCentroid               :0
[D] bPerspective            :1
[D] bSampleFreq             :0
[D] bIntVarying             :0
[D] bUIntVarying            :0
[D] bIntpAtCentroid         :0
[D] bIntpAtCenter           :0
[D] bIntpAtOffsetPxPy       :0
[D] bIntpAtSample           :0
[D] b64bits                 :0
[D] bCanPack                :0
[D] ExtendedIndex           :0
[D] Shared                  :0
[D] Entry 27------------------------------->
[D] Semantic=VARYING_DX10	55
[D] SemanticIndex           :6
[D] HwRegNo                 :0
[D] IoIndex                 :6
[D] ChannelIndex            :3
[D] Used                    :1
[D] bInterpolate            :1
[D] bCentroid               :0
[D] bPerspective            :1
[D] bSampleFreq             :0
[D] bIntVarying             :0
[D] bUIntVarying            :0
[D] bIntpAtCentroid         :0
[D] bIntpAtCenter           :0
[D] bIntpAtOffsetPxPy       :0
[D] bIntpAtSample           :0
[D] b64bits                 :0
[D] bCanPack                :0
[D] ExtendedIndex           :0
[D] Shared                  :0
[D] 

Dump Patch Constant Info:
[D] EntryCount              :0
[D] UsedBitMask             :0
[D] HwVectorCount           :0
[D] Dump Cbv  Info:
[D] ResRangeCount              :0
[D] Dump Srv  Info:
[D] ResRangeCount              :0
[D] Dump Sampler  Info:
[D] ResRangeCount              :0
[D] Dump Uav  Info:
[D]         ResRangeCount              :0
[D] Dump Resource Query  Info:
[D]         TexSizeQueryCnt            :0
[D]         ImgSizeQueryCnt            :0
[D]         TexSamplePosQueryCnt       :0
[D]         OglSsbQueryCnt             :0
[D] Dump Cb Insternal Desc  Info:
[D]         CbInternalUsedMask     :0
[D]         CbInternalDesc Offset     :0
[D]         CbInternalDesc Size       :0
[D]         CbInternalDesc Offset     :0
[D]         CbInternalDesc Size       :0
[D]         CbInternalDesc Offset     :0
[D]         CbInternalDesc Size       :0
[D]         CbInternalDesc Offset     :0
[D]         CbInternalDesc Size       :0
[D]         CbInternalDesc Offset     :0
[D]         CbInternalDesc Size       :0
[D]         CbInternalDesc Offset     :0
[D]         CbInternalDesc Size       :0
[D]         CbInternalDesc Offset     :0
[D]         CbInternalDesc Size       :0
[D]         CbInternalDesc Offset     :0
[D]         CbInternalDesc Size       :0
[D]         CbInternalDesc Offset     :0
[D]         CbInternalDesc Size       :0
[D]         CbInternalDesc Offset     :0
[D]         CbInternalDesc Size       :0
[D]         CbInternalDesc Offset     :0
[D]         CbInternalDesc Size       :0
[D]         CbInternalDesc Offset     :0
[D]         CbInternalDesc Size       :0
[D]         CbInternalDesc Offset     :0
[D]         CbInternalDesc Size       :0
[D]         CbInternalDesc Offset     :0
[D]         CbInternalDesc Size       :0
[D]         CbInternalDesc Offset     :0
[D]         CbInternalDesc Size       :0
[D]         CbInternalDesc Offset     :0
[D]         CbInternalDesc Size       :0
[D]         CbInternalDesc Offset     :0
[D]         CbInternalDesc Size       :0
[D]         CbInternalDesc Offset     :0
[D]         CbInternalDesc Size       :0
[D]         CbInternalDesc Offset     :0
[D]         CbInternalDesc Size       :0
[D] Dump ImmPatch  Info:
[D] Num ImmPatches:
[D] Dump TS  Info:
[D]         IcpCount                  :0
[D]         OcpCount                  :1
[D]         TessDomain                :0
[D]         TessPartition             :0
[D]         OutPrimType               :1
[D]         MaxTessFactor             :0
[D] Dump Vulkan Xfb  Info:
[D]         XfbItemCount              :0
[D] Dump Other Shader Info:
[D]         TSharpForCb               :-1
[D]         ViewCount                 :0
[D]         SharedVC                  :0
[D]         SimdMode                  :0
[D]         EuBlendCrf                :0
[D]         OglImageNum               :0
[D]         OglStorageBufferNum       :0
[D]         OutPosEntryIdx            :0
[D]         OutPointSizeEntryIdx      :0
[D]         OutRTArrayIdxEntryIdx     :0
[D]         OutFakeDistSignEntryIdx   :0
[D]         OutVPArrayIdxEntryIdx     :0
[D]         OutputEdgeFlagEntryIdx    :0
[D]         PxPyCount                 :0
[D]         PcCount                   :0
[D]         PMSize                    :0
[D]         DxBufCounterMask          :0
[D]         DxBufCounterResID         :0
[D]         VsNormalAttrCrfStart      :0
[D]         ConstInfoFlag             :0
[D] HS CrfCount        : 8 ShareMemSize= 0
[D] HS InstrCount        : 8
[D] begin to dump shader code:
[D] --------------------------------------------------------------------------
[D]    PC                         Instruction                                  Content                                                                                             
  0x0000         0x60000000000008f0 0x3000000004100000           EMITF                     ocp[0].xyzw    ,PDC_0          
  0x0001         0x60000000000008f0 0x3000000004100002           EMITF                     ocp[2].xyzw    ,PDC_0          
  0x0002         0x60000000000008f0 0x3000000004100004           EMITF                     ocp[4].xyzw    ,PDC_0          
  0x0003         0x60000000000008f0 0x3000000004100005           EMITF                     ocp[5].xyzw    ,PDC_0          
  0x0004         0x60000000000008f0 0x3000000004100006           EMITF                     ocp[6].xyzw    ,PDC_0          
  0x0005         0x5e00000000000000 0x3000000004100043           ILD2VC.e1                 ocp[3].xyzw    ,void           ,icp[0][0]      
  0x0006         0x5e00000000010000 0x300000000c100041           ILD2VC.ve.e1              ocp[1].xyzw    ,void           ,icp[0][1]      
  0x0007         0xc300000000000000 0x0000000000000000           JUMP                      0              
[D] --------------------------------------------------------------------------
