[D] begin to dump hw reg setting in compile arguments:
[D] UsharpBase:   0
[D] MaxUsharpReg: 0
[D] MaxTsharpReg: 0
[D] MaxSsharpReg: 0
[D] MaxCsharpReg: 0
[D] MaxCbReg:     0
[D] ------------------------Begin Dump SC LLVM Module Info------------------------ [0000]
[D] target datalayout = "e-m:e-p:32:32-i1:32-i8:32-i16:32-i32:32-i64:64-f16:32-f32:32-f64:64-n8:16:32:64"
target triple = "dxil-ms-dx"

; Function Attrs: nounwind readnone
declare float @dx.op.loadInput.f32(i32, i32, i32, i8, i32) #0

; Function Attrs: nounwind
declare void @dx.op.storeOutput.f32(i32, i32, i32, i8, float) #1

define void @main() {
  %1 = call float @dx.op.loadInput.f32(i32 4, i32 0, i32 0, i8 0, i32 undef)
  %2 = call float @dx.op.loadInput.f32(i32 4, i32 0, i32 0, i8 1, i32 undef)
  %3 = call float @dx.op.loadInput.f32(i32 4, i32 0, i32 0, i8 2, i32 undef)
  %4 = call float @dx.op.loadInput.f32(i32 4, i32 1, i32 0, i8 0, i32 undef)
  %5 = call float @dx.op.loadInput.f32(i32 4, i32 1, i32 0, i8 1, i32 undef)
  %6 = call float @dx.op.loadInput.f32(i32 4, i32 1, i32 0, i8 2, i32 undef)
  %7 = fadd fast float %1, %4
  %8 = fadd fast float %2, %5
  %9 = fadd fast float %3, %6
  %10 = call float @dx.op.loadInput.f32(i32 4, i32 2, i32 0, i8 0, i32 undef)
  %11 = call float @dx.op.loadInput.f32(i32 4, i32 2, i32 0, i8 1, i32 undef)
  %12 = call float @dx.op.loadInput.f32(i32 4, i32 2, i32 0, i8 2, i32 undef)
  %13 = call float @dx.op.loadInput.f32(i32 4, i32 3, i32 0, i8 0, i32 undef)
  %14 = call float @dx.op.loadInput.f32(i32 4, i32 3, i32 0, i8 1, i32 undef)
  %15 = call float @dx.op.loadInput.f32(i32 4, i32 3, i32 0, i8 2, i32 undef)
  %16 = fadd fast float %10, %13
  %17 = fadd fast float %11, %14
  %18 = fadd fast float %12, %15
  %19 = call float @dx.op.loadInput.f32(i32 4, i32 4, i32 0, i8 0, i32 undef)
  %20 = call float @dx.op.loadInput.f32(i32 4, i32 4, i32 0, i8 1, i32 undef)
  %21 = call float @dx.op.loadInput.f32(i32 4, i32 4, i32 0, i8 2, i32 undef)
  %22 = call float @dx.op.loadInput.f32(i32 4, i32 5, i32 0, i8 0, i32 undef)
  %23 = call float @dx.op.loadInput.f32(i32 4, i32 5, i32 0, i8 1, i32 undef)
  %24 = call float @dx.op.loadInput.f32(i32 4, i32 5, i32 0, i8 2, i32 undef)
  %25 = fadd fast float %19, %22
  %26 = fadd fast float %20, %23
  %27 = fadd fast float %21, %24
  %28 = call float @dx.op.loadInput.f32(i32 4, i32 6, i32 0, i8 0, i32 undef)
  %29 = call float @dx.op.loadInput.f32(i32 4, i32 6, i32 0, i8 1, i32 undef)
  %30 = call float @dx.op.loadInput.f32(i32 4, i32 6, i32 0, i8 2, i32 undef)
  %31 = call float @dx.op.loadInput.f32(i32 4, i32 7, i32 0, i8 0, i32 undef)
  %32 = call float @dx.op.loadInput.f32(i32 4, i32 7, i32 0, i8 1, i32 undef)
  %33 = call float @dx.op.loadInput.f32(i32 4, i32 7, i32 0, i8 2, i32 undef)
  %34 = fadd fast float %28, %31
  %35 = fadd fast float %29, %32
  %36 = fadd fast float %30, %33
  %37 = call float @dx.op.loadInput.f32(i32 4, i32 8, i32 0, i8 0, i32 undef)
  %38 = call float @dx.op.loadInput.f32(i32 4, i32 8, i32 0, i8 1, i32 undef)
  %39 = call float @dx.op.loadInput.f32(i32 4, i32 8, i32 0, i8 2, i32 undef)
  %40 = call float @dx.op.loadInput.f32(i32 4, i32 9, i32 0, i8 0, i32 undef)
  %41 = call float @dx.op.loadInput.f32(i32 4, i32 9, i32 0, i8 1, i32 undef)
  %42 = call float @dx.op.loadInput.f32(i32 4, i32 9, i32 0, i8 2, i32 undef)
  %43 = fadd fast float %37, %40
  %44 = fadd fast float %38, %41
  %45 = fadd fast float %39, %42
  %46 = mul i32 0, 3
  %47 = add i32 %46, 0
  call void @dx.op.storeOutput.f32(i32 5, i32 2, i32 %47, i8 0, float %25)
  call void @dx.op.storeOutput.f32(i32 5, i32 2, i32 %47, i8 1, float %26)
  call void @dx.op.storeOutput.f32(i32 5, i32 2, i32 %47, i8 2, float %27)
  %48 = mul i32 0, 3
  %49 = add i32 %48, 1
  call void @dx.op.storeOutput.f32(i32 5, i32 2, i32 %49, i8 0, float %34)
  call void @dx.op.storeOutput.f32(i32 5, i32 2, i32 %49, i8 1, float %35)
  call void @dx.op.storeOutput.f32(i32 5, i32 2, i32 %49, i8 2, float %36)
  %50 = mul i32 0, 3
  %51 = add i32 %50, 2
  call void @dx.op.storeOutput.f32(i32 5, i32 2, i32 %51, i8 0, float %43)
  call void @dx.op.storeOutput.f32(i32 5, i32 2, i32 %51, i8 1, float %44)
  call void @dx.op.storeOutput.f32(i32 5, i32 2, i32 %51, i8 2, float %45)
  call void @dx.op.storeOutput.f32(i32 5, i32 0, i32 0, i8 0, float %7)
  call void @dx.op.storeOutput.f32(i32 5, i32 0, i32 0, i8 1, float %8)
  call void @dx.op.storeOutput.f32(i32 5, i32 0, i32 0, i8 2, float %9)
  call void @dx.op.storeOutput.f32(i32 5, i32 1, i32 0, i8 0, float %16)
  call void @dx.op.storeOutput.f32(i32 5, i32 1, i32 0, i8 1, float %17)
  call void @dx.op.storeOutput.f32(i32 5, i32 1, i32 0, i8 2, float %18)
  ret void
}

attributes #0 = { nounwind readnone }
attributes #1 = { nounwind }

!llvm.ident = !{!0}
!dx.version = !{!1}
!dx.valver = !{!2}
!dx.shaderModel = !{!3}
!dx.typeAnnotations = !{!4}
!dx.entryPoints = !{!8}
!dx.source.contents = !{!37, !38, !39}
!dx.vk.xfb = !{}

!0 = !{!"Mesa version 22.04@release"}
!1 = !{i32 1, i32 1}
!2 = !{i32 1, i32 4}
!3 = !{!"vs", i32 6, i32 1}
!4 = !{i32 1, void ()* @main, !5}
!5 = !{!6}
!6 = !{i32 0, !7, !7}
!7 = !{}
!8 = !{void ()* @main, !"main", !9, null, !36}
!9 = !{!10, !31, null}
!10 = !{!11, !13, !15, !17, !19, !21, !23, !25, !27, !29}
!11 = !{i32 0, !"TEXCOORD", i8 9, i8 0, !12, i8 0, i32 1, i8 3, i32 0, i8 0, !7}
!12 = !{i32 0}
!13 = !{i32 1, !"TEXCOORD", i8 9, i8 0, !14, i8 0, i32 1, i8 3, i32 2, i8 0, !7}
!14 = !{i32 2}
!15 = !{i32 2, !"TEXCOORD", i8 9, i8 0, !16, i8 0, i32 1, i8 3, i32 1, i8 0, !7}
!16 = !{i32 1}
!17 = !{i32 3, !"TEXCOORD", i8 9, i8 0, !18, i8 0, i32 1, i8 3, i32 3, i8 0, !7}
!18 = !{i32 3}
!19 = !{i32 4, !"TEXCOORD", i8 9, i8 0, !20, i8 0, i32 1, i8 3, i32 4, i8 0, !7}
!20 = !{i32 4}
!21 = !{i32 5, !"TEXCOORD", i8 9, i8 0, !22, i8 0, i32 1, i8 3, i32 7, i8 0, !7}
!22 = !{i32 10}
!23 = !{i32 6, !"TEXCOORD", i8 9, i8 0, !24, i8 0, i32 1, i8 3, i32 5, i8 0, !7}
!24 = !{i32 5}
!25 = !{i32 7, !"TEXCOORD", i8 9, i8 0, !26, i8 0, i32 1, i8 3, i32 8, i8 0, !7}
!26 = !{i32 11}
!27 = !{i32 8, !"TEXCOORD", i8 9, i8 0, !28, i8 0, i32 1, i8 3, i32 6, i8 0, !7}
!28 = !{i32 6}
!29 = !{i32 9, !"TEXCOORD", i8 9, i8 0, !30, i8 0, i32 1, i8 3, i32 9, i8 0, !7}
!30 = !{i32 12}
!31 = !{!32, !33, !34}
!32 = !{i32 0, !"TEXCOORD", i8 9, i8 0, !12, i8 2, i32 1, i8 3, i32 0, i8 0, !7}
!33 = !{i32 1, !"TEXCOORD", i8 9, i8 0, !16, i8 2, i32 1, i8 3, i32 1, i8 0, !7}
!34 = !{i32 2, !"TEXCOORD", i8 9, i8 0, !35, i8 2, i32 6, i8 3, i32 2, i8 0, !7}
!35 = !{i32 2, i32 3, i32 4, i32 5, i32 6, i32 7}
!36 = !{i32 0, i64 1048576}
!37 = !{!"num_images", i32 0}
!38 = !{!"num_ssbos", i32 0}
!39 = !{!"float_controls_execution_mode", i32 0}


[D] CrfCntForInput equals CrfCount + HW_REG_START
[D] CrfCntForInput for VS push mode: 40
[D] ------------------------Begin Dump SC Shader Info------------------------ [0000]
[D] SCShaderVersion:                  :97
[D] SCShaderType:                     :0
[D] Dump Shader Flags:
[D]         bOutputDepth              :0
[D]         bOutputStencil            :0
[D]         bTexKill                  :0
[D]         bDiscard                  :0
[D]         bOutputMask               :0
[D]         bHasSampleFreqInput       :0
[D]         bHasPointCoord            :0
[D]         bHasEmitMask              :0
[D]         bHasEmitAlpha              :0
[D]         bPackWL                   :0
[D]         bPackWC                   :0
[D]         bNeedLinearW              :0
[D]         bNeedCentroidW            :0
[D]         bPosCentroid              :0
[D]         bFlatShading              :0
[D]         bConservativeDepth        :0
[D]         bConservativeDepthMode    :0
[D]         bForceEarlyDepthStencil   :0
[D]         bLSBuffer                 :0
[D]         bNeedPatchMovimm          :0
[D]         bHwCbMode                 :1
[D]         bMapImageToTSharp         :0
[D]         bPackFaceId               :0
[D]         bPackSampleId             :0
[D]         bPackPrimId               :0
[D]         bHasSampleLd2DMS          :0
[D]         bIntpAtSample             :0
[D]         bHasGMFlush               :0
[D]         bHasDouble                :0
[D]         bPixelCenterInteger       :0
[D]         bOriginUpperLeft          :0
[D]         bNeedPatchVerticesIn      :0
[D]         bNeedDenormPreserve       :0
[D]         bHasDfdy                  :0
[D]         bFp16DenormPerserve       :0
[D]         bFp32DenormPerserve       :0
[D]         bFp64DenormPerserve       :0
[D]         bFp16RoundingZero         :0
[D]         bFp32RoundingZero         :0
[D]         bFp64RoundingZero         :0
[D]         bDX9FConstRelative        :0
[D] Dump Input Flags:
[D]         bHasVertexID              :0
[D]         bHasRHW                   :0
[D]         bHasIsFrontFace           :0
[D]         bHasSampleMask            :0
[D]         bHasSampleIndex           :0
[D]         bHasSamplePos             :0
[D]         bHasPosition              :0
[D]         bHasRHWCentroid           :0
[D]         bHasBaseVertexID          :0
[D]         bHasBaseInstanceID        :0
[D]         bHasDrawID                :0
[D]         bHasPrimId                :0
[D]         bHasInstanceID            :0
[D]         bHasShadingRate           :0
[D] Dump Output Flags:
[D]         bHasPointSize             :0
[D]         bHasRTArrayIdx            :0
[D]         bHasClipDistanceSign      :0
[D]         bHasOMask                 :0
[D]         bHasVPArrayIndex          :0
[D]         bHasClipDistance          :0
[D]         bHasPrimId                :0
[D]         bHasEdgeFlag              :0
[D]         bHasPrimShadingRate       :0
[D] 

Dump Input Info:
[D] EntryCount              :30
[D] UsedBitMask             :3ff
[D] HwVectorCount           :10
[D] Entry 0------------------------------->
[D] Semantic=VARYING_DX10	55
[D] SemanticIndex           :0
[D] HwRegNo                 :4
[D] IoIndex                 :0
[D] ChannelIndex            :0
[D] Used                    :1
[D] bInterpolate            :0
[D] bCentroid               :0
[D] bPerspective            :0
[D] bSampleFreq             :0
[D] bIntVarying             :0
[D] bUIntVarying            :0
[D] bIntpAtCentroid         :0
[D] bIntpAtCenter           :0
[D] bIntpAtOffsetPxPy       :0
[D] bIntpAtSample           :0
[D] b64bits                 :0
[D] bCanPack                :1
[D] ExtendedIndex           :0
[D] Shared                  :0
[D] Entry 1------------------------------->
[D] Semantic=VARYING_DX10	55
[D] SemanticIndex           :0
[D] HwRegNo                 :5
[D] IoIndex                 :0
[D] ChannelIndex            :1
[D] Used                    :1
[D] bInterpolate            :0
[D] bCentroid               :0
[D] bPerspective            :0
[D] bSampleFreq             :0
[D] bIntVarying             :0
[D] bUIntVarying            :0
[D] bIntpAtCentroid         :0
[D] bIntpAtCenter           :0
[D] bIntpAtOffsetPxPy       :0
[D] bIntpAtSample           :0
[D] b64bits                 :0
[D] bCanPack                :1
[D] ExtendedIndex           :0
[D] Shared                  :0
[D] Entry 2------------------------------->
[D] Semantic=VARYING_DX10	55
[D] SemanticIndex           :0
[D] HwRegNo                 :6
[D] IoIndex                 :0
[D] ChannelIndex            :2
[D] Used                    :1
[D] bInterpolate            :0
[D] bCentroid               :0
[D] bPerspective            :0
[D] bSampleFreq             :0
[D] bIntVarying             :0
[D] bUIntVarying            :0
[D] bIntpAtCentroid         :0
[D] bIntpAtCenter           :0
[D] bIntpAtOffsetPxPy       :0
[D] bIntpAtSample           :0
[D] b64bits                 :0
[D] bCanPack                :1
[D] ExtendedIndex           :0
[D] Shared                  :0
[D] Entry 3------------------------------->
[D] Semantic=VARYING_DX10	55
[D] SemanticIndex           :1
[D] HwRegNo                 :8
[D] IoIndex                 :1
[D] ChannelIndex            :0
[D] Used                    :1
[D] bInterpolate            :0
[D] bCentroid               :0
[D] bPerspective            :0
[D] bSampleFreq             :0
[D] bIntVarying             :0
[D] bUIntVarying            :0
[D] bIntpAtCentroid         :0
[D] bIntpAtCenter           :0
[D] bIntpAtOffsetPxPy       :0
[D] bIntpAtSample           :0
[D] b64bits                 :0
[D] bCanPack                :1
[D] ExtendedIndex           :0
[D] Shared                  :0
[D] Entry 4------------------------------->
[D] Semantic=VARYING_DX10	55
[D] SemanticIndex           :1
[D] HwRegNo                 :9
[D] IoIndex                 :1
[D] ChannelIndex            :1
[D] Used                    :1
[D] bInterpolate            :0
[D] bCentroid               :0
[D] bPerspective            :0
[D] bSampleFreq             :0
[D] bIntVarying             :0
[D] bUIntVarying            :0
[D] bIntpAtCentroid         :0
[D] bIntpAtCenter           :0
[D] bIntpAtOffsetPxPy       :0
[D] bIntpAtSample           :0
[D] b64bits                 :0
[D] bCanPack                :1
[D] ExtendedIndex           :0
[D] Shared                  :0
[D] Entry 5------------------------------->
[D] Semantic=VARYING_DX10	55
[D] SemanticIndex           :1
[D] HwRegNo                 :10
[D] IoIndex                 :1
[D] ChannelIndex            :2
[D] Used                    :1
[D] bInterpolate            :0
[D] bCentroid               :0
[D] bPerspective            :0
[D] bSampleFreq             :0
[D] bIntVarying             :0
[D] bUIntVarying            :0
[D] bIntpAtCentroid         :0
[D] bIntpAtCenter           :0
[D] bIntpAtOffsetPxPy       :0
[D] bIntpAtSample           :0
[D] b64bits                 :0
[D] bCanPack                :1
[D] ExtendedIndex           :0
[D] Shared                  :0
[D] Entry 6------------------------------->
[D] Semantic=VARYING_DX10	55
[D] SemanticIndex           :2
[D] HwRegNo                 :12
[D] IoIndex                 :2
[D] ChannelIndex            :0
[D] Used                    :1
[D] bInterpolate            :0
[D] bCentroid               :0
[D] bPerspective            :0
[D] bSampleFreq             :0
[D] bIntVarying             :0
[D] bUIntVarying            :0
[D] bIntpAtCentroid         :0
[D] bIntpAtCenter           :0
[D] bIntpAtOffsetPxPy       :0
[D] bIntpAtSample           :0
[D] b64bits                 :0
[D] bCanPack                :1
[D] ExtendedIndex           :0
[D] Shared                  :0
[D] Entry 7------------------------------->
[D] Semantic=VARYING_DX10	55
[D] SemanticIndex           :2
[D] HwRegNo                 :13
[D] IoIndex                 :2
[D] ChannelIndex            :1
[D] Used                    :1
[D] bInterpolate            :0
[D] bCentroid               :0
[D] bPerspective            :0
[D] bSampleFreq             :0
[D] bIntVarying             :0
[D] bUIntVarying            :0
[D] bIntpAtCentroid         :0
[D] bIntpAtCenter           :0
[D] bIntpAtOffsetPxPy       :0
[D] bIntpAtSample           :0
[D] b64bits                 :0
[D] bCanPack                :1
[D] ExtendedIndex           :0
[D] Shared                  :0
[D] Entry 8------------------------------->
[D] Semantic=VARYING_DX10	55
[D] SemanticIndex           :2
[D] HwRegNo                 :14
[D] IoIndex                 :2
[D] ChannelIndex            :2
[D] Used                    :1
[D] bInterpolate            :0
[D] bCentroid               :0
[D] bPerspective            :0
[D] bSampleFreq             :0
[D] bIntVarying             :0
[D] bUIntVarying            :0
[D] bIntpAtCentroid         :0
[D] bIntpAtCenter           :0
[D] bIntpAtOffsetPxPy       :0
[D] bIntpAtSample           :0
[D] b64bits                 :0
[D] bCanPack                :1
[D] ExtendedIndex           :0
[D] Shared                  :0
[D] Entry 9------------------------------->
[D] Semantic=VARYING_DX10	55
[D] SemanticIndex           :3
[D] HwRegNo                 :16
[D] IoIndex                 :3
[D] ChannelIndex            :0
[D] Used                    :1
[D] bInterpolate            :0
[D] bCentroid               :0
[D] bPerspective            :0
[D] bSampleFreq             :0
[D] bIntVarying             :0
[D] bUIntVarying            :0
[D] bIntpAtCentroid         :0
[D] bIntpAtCenter           :0
[D] bIntpAtOffsetPxPy       :0
[D] bIntpAtSample           :0
[D] b64bits                 :0
[D] bCanPack                :1
[D] ExtendedIndex           :0
[D] Shared                  :0
[D] Entry 10------------------------------->
[D] Semantic=VARYING_DX10	55
[D] SemanticIndex           :3
[D] HwRegNo                 :17
[D] IoIndex                 :3
[D] ChannelIndex            :1
[D] Used                    :1
[D] bInterpolate            :0
[D] bCentroid               :0
[D] bPerspective            :0
[D] bSampleFreq             :0
[D] bIntVarying             :0
[D] bUIntVarying            :0
[D] bIntpAtCentroid         :0
[D] bIntpAtCenter           :0
[D] bIntpAtOffsetPxPy       :0
[D] bIntpAtSample           :0
[D] b64bits                 :0
[D] bCanPack                :1
[D] ExtendedIndex           :0
[D] Shared                  :0
[D] Entry 11------------------------------->
[D] Semantic=VARYING_DX10	55
[D] SemanticIndex           :3
[D] HwRegNo                 :18
[D] IoIndex                 :3
[D] ChannelIndex            :2
[D] Used                    :1
[D] bInterpolate            :0
[D] bCentroid               :0
[D] bPerspective            :0
[D] bSampleFreq             :0
[D] bIntVarying             :0
[D] bUIntVarying            :0
[D] bIntpAtCentroid         :0
[D] bIntpAtCenter           :0
[D] bIntpAtOffsetPxPy       :0
[D] bIntpAtSample           :0
[D] b64bits                 :0
[D] bCanPack                :1
[D] ExtendedIndex           :0
[D] Shared                  :0
[D] Entry 12------------------------------->
[D] Semantic=VARYING_DX10	55
[D] SemanticIndex           :4
[D] HwRegNo                 :20
[D] IoIndex                 :4
[D] ChannelIndex            :0
[D] Used                    :1
[D] bInterpolate            :0
[D] bCentroid               :0
[D] bPerspective            :0
[D] bSampleFreq             :0
[D] bIntVarying             :0
[D] bUIntVarying            :0
[D] bIntpAtCentroid         :0
[D] bIntpAtCenter           :0
[D] bIntpAtOffsetPxPy       :0
[D] bIntpAtSample           :0
[D] b64bits                 :0
[D] bCanPack                :1
[D] ExtendedIndex           :0
[D] Shared                  :0
[D] Entry 13------------------------------->
[D] Semantic=VARYING_DX10	55
[D] SemanticIndex           :4
[D] HwRegNo                 :21
[D] IoIndex                 :4
[D] ChannelIndex            :1
[D] Used                    :1
[D] bInterpolate            :0
[D] bCentroid               :0
[D] bPerspective            :0
[D] bSampleFreq             :0
[D] bIntVarying             :0
[D] bUIntVarying            :0
[D] bIntpAtCentroid         :0
[D] bIntpAtCenter           :0
[D] bIntpAtOffsetPxPy       :0
[D] bIntpAtSample           :0
[D] b64bits                 :0
[D] bCanPack                :1
[D] ExtendedIndex           :0
[D] Shared                  :0
[D] Entry 14------------------------------->
[D] Semantic=VARYING_DX10	55
[D] SemanticIndex           :4
[D] HwRegNo                 :22
[D] IoIndex                 :4
[D] ChannelIndex            :2
[D] Used                    :1
[D] bInterpolate            :0
[D] bCentroid               :0
[D] bPerspective            :0
[D] bSampleFreq             :0
[D] bIntVarying             :0
[D] bUIntVarying            :0
[D] bIntpAtCentroid         :0
[D] bIntpAtCenter           :0
[D] bIntpAtOffsetPxPy       :0
[D] bIntpAtSample           :0
[D] b64bits                 :0
[D] bCanPack                :1
[D] ExtendedIndex           :0
[D] Shared                  :0
[D] Entry 15------------------------------->
[D] Semantic=VARYING_DX10	55
[D] SemanticIndex           :5
[D] HwRegNo                 :24
[D] IoIndex                 :5
[D] ChannelIndex            :0
[D] Used                    :1
[D] bInterpolate            :0
[D] bCentroid               :0
[D] bPerspective            :0
[D] bSampleFreq             :0
[D] bIntVarying             :0
[D] bUIntVarying            :0
[D] bIntpAtCentroid         :0
[D] bIntpAtCenter           :0
[D] bIntpAtOffsetPxPy       :0
[D] bIntpAtSample           :0
[D] b64bits                 :0
[D] bCanPack                :1
[D] ExtendedIndex           :0
[D] Shared                  :0
[D] Entry 16------------------------------->
[D] Semantic=VARYING_DX10	55
[D] SemanticIndex           :5
[D] HwRegNo                 :25
[D] IoIndex                 :5
[D] ChannelIndex            :1
[D] Used                    :1
[D] bInterpolate            :0
[D] bCentroid               :0
[D] bPerspective            :0
[D] bSampleFreq             :0
[D] bIntVarying             :0
[D] bUIntVarying            :0
[D] bIntpAtCentroid         :0
[D] bIntpAtCenter           :0
[D] bIntpAtOffsetPxPy       :0
[D] bIntpAtSample           :0
[D] b64bits                 :0
[D] bCanPack                :1
[D] ExtendedIndex           :0
[D] Shared                  :0
[D] Entry 17------------------------------->
[D] Semantic=VARYING_DX10	55
[D] SemanticIndex           :5
[D] HwRegNo                 :26
[D] IoIndex                 :5
[D] ChannelIndex            :2
[D] Used                    :1
[D] bInterpolate            :0
[D] bCentroid               :0
[D] bPerspective            :0
[D] bSampleFreq             :0
[D] bIntVarying             :0
[D] bUIntVarying            :0
[D] bIntpAtCentroid         :0
[D] bIntpAtCenter           :0
[D] bIntpAtOffsetPxPy       :0
[D] bIntpAtSample           :0
[D] b64bits                 :0
[D] bCanPack                :1
[D] ExtendedIndex           :0
[D] Shared                  :0
[D] Entry 18------------------------------->
[D] Semantic=VARYING_DX10	55
[D] SemanticIndex           :6
[D] HwRegNo                 :28
[D] IoIndex                 :6
[D] ChannelIndex            :0
[D] Used                    :1
[D] bInterpolate            :0
[D] bCentroid               :0
[D] bPerspective            :0
[D] bSampleFreq             :0
[D] bIntVarying             :0
[D] bUIntVarying            :0
[D] bIntpAtCentroid         :0
[D] bIntpAtCenter           :0
[D] bIntpAtOffsetPxPy       :0
[D] bIntpAtSample           :0
[D] b64bits                 :0
[D] bCanPack                :1
[D] ExtendedIndex           :0
[D] Shared                  :0
[D] Entry 19------------------------------->
[D] Semantic=VARYING_DX10	55
[D] SemanticIndex           :6
[D] HwRegNo                 :29
[D] IoIndex                 :6
[D] ChannelIndex            :1
[D] Used                    :1
[D] bInterpolate            :0
[D] bCentroid               :0
[D] bPerspective            :0
[D] bSampleFreq             :0
[D] bIntVarying             :0
[D] bUIntVarying            :0
[D] bIntpAtCentroid         :0
[D] bIntpAtCenter           :0
[D] bIntpAtOffsetPxPy       :0
[D] bIntpAtSample           :0
[D] b64bits                 :0
[D] bCanPack                :1
[D] ExtendedIndex           :0
[D] Shared                  :0
[D] Entry 20------------------------------->
[D] Semantic=VARYING_DX10	55
[D] SemanticIndex           :6
[D] HwRegNo                 :30
[D] IoIndex                 :6
[D] ChannelIndex            :2
[D] Used                    :1
[D] bInterpolate            :0
[D] bCentroid               :0
[D] bPerspective            :0
[D] bSampleFreq             :0
[D] bIntVarying             :0
[D] bUIntVarying            :0
[D] bIntpAtCentroid         :0
[D] bIntpAtCenter           :0
[D] bIntpAtOffsetPxPy       :0
[D] bIntpAtSample           :0
[D] b64bits                 :0
[D] bCanPack                :1
[D] ExtendedIndex           :0
[D] Shared                  :0
[D] Entry 21------------------------------->
[D] Semantic=VARYING_DX10	55
[D] SemanticIndex           :10
[D] HwRegNo                 :32
[D] IoIndex                 :7
[D] ChannelIndex            :0
[D] Used                    :1
[D] bInterpolate            :0
[D] bCentroid               :0
[D] bPerspective            :0
[D] bSampleFreq             :0
[D] bIntVarying             :0
[D] bUIntVarying            :0
[D] bIntpAtCentroid         :0
[D] bIntpAtCenter           :0
[D] bIntpAtOffsetPxPy       :0
[D] bIntpAtSample           :0
[D] b64bits                 :0
[D] bCanPack                :1
[D] ExtendedIndex           :0
[D] Shared                  :0
[D] Entry 22------------------------------->
[D] Semantic=VARYING_DX10	55
[D] SemanticIndex           :10
[D] HwRegNo                 :33
[D] IoIndex                 :7
[D] ChannelIndex            :1
[D] Used                    :1
[D] bInterpolate            :0
[D] bCentroid               :0
[D] bPerspective            :0
[D] bSampleFreq             :0
[D] bIntVarying             :0
[D] bUIntVarying            :0
[D] bIntpAtCentroid         :0
[D] bIntpAtCenter           :0
[D] bIntpAtOffsetPxPy       :0
[D] bIntpAtSample           :0
[D] b64bits                 :0
[D] bCanPack                :1
[D] ExtendedIndex           :0
[D] Shared                  :0
[D] Entry 23------------------------------->
[D] Semantic=VARYING_DX10	55
[D] SemanticIndex           :10
[D] HwRegNo                 :34
[D] IoIndex                 :7
[D] ChannelIndex            :2
[D] Used                    :1
[D] bInterpolate            :0
[D] bCentroid               :0
[D] bPerspective            :0
[D] bSampleFreq             :0
[D] bIntVarying             :0
[D] bUIntVarying            :0
[D] bIntpAtCentroid         :0
[D] bIntpAtCenter           :0
[D] bIntpAtOffsetPxPy       :0
[D] bIntpAtSample           :0
[D] b64bits                 :0
[D] bCanPack                :1
[D] ExtendedIndex           :0
[D] Shared                  :0
[D] Entry 24------------------------------->
[D] Semantic=VARYING_DX10	55
[D] SemanticIndex           :11
[D] HwRegNo                 :36
[D] IoIndex                 :8
[D] ChannelIndex            :0
[D] Used                    :1
[D] bInterpolate            :0
[D] bCentroid               :0
[D] bPerspective            :0
[D] bSampleFreq             :0
[D] bIntVarying             :0
[D] bUIntVarying            :0
[D] bIntpAtCentroid         :0
[D] bIntpAtCenter           :0
[D] bIntpAtOffsetPxPy       :0
[D] bIntpAtSample           :0
[D] b64bits                 :0
[D] bCanPack                :1
[D] ExtendedIndex           :0
[D] Shared                  :0
[D] Entry 25------------------------------->
[D] Semantic=VARYING_DX10	55
[D] SemanticIndex           :11
[D] HwRegNo                 :37
[D] IoIndex                 :8
[D] ChannelIndex            :1
[D] Used                    :1
[D] bInterpolate            :0
[D] bCentroid               :0
[D] bPerspective            :0
[D] bSampleFreq             :0
[D] bIntVarying             :0
[D] bUIntVarying            :0
[D] bIntpAtCentroid         :0
[D] bIntpAtCenter           :0
[D] bIntpAtOffsetPxPy       :0
[D] bIntpAtSample           :0
[D] b64bits                 :0
[D] bCanPack                :1
[D] ExtendedIndex           :0
[D] Shared                  :0
[D] Entry 26------------------------------->
[D] Semantic=VARYING_DX10	55
[D] SemanticIndex           :11
[D] HwRegNo                 :38
[D] IoIndex                 :8
[D] ChannelIndex            :2
[D] Used                    :1
[D] bInterpolate            :0
[D] bCentroid               :0
[D] bPerspective            :0
[D] bSampleFreq             :0
[D] bIntVarying             :0
[D] bUIntVarying            :0
[D] bIntpAtCentroid         :0
[D] bIntpAtCenter           :0
[D] bIntpAtOffsetPxPy       :0
[D] bIntpAtSample           :0
[D] b64bits                 :0
[D] bCanPack                :1
[D] ExtendedIndex           :0
[D] Shared                  :0
[D] Entry 27------------------------------->
[D] Semantic=VARYING_DX10	55
[D] SemanticIndex           :12
[D] HwRegNo                 :40
[D] IoIndex                 :9
[D] ChannelIndex            :0
[D] Used                    :1
[D] bInterpolate            :0
[D] bCentroid               :0
[D] bPerspective            :0
[D] bSampleFreq             :0
[D] bIntVarying             :0
[D] bUIntVarying            :0
[D] bIntpAtCentroid         :0
[D] bIntpAtCenter           :0
[D] bIntpAtOffsetPxPy       :0
[D] bIntpAtSample           :0
[D] b64bits                 :0
[D] bCanPack                :1
[D] ExtendedIndex           :0
[D] Shared                  :0
[D] Entry 28------------------------------->
[D] Semantic=VARYING_DX10	55
[D] SemanticIndex           :12
[D] HwRegNo                 :41
[D] IoIndex                 :9
[D] ChannelIndex            :1
[D] Used                    :1
[D] bInterpolate            :0
[D] bCentroid               :0
[D] bPerspective            :0
[D] bSampleFreq             :0
[D] bIntVarying             :0
[D] bUIntVarying            :0
[D] bIntpAtCentroid         :0
[D] bIntpAtCenter           :0
[D] bIntpAtOffsetPxPy       :0
[D] bIntpAtSample           :0
[D] b64bits                 :0
[D] bCanPack                :1
[D] ExtendedIndex           :0
[D] Shared                  :0
[D] Entry 29------------------------------->
[D] Semantic=VARYING_DX10	55
[D] SemanticIndex           :12
[D] HwRegNo                 :42
[D] IoIndex                 :9
[D] ChannelIndex            :2
[D] Used                    :1
[D] bInterpolate            :0
[D] bCentroid               :0
[D] bPerspective            :0
[D] bSampleFreq             :0
[D] bIntVarying             :0
[D] bUIntVarying            :0
[D] bIntpAtCentroid         :0
[D] bIntpAtCenter           :0
[D] bIntpAtOffsetPxPy       :0
[D] bIntpAtSample           :0
[D] b64bits                 :0
[D] bCanPack                :1
[D] ExtendedIndex           :0
[D] Shared                  :0
[D] 

Dump Output Info:
[D] EntryCount              :15
[D] UsedBitMask             :ff
[D] HwVectorCount           :5
[D] Entry 0------------------------------->
[D] Semantic=VARYING_DX10	55
[D] SemanticIndex           :0
[D] HwRegNo                 :0
[D] IoIndex                 :0
[D] ChannelIndex            :0
[D] Used                    :1
[D] bInterpolate            :1
[D] bCentroid               :0
[D] bPerspective            :1
[D] bSampleFreq             :0
[D] bIntVarying             :0
[D] bUIntVarying            :0
[D] bIntpAtCentroid         :0
[D] bIntpAtCenter           :0
[D] bIntpAtOffsetPxPy       :0
[D] bIntpAtSample           :0
[D] b64bits                 :0
[D] bCanPack                :1
[D] ExtendedIndex           :0
[D] Shared                  :0
[D] Entry 1------------------------------->
[D] Semantic=VARYING_DX10	55
[D] SemanticIndex           :0
[D] HwRegNo                 :0
[D] IoIndex                 :0
[D] ChannelIndex            :1
[D] Used                    :1
[D] bInterpolate            :1
[D] bCentroid               :0
[D] bPerspective            :1
[D] bSampleFreq             :0
[D] bIntVarying             :0
[D] bUIntVarying            :0
[D] bIntpAtCentroid         :0
[D] bIntpAtCenter           :0
[D] bIntpAtOffsetPxPy       :0
[D] bIntpAtSample           :0
[D] b64bits                 :0
[D] bCanPack                :1
[D] ExtendedIndex           :0
[D] Shared                  :0
[D] Entry 2------------------------------->
[D] Semantic=VARYING_DX10	55
[D] SemanticIndex           :0
[D] HwRegNo                 :0
[D] IoIndex                 :0
[D] ChannelIndex            :2
[D] Used                    :1
[D] bInterpolate            :1
[D] bCentroid               :0
[D] bPerspective            :1
[D] bSampleFreq             :0
[D] bIntVarying             :0
[D] bUIntVarying            :0
[D] bIntpAtCentroid         :0
[D] bIntpAtCenter           :0
[D] bIntpAtOffsetPxPy       :0
[D] bIntpAtSample           :0
[D] b64bits                 :0
[D] bCanPack                :1
[D] ExtendedIndex           :0
[D] Shared                  :0
[D] Entry 3------------------------------->
[D] Semantic=VARYING_DX10	55
[D] SemanticIndex           :1
[D] HwRegNo                 :0
[D] IoIndex                 :1
[D] ChannelIndex            :0
[D] Used                    :1
[D] bInterpolate            :1
[D] bCentroid               :0
[D] bPerspective            :1
[D] bSampleFreq             :0
[D] bIntVarying             :0
[D] bUIntVarying            :0
[D] bIntpAtCentroid         :0
[D] bIntpAtCenter           :0
[D] bIntpAtOffsetPxPy       :0
[D] bIntpAtSample           :0
[D] b64bits                 :0
[D] bCanPack                :1
[D] ExtendedIndex           :0
[D] Shared                  :0
[D] Entry 4------------------------------->
[D] Semantic=VARYING_DX10	55
[D] SemanticIndex           :1
[D] HwRegNo                 :0
[D] IoIndex                 :1
[D] ChannelIndex            :1
[D] Used                    :1
[D] bInterpolate            :1
[D] bCentroid               :0
[D] bPerspective            :1
[D] bSampleFreq             :0
[D] bIntVarying             :0
[D] bUIntVarying            :0
[D] bIntpAtCentroid         :0
[D] bIntpAtCenter           :0
[D] bIntpAtOffsetPxPy       :0
[D] bIntpAtSample           :0
[D] b64bits                 :0
[D] bCanPack                :1
[D] ExtendedIndex           :0
[D] Shared                  :0
[D] Entry 5------------------------------->
[D] Semantic=VARYING_DX10	55
[D] SemanticIndex           :1
[D] HwRegNo                 :0
[D] IoIndex                 :1
[D] ChannelIndex            :2
[D] Used                    :1
[D] bInterpolate            :1
[D] bCentroid               :0
[D] bPerspective            :1
[D] bSampleFreq             :0
[D] bIntVarying             :0
[D] bUIntVarying            :0
[D] bIntpAtCentroid         :0
[D] bIntpAtCenter           :0
[D] bIntpAtOffsetPxPy       :0
[D] bIntpAtSample           :0
[D] b64bits                 :0
[D] bCanPack                :1
[D] ExtendedIndex           :0
[D] Shared                  :0
[D] Entry 6------------------------------->
[D] Semantic=VARYING_DX10	55
[D] SemanticIndex           :2
[D] HwRegNo                 :0
[D] IoIndex                 :2
[D] ChannelIndex            :0
[D] Used                    :1
[D] bInterpolate            :1
[D] bCentroid               :0
[D] bPerspective            :1
[D] bSampleFreq             :0
[D] bIntVarying             :0
[D] bUIntVarying            :0
[D] bIntpAtCentroid         :0
[D] bIntpAtCenter           :0
[D] bIntpAtOffsetPxPy       :0
[D] bIntpAtSample           :0
[D] b64bits                 :0
[D] bCanPack                :0
[D] ExtendedIndex           :0
[D] Shared                  :0
[D] Entry 7------------------------------->
[D] Semantic=VARYING_DX10	55
[D] SemanticIndex           :2
[D] HwRegNo                 :0
[D] IoIndex                 :2
[D] ChannelIndex            :1
[D] Used                    :1
[D] bInterpolate            :1
[D] bCentroid               :0
[D] bPerspective            :1
[D] bSampleFreq             :0
[D] bIntVarying             :0
[D] bUIntVarying            :0
[D] bIntpAtCentroid         :0
[D] bIntpAtCenter           :0
[D] bIntpAtOffsetPxPy       :0
[D] bIntpAtSample           :0
[D] b64bits                 :0
[D] bCanPack                :0
[D] ExtendedIndex           :0
[D] Shared                  :0
[D] Entry 8------------------------------->
[D] Semantic=VARYING_DX10	55
[D] SemanticIndex           :2
[D] HwRegNo                 :0
[D] IoIndex                 :2
[D] ChannelIndex            :2
[D] Used                    :1
[D] bInterpolate            :1
[D] bCentroid               :0
[D] bPerspective            :1
[D] bSampleFreq             :0
[D] bIntVarying             :0
[D] bUIntVarying            :0
[D] bIntpAtCentroid         :0
[D] bIntpAtCenter           :0
[D] bIntpAtOffsetPxPy       :0
[D] bIntpAtSample           :0
[D] b64bits                 :0
[D] bCanPack                :0
[D] ExtendedIndex           :0
[D] Shared                  :0
[D] Entry 9------------------------------->
[D] Semantic=VARYING_DX10	55
[D] SemanticIndex           :3
[D] HwRegNo                 :0
[D] IoIndex                 :3
[D] ChannelIndex            :0
[D] Used                    :1
[D] bInterpolate            :1
[D] bCentroid               :0
[D] bPerspective            :1
[D] bSampleFreq             :0
[D] bIntVarying             :0
[D] bUIntVarying            :0
[D] bIntpAtCentroid         :0
[D] bIntpAtCenter           :0
[D] bIntpAtOffsetPxPy       :0
[D] bIntpAtSample           :0
[D] b64bits                 :0
[D] bCanPack                :0
[D] ExtendedIndex           :0
[D] Shared                  :0
[D] Entry 10------------------------------->
[D] Semantic=VARYING_DX10	55
[D] SemanticIndex           :3
[D] HwRegNo                 :0
[D] IoIndex                 :3
[D] ChannelIndex            :1
[D] Used                    :1
[D] bInterpolate            :1
[D] bCentroid               :0
[D] bPerspective            :1
[D] bSampleFreq             :0
[D] bIntVarying             :0
[D] bUIntVarying            :0
[D] bIntpAtCentroid         :0
[D] bIntpAtCenter           :0
[D] bIntpAtOffsetPxPy       :0
[D] bIntpAtSample           :0
[D] b64bits                 :0
[D] bCanPack                :0
[D] ExtendedIndex           :0
[D] Shared                  :0
[D] Entry 11------------------------------->
[D] Semantic=VARYING_DX10	55
[D] SemanticIndex           :3
[D] HwRegNo                 :0
[D] IoIndex                 :3
[D] ChannelIndex            :2
[D] Used                    :1
[D] bInterpolate            :1
[D] bCentroid               :0
[D] bPerspective            :1
[D] bSampleFreq             :0
[D] bIntVarying             :0
[D] bUIntVarying            :0
[D] bIntpAtCentroid         :0
[D] bIntpAtCenter           :0
[D] bIntpAtOffsetPxPy       :0
[D] bIntpAtSample           :0
[D] b64bits                 :0
[D] bCanPack                :0
[D] ExtendedIndex           :0
[D] Shared                  :0
[D] Entry 12------------------------------->
[D] Semantic=VARYING_DX10	55
[D] SemanticIndex           :4
[D] HwRegNo                 :0
[D] IoIndex                 :4
[D] ChannelIndex            :0
[D] Used                    :1
[D] bInterpolate            :1
[D] bCentroid               :0
[D] bPerspective            :1
[D] bSampleFreq             :0
[D] bIntVarying             :0
[D] bUIntVarying            :0
[D] bIntpAtCentroid         :0
[D] bIntpAtCenter           :0
[D] bIntpAtOffsetPxPy       :0
[D] bIntpAtSample           :0
[D] b64bits                 :0
[D] bCanPack                :0
[D] ExtendedIndex           :0
[D] Shared                  :0
[D] Entry 13------------------------------->
[D] Semantic=VARYING_DX10	55
[D] SemanticIndex           :4
[D] HwRegNo                 :0
[D] IoIndex                 :4
[D] ChannelIndex            :1
[D] Used                    :1
[D] bInterpolate            :1
[D] bCentroid               :0
[D] bPerspective            :1
[D] bSampleFreq             :0
[D] bIntVarying             :0
[D] bUIntVarying            :0
[D] bIntpAtCentroid         :0
[D] bIntpAtCenter           :0
[D] bIntpAtOffsetPxPy       :0
[D] bIntpAtSample           :0
[D] b64bits                 :0
[D] bCanPack                :0
[D] ExtendedIndex           :0
[D] Shared                  :0
[D] Entry 14------------------------------->
[D] Semantic=VARYING_DX10	55
[D] SemanticIndex           :4
[D] HwRegNo                 :0
[D] IoIndex                 :4
[D] ChannelIndex            :2
[D] Used                    :1
[D] bInterpolate            :1
[D] bCentroid               :0
[D] bPerspective            :1
[D] bSampleFreq             :0
[D] bIntVarying             :0
[D] bUIntVarying            :0
[D] bIntpAtCentroid         :0
[D] bIntpAtCenter           :0
[D] bIntpAtOffsetPxPy       :0
[D] bIntpAtSample           :0
[D] b64bits                 :0
[D] bCanPack                :0
[D] ExtendedIndex           :0
[D] Shared                  :0
[D] 

Dump Patch Constant Info:
[D] EntryCount              :0
[D] UsedBitMask             :0
[D] HwVectorCount           :0
[D] Dump Cbv  Info:
[D] ResRangeCount              :0
[D] Dump Srv  Info:
[D] ResRangeCount              :0
[D] Dump Sampler  Info:
[D] ResRangeCount              :0
[D] Dump Uav  Info:
[D]         ResRangeCount              :0
[D] Dump Resource Query  Info:
[D]         TexSizeQueryCnt            :0
[D]         ImgSizeQueryCnt            :0
[D]         TexSamplePosQueryCnt       :0
[D]         OglSsbQueryCnt             :0
[D] Dump Cb Insternal Desc  Info:
[D]         CbInternalUsedMask     :0
[D]         CbInternalDesc Offset     :0
[D]         CbInternalDesc Size       :0
[D]         CbInternalDesc Offset     :0
[D]         CbInternalDesc Size       :0
[D]         CbInternalDesc Offset     :0
[D]         CbInternalDesc Size       :0
[D]         CbInternalDesc Offset     :0
[D]         CbInternalDesc Size       :0
[D]         CbInternalDesc Offset     :0
[D]         CbInternalDesc Size       :0
[D]         CbInternalDesc Offset     :0
[D]         CbInternalDesc Size       :0
[D]         CbInternalDesc Offset     :0
[D]         CbInternalDesc Size       :0
[D]         CbInternalDesc Offset     :0
[D]         CbInternalDesc Size       :0
[D]         CbInternalDesc Offset     :0
[D]         CbInternalDesc Size       :0
[D]         CbInternalDesc Offset     :0
[D]         CbInternalDesc Size       :0
[D]         CbInternalDesc Offset     :0
[D]         CbInternalDesc Size       :0
[D]         CbInternalDesc Offset     :0
[D]         CbInternalDesc Size       :0
[D]         CbInternalDesc Offset     :0
[D]         CbInternalDesc Size       :0
[D]         CbInternalDesc Offset     :0
[D]         CbInternalDesc Size       :0
[D]         CbInternalDesc Offset     :0
[D]         CbInternalDesc Size       :0
[D]         CbInternalDesc Offset     :0
[D]         CbInternalDesc Size       :0
[D]         CbInternalDesc Offset     :0
[D]         CbInternalDesc Size       :0
[D]         CbInternalDesc Offset     :0
[D]         CbInternalDesc Size       :0
[D]         CbInternalDesc Offset     :0
[D]         CbInternalDesc Size       :0
[D] Dump ImmPatch  Info:
[D] Num ImmPatches:
[D] Dump Vulkan Xfb  Info:
[D]         XfbItemCount              :0
[D] Dump Other Shader Info:
[D]         TSharpForCb               :-1
[D]         ViewCount                 :0
[D]         SharedVC                  :0
[D]         SimdMode                  :0
[D]         EuBlendCrf                :0
[D]         OglImageNum               :0
[D]         OglStorageBufferNum       :0
[D]         OutPosEntryIdx            :0
[D]         OutPointSizeEntryIdx      :0
[D]         OutRTArrayIdxEntryIdx     :0
[D]         OutFakeDistSignEntryIdx   :0
[D]         OutVPArrayIdxEntryIdx     :0
[D]         OutputEdgeFlagEntryIdx    :0
[D]         PxPyCount                 :0
[D]         PcCount                   :0
[D]         PMSize                    :0
[D]         DxBufCounterMask          :0
[D]         DxBufCounterResID         :0
[D]         VsNormalAttrCrfStart      :4
[D]         ConstInfoFlag             :0
[D] VS CrfCount        : 44 ShareMemSize= 0
[D] VS InstrCount        : 6
[D] begin to dump shader code:
[D] --------------------------------------------------------------------------
[D]    PC                         Instruction                                  Content                                                                                             
  0x0000         0x03000000000c0004 0xa6000ff004000000           FADD.rp2                  void           ,r12            ,r4             
                                                                +EMITF                     vso[0].xyz     ,fwd            
  0x0001         0x0300000000100008 0xa6000ff004000001           FADD.rp2                  void           ,r16            ,r8             
                                                                +EMITF                     vso[1].xyz     ,fwd            
  0x0002         0x0300000000200014 0xa6000ff004000002           FADD.rp2                  void           ,r32            ,r20            
                                                                +EMITF                     vso[2].xyz     ,fwd            
  0x0003         0x0300000000240018 0xa6000ff004000003           FADD.rp2                  void           ,r36            ,r24            
                                                                +EMITF                     vso[3].xyz     ,fwd            
  0x0004         0x030000000028001c 0xa6000ff00c000004           FADD.rp2                  void           ,r40            ,r28            
                                                                +EMITF.ve                  vso[4].xyz     ,fwd            
  0x0005         0xc300000000000000 0x0000000000000000           JUMP                      0              
[D] --------------------------------------------------------------------------
