[D] begin to dump hw reg setting in compile arguments:
[D] UsharpBase:   0
[D] MaxUsharpReg: 0
[D] MaxTsharpReg: 0
[D] MaxSsharpReg: 0
[D] MaxCsharpReg: 0
[D] MaxCbReg:     0
[D] ------------------------Begin Dump SC LLVM Module Info------------------------ [0000]
[D] target datalayout = "e-m:e-p:32:32-i1:32-i8:32-i16:32-i32:32-i64:64-f16:32-f32:32-f64:64-n8:16:32:64"
target triple = "dxil-ms-dx"

; Function Attrs: nounwind readnone
declare float @dx.op.loadInput.f32(i32, i32, i32, i8, i32) #0

; Function Attrs: nounwind readnone
declare i32 @dx.op.loadInput.i32(i32, i32, i32, i8, i32) #0

; Function Attrs: nounwind
declare void @dx.op.storeOutput.f32(i32, i32, i32, i8, float) #1

define void @main() {
  %1 = add i32 2, 0
  %2 = mul i32 0, 2
  %3 = add i32 %2, %1
  %4 = mul i32 0, 1
  %5 = add i32 %4, %3
  %6 = call float @dx.op.loadInput.f32(i32 4, i32 1, i32 %5, i8 0, i32 undef)
  %7 = call float @dx.op.loadInput.f32(i32 4, i32 1, i32 %5, i8 1, i32 undef)
  %8 = call float @dx.op.loadInput.f32(i32 4, i32 1, i32 %5, i8 2, i32 undef)
  %9 = add i32 2, 0
  %10 = mul i32 1, 2
  %11 = add i32 %10, %9
  %12 = mul i32 1, 1
  %13 = add i32 %12, %11
  %14 = call float @dx.op.loadInput.f32(i32 4, i32 1, i32 %13, i8 0, i32 undef)
  %15 = call float @dx.op.loadInput.f32(i32 4, i32 1, i32 %13, i8 1, i32 undef)
  %16 = call float @dx.op.loadInput.f32(i32 4, i32 1, i32 %13, i8 2, i32 undef)
  %17 = add i32 6, 0
  %18 = call i32 @dx.op.loadInput.i32(i32 4, i32 1, i32 %17, i8 0, i32 undef)
  %19 = sitofp i32 %18 to float
  %20 = mul i32 0, 1
  %21 = add i32 %20, 0
  %22 = call float @dx.op.loadInput.f32(i32 4, i32 1, i32 %21, i8 0, i32 undef)
  %23 = call float @dx.op.loadInput.f32(i32 4, i32 1, i32 %21, i8 1, i32 undef)
  %24 = call float @dx.op.loadInput.f32(i32 4, i32 1, i32 %21, i8 2, i32 undef)
  %25 = call float @dx.op.loadInput.f32(i32 4, i32 1, i32 %21, i8 3, i32 undef)
  %26 = mul i32 1, 1
  %27 = add i32 %26, 0
  %28 = call float @dx.op.loadInput.f32(i32 4, i32 1, i32 %27, i8 0, i32 undef)
  %29 = call float @dx.op.loadInput.f32(i32 4, i32 1, i32 %27, i8 1, i32 undef)
  %30 = call float @dx.op.loadInput.f32(i32 4, i32 1, i32 %27, i8 2, i32 undef)
  %31 = call float @dx.op.loadInput.f32(i32 4, i32 1, i32 %27, i8 3, i32 undef)
  %32 = fadd fast float %22, %28
  %33 = fadd fast float %32, %6
  %34 = fadd fast float %33, %19
  %35 = bitcast i32 1065353216 to float
  %36 = fadd fast float %23, %35
  %37 = fadd fast float %36, %29
  %38 = fadd fast float %37, %7
  %39 = bitcast i32 1073741824 to float
  %40 = fadd fast float %24, %39
  %41 = fadd fast float %40, %30
  %42 = fadd fast float %41, %14
  %43 = bitcast i32 1077936128 to float
  %44 = fadd fast float %25, %43
  %45 = fadd fast float %44, %31
  %46 = fadd fast float %45, %15
  call void @dx.op.storeOutput.f32(i32 5, i32 0, i32 0, i8 0, float %34)
  call void @dx.op.storeOutput.f32(i32 5, i32 0, i32 0, i8 1, float %38)
  call void @dx.op.storeOutput.f32(i32 5, i32 0, i32 0, i8 2, float %42)
  call void @dx.op.storeOutput.f32(i32 5, i32 0, i32 0, i8 3, float %46)
  ret void
}

attributes #0 = { nounwind readnone }
attributes #1 = { nounwind }

!llvm.ident = !{!0}
!dx.version = !{!1}
!dx.valver = !{!2}
!dx.shaderModel = !{!3}
!dx.typeAnnotations = !{!4}
!dx.entryPoints = !{!8}
!dx.source.contents = !{!25, !26, !27, !28, !29, !30, !31, !32}
!dx.vk.xfb = !{}

!0 = !{!"Mesa version 22.04@release"}
!1 = !{i32 1, i32 1}
!2 = !{i32 1, i32 4}
!3 = !{!"ps", i32 6, i32 1}
!4 = !{i32 1, void ()* @main, !5}
!5 = !{!6}
!6 = !{i32 0, !7, !7}
!7 = !{}
!8 = !{void ()* @main, !"main", !9, null, !24}
!9 = !{!10, !22, null}
!10 = !{!11, !13, !16, !18, !20}
!11 = !{i32 0, !"TEXCOORD", i8 9, i8 0, !12, i8 2, i32 1, i8 4, i32 0, i8 0, !7}
!12 = !{i32 0}
!13 = !{i32 1, !"TEXCOORD", i8 9, i8 0, !14, i8 1, i32 2, i8 4, i32 1, i8 0, !15}
!14 = !{i32 1, i32 2}
!15 = !{i32 100, i32 1, i32 101, i32 7}
!16 = !{i32 2, !"TEXCOORD", i8 9, i8 0, !17, i8 1, i32 2, i8 3, i32 3, i8 0, !15}
!17 = !{i32 3, i32 4}
!18 = !{i32 3, !"TEXCOORD", i8 9, i8 0, !19, i8 1, i32 2, i8 3, i32 5, i8 0, !15}
!19 = !{i32 5, i32 6}
!20 = !{i32 4, !"TEXCOORD", i8 4, i8 0, !21, i8 1, i32 1, i8 1, i32 7, i8 0, !15}
!21 = !{i32 7}
!22 = !{!23}
!23 = !{i32 0, !"SV_Target", i8 9, i8 16, !12, i8 0, i32 1, i8 4, i32 0, i8 0, !7}
!24 = !{i32 0, i64 1048576}
!25 = !{!"num_images", i32 0}
!26 = !{!"num_ssbos", i32 0}
!27 = !{!"float_controls_execution_mode", i32 0}
!28 = !{!"color_dual_source", i32 0}
!29 = !{!"origin_upper_left", i32 0}
!30 = !{!"pixel_center_integer", i32 0}
!31 = !{!"early_fragment_tests", i32 0}
!32 = !{!"post_depth_coverage", i32 0}


[D] CrfCntForInput equals CrfCount + HW_REG_START
[D] CrfCntForInput for PS push mode: 40
[D] ------------------------Begin Dump SC Shader Info------------------------ [0000]
[D] SCShaderVersion:                  :97
[D] SCShaderType:                     :4
[D] Dump Shader Flags:
[D]         bOutputDepth              :0
[D]         bOutputStencil            :0
[D]         bTexKill                  :0
[D]         bDiscard                  :0
[D]         bOutputMask               :0
[D]         bHasSampleFreqInput       :0
[D]         bHasPointCoord            :0
[D]         bHasEmitMask              :0
[D]         bHasEmitAlpha              :0
[D]         bPackWL                   :0
[D]         bPackWC                   :0
[D]         bNeedLinearW              :1
[D]         bNeedCentroidW            :0
[D]         bPosCentroid              :0
[D]         bFlatShading              :0
[D]         bConservativeDepth        :0
[D]         bConservativeDepthMode    :0
[D]         bForceEarlyDepthStencil   :0
[D]         bLSBuffer                 :0
[D]         bNeedPatchMovimm          :0
[D]         bHwCbMode                 :1
[D]         bMapImageToTSharp         :0
[D]         bPackFaceId               :0
[D]         bPackSampleId             :0
[D]         bPackPrimId               :0
[D]         bHasSampleLd2DMS          :0
[D]         bIntpAtSample             :0
[D]         bHasGMFlush               :0
[D]         bHasDouble                :0
[D]         bPixelCenterInteger       :0
[D]         bOriginUpperLeft          :0
[D]         bNeedPatchVerticesIn      :0
[D]         bNeedDenormPreserve       :0
[D]         bHasDfdy                  :0
[D]         bFp16DenormPerserve       :0
[D]         bFp32DenormPerserve       :0
[D]         bFp64DenormPerserve       :0
[D]         bFp16RoundingZero         :0
[D]         bFp32RoundingZero         :0
[D]         bFp64RoundingZero         :0
[D]         bDX9FConstRelative        :0
[D] Dump Input Flags:
[D]         bHasVertexID              :0
[D]         bHasRHW                   :0
[D]         bHasIsFrontFace           :0
[D]         bHasSampleMask            :0
[D]         bHasSampleIndex           :0
[D]         bHasSamplePos             :0
[D]         bHasPosition              :1
[D]         bHasRHWCentroid           :0
[D]         bHasBaseVertexID          :0
[D]         bHasBaseInstanceID        :0
[D]         bHasDrawID                :0
[D]         bHasPrimId                :0
[D]         bHasInstanceID            :0
[D]         bHasShadingRate           :0
[D] Dump Output Flags:
[D]         bHasPointSize             :0
[D]         bHasRTArrayIdx            :0
[D]         bHasClipDistanceSign      :0
[D]         bHasOMask                 :0
[D]         bHasVPArrayIndex          :0
[D]         bHasClipDistance          :0
[D]         bHasPrimId                :0
[D]         bHasEdgeFlag              :0
[D]         bHasPrimShadingRate       :0
[D] 

Dump Input Info:
[D] EntryCount              :29
[D] UsedBitMask             :ff
[D] HwVectorCount           :9
[D] Entry 0------------------------------->
[D] Semantic=VARYING_DX10	55
[D] SemanticIndex           :1
[D] HwRegNo                 :4
[D] IoIndex                 :0
[D] ChannelIndex            :0
[D] Used                    :1
[D] bInterpolate            :0
[D] bCentroid               :0
[D] bPerspective            :0
[D] bSampleFreq             :0
[D] bIntVarying             :0
[D] bUIntVarying            :0
[D] bIntpAtCentroid         :0
[D] bIntpAtCenter           :0
[D] bIntpAtOffsetPxPy       :0
[D] bIntpAtSample           :0
[D] b64bits                 :0
[D] bCanPack                :0
[D] ExtendedIndex           :0
[D] Shared                  :0
[D] Entry 1------------------------------->
[D] Semantic=VARYING_DX10	55
[D] SemanticIndex           :1
[D] HwRegNo                 :5
[D] IoIndex                 :0
[D] ChannelIndex            :1
[D] Used                    :1
[D] bInterpolate            :0
[D] bCentroid               :0
[D] bPerspective            :0
[D] bSampleFreq             :0
[D] bIntVarying             :0
[D] bUIntVarying            :0
[D] bIntpAtCentroid         :0
[D] bIntpAtCenter           :0
[D] bIntpAtOffsetPxPy       :0
[D] bIntpAtSample           :0
[D] b64bits                 :0
[D] bCanPack                :0
[D] ExtendedIndex           :0
[D] Shared                  :0
[D] Entry 2------------------------------->
[D] Semantic=VARYING_DX10	55
[D] SemanticIndex           :1
[D] HwRegNo                 :6
[D] IoIndex                 :0
[D] ChannelIndex            :2
[D] Used                    :1
[D] bInterpolate            :0
[D] bCentroid               :0
[D] bPerspective            :0
[D] bSampleFreq             :0
[D] bIntVarying             :0
[D] bUIntVarying            :0
[D] bIntpAtCentroid         :0
[D] bIntpAtCenter           :0
[D] bIntpAtOffsetPxPy       :0
[D] bIntpAtSample           :0
[D] b64bits                 :0
[D] bCanPack                :0
[D] ExtendedIndex           :0
[D] Shared                  :0
[D] Entry 3------------------------------->
[D] Semantic=VARYING_DX10	55
[D] SemanticIndex           :1
[D] HwRegNo                 :7
[D] IoIndex                 :0
[D] ChannelIndex            :3
[D] Used                    :1
[D] bInterpolate            :0
[D] bCentroid               :0
[D] bPerspective            :0
[D] bSampleFreq             :0
[D] bIntVarying             :0
[D] bUIntVarying            :0
[D] bIntpAtCentroid         :0
[D] bIntpAtCenter           :0
[D] bIntpAtOffsetPxPy       :0
[D] bIntpAtSample           :0
[D] b64bits                 :0
[D] bCanPack                :0
[D] ExtendedIndex           :0
[D] Shared                  :0
[D] Entry 4------------------------------->
[D] Semantic=VARYING_DX10	55
[D] SemanticIndex           :2
[D] HwRegNo                 :8
[D] IoIndex                 :1
[D] ChannelIndex            :0
[D] Used                    :1
[D] bInterpolate            :0
[D] bCentroid               :0
[D] bPerspective            :0
[D] bSampleFreq             :0
[D] bIntVarying             :0
[D] bUIntVarying            :0
[D] bIntpAtCentroid         :0
[D] bIntpAtCenter           :0
[D] bIntpAtOffsetPxPy       :0
[D] bIntpAtSample           :0
[D] b64bits                 :0
[D] bCanPack                :0
[D] ExtendedIndex           :0
[D] Shared                  :0
[D] Entry 5------------------------------->
[D] Semantic=VARYING_DX10	55
[D] SemanticIndex           :2
[D] HwRegNo                 :9
[D] IoIndex                 :1
[D] ChannelIndex            :1
[D] Used                    :1
[D] bInterpolate            :0
[D] bCentroid               :0
[D] bPerspective            :0
[D] bSampleFreq             :0
[D] bIntVarying             :0
[D] bUIntVarying            :0
[D] bIntpAtCentroid         :0
[D] bIntpAtCenter           :0
[D] bIntpAtOffsetPxPy       :0
[D] bIntpAtSample           :0
[D] b64bits                 :0
[D] bCanPack                :0
[D] ExtendedIndex           :0
[D] Shared                  :0
[D] Entry 6------------------------------->
[D] Semantic=VARYING_DX10	55
[D] SemanticIndex           :2
[D] HwRegNo                 :10
[D] IoIndex                 :1
[D] ChannelIndex            :2
[D] Used                    :1
[D] bInterpolate            :0
[D] bCentroid               :0
[D] bPerspective            :0
[D] bSampleFreq             :0
[D] bIntVarying             :0
[D] bUIntVarying            :0
[D] bIntpAtCentroid         :0
[D] bIntpAtCenter           :0
[D] bIntpAtOffsetPxPy       :0
[D] bIntpAtSample           :0
[D] b64bits                 :0
[D] bCanPack                :0
[D] ExtendedIndex           :0
[D] Shared                  :0
[D] Entry 7------------------------------->
[D] Semantic=VARYING_DX10	55
[D] SemanticIndex           :2
[D] HwRegNo                 :11
[D] IoIndex                 :1
[D] ChannelIndex            :3
[D] Used                    :1
[D] bInterpolate            :0
[D] bCentroid               :0
[D] bPerspective            :0
[D] bSampleFreq             :0
[D] bIntVarying             :0
[D] bUIntVarying            :0
[D] bIntpAtCentroid         :0
[D] bIntpAtCenter           :0
[D] bIntpAtOffsetPxPy       :0
[D] bIntpAtSample           :0
[D] b64bits                 :0
[D] bCanPack                :0
[D] ExtendedIndex           :0
[D] Shared                  :0
[D] Entry 8------------------------------->
[D] Semantic=VARYING_DX10	55
[D] SemanticIndex           :3
[D] HwRegNo                 :12
[D] IoIndex                 :2
[D] ChannelIndex            :0
[D] Used                    :1
[D] bInterpolate            :0
[D] bCentroid               :0
[D] bPerspective            :0
[D] bSampleFreq             :0
[D] bIntVarying             :0
[D] bUIntVarying            :0
[D] bIntpAtCentroid         :0
[D] bIntpAtCenter           :0
[D] bIntpAtOffsetPxPy       :0
[D] bIntpAtSample           :0
[D] b64bits                 :0
[D] bCanPack                :0
[D] ExtendedIndex           :0
[D] Shared                  :0
[D] Entry 9------------------------------->
[D] Semantic=VARYING_DX10	55
[D] SemanticIndex           :3
[D] HwRegNo                 :13
[D] IoIndex                 :2
[D] ChannelIndex            :1
[D] Used                    :1
[D] bInterpolate            :0
[D] bCentroid               :0
[D] bPerspective            :0
[D] bSampleFreq             :0
[D] bIntVarying             :0
[D] bUIntVarying            :0
[D] bIntpAtCentroid         :0
[D] bIntpAtCenter           :0
[D] bIntpAtOffsetPxPy       :0
[D] bIntpAtSample           :0
[D] b64bits                 :0
[D] bCanPack                :0
[D] ExtendedIndex           :0
[D] Shared                  :0
[D] Entry 10------------------------------->
[D] Semantic=VARYING_DX10	55
[D] SemanticIndex           :3
[D] HwRegNo                 :14
[D] IoIndex                 :2
[D] ChannelIndex            :2
[D] Used                    :1
[D] bInterpolate            :0
[D] bCentroid               :0
[D] bPerspective            :0
[D] bSampleFreq             :0
[D] bIntVarying             :0
[D] bUIntVarying            :0
[D] bIntpAtCentroid         :0
[D] bIntpAtCenter           :0
[D] bIntpAtOffsetPxPy       :0
[D] bIntpAtSample           :0
[D] b64bits                 :0
[D] bCanPack                :0
[D] ExtendedIndex           :0
[D] Shared                  :0
[D] Entry 11------------------------------->
[D] Semantic=VARYING_DX10	55
[D] SemanticIndex           :4
[D] HwRegNo                 :16
[D] IoIndex                 :3
[D] ChannelIndex            :0
[D] Used                    :1
[D] bInterpolate            :0
[D] bCentroid               :0
[D] bPerspective            :0
[D] bSampleFreq             :0
[D] bIntVarying             :0
[D] bUIntVarying            :0
[D] bIntpAtCentroid         :0
[D] bIntpAtCenter           :0
[D] bIntpAtOffsetPxPy       :0
[D] bIntpAtSample           :0
[D] b64bits                 :0
[D] bCanPack                :0
[D] ExtendedIndex           :0
[D] Shared                  :0
[D] Entry 12------------------------------->
[D] Semantic=VARYING_DX10	55
[D] SemanticIndex           :4
[D] HwRegNo                 :17
[D] IoIndex                 :3
[D] ChannelIndex            :1
[D] Used                    :1
[D] bInterpolate            :0
[D] bCentroid               :0
[D] bPerspective            :0
[D] bSampleFreq             :0
[D] bIntVarying             :0
[D] bUIntVarying            :0
[D] bIntpAtCentroid         :0
[D] bIntpAtCenter           :0
[D] bIntpAtOffsetPxPy       :0
[D] bIntpAtSample           :0
[D] b64bits                 :0
[D] bCanPack                :0
[D] ExtendedIndex           :0
[D] Shared                  :0
[D] Entry 13------------------------------->
[D] Semantic=VARYING_DX10	55
[D] SemanticIndex           :4
[D] HwRegNo                 :18
[D] IoIndex                 :3
[D] ChannelIndex            :2
[D] Used                    :1
[D] bInterpolate            :0
[D] bCentroid               :0
[D] bPerspective            :0
[D] bSampleFreq             :0
[D] bIntVarying             :0
[D] bUIntVarying            :0
[D] bIntpAtCentroid         :0
[D] bIntpAtCenter           :0
[D] bIntpAtOffsetPxPy       :0
[D] bIntpAtSample           :0
[D] b64bits                 :0
[D] bCanPack                :0
[D] ExtendedIndex           :0
[D] Shared                  :0
[D] Entry 14------------------------------->
[D] Semantic=VARYING_DX10	55
[D] SemanticIndex           :5
[D] HwRegNo                 :20
[D] IoIndex                 :4
[D] ChannelIndex            :0
[D] Used                    :1
[D] bInterpolate            :0
[D] bCentroid               :0
[D] bPerspective            :0
[D] bSampleFreq             :0
[D] bIntVarying             :0
[D] bUIntVarying            :0
[D] bIntpAtCentroid         :0
[D] bIntpAtCenter           :0
[D] bIntpAtOffsetPxPy       :0
[D] bIntpAtSample           :0
[D] b64bits                 :0
[D] bCanPack                :0
[D] ExtendedIndex           :0
[D] Shared                  :0
[D] Entry 15------------------------------->
[D] Semantic=VARYING_DX10	55
[D] SemanticIndex           :5
[D] HwRegNo                 :21
[D] IoIndex                 :4
[D] ChannelIndex            :1
[D] Used                    :1
[D] bInterpolate            :0
[D] bCentroid               :0
[D] bPerspective            :0
[D] bSampleFreq             :0
[D] bIntVarying             :0
[D] bUIntVarying            :0
[D] bIntpAtCentroid         :0
[D] bIntpAtCenter           :0
[D] bIntpAtOffsetPxPy       :0
[D] bIntpAtSample           :0
[D] b64bits                 :0
[D] bCanPack                :0
[D] ExtendedIndex           :0
[D] Shared                  :0
[D] Entry 16------------------------------->
[D] Semantic=VARYING_DX10	55
[D] SemanticIndex           :5
[D] HwRegNo                 :22
[D] IoIndex                 :4
[D] ChannelIndex            :2
[D] Used                    :1
[D] bInterpolate            :0
[D] bCentroid               :0
[D] bPerspective            :0
[D] bSampleFreq             :0
[D] bIntVarying             :0
[D] bUIntVarying            :0
[D] bIntpAtCentroid         :0
[D] bIntpAtCenter           :0
[D] bIntpAtOffsetPxPy       :0
[D] bIntpAtSample           :0
[D] b64bits                 :0
[D] bCanPack                :0
[D] ExtendedIndex           :0
[D] Shared                  :0
[D] Entry 17------------------------------->
[D] Semantic=VARYING_DX10	55
[D] SemanticIndex           :6
[D] HwRegNo                 :24
[D] IoIndex                 :5
[D] ChannelIndex            :0
[D] Used                    :1
[D] bInterpolate            :0
[D] bCentroid               :0
[D] bPerspective            :0
[D] bSampleFreq             :0
[D] bIntVarying             :0
[D] bUIntVarying            :0
[D] bIntpAtCentroid         :0
[D] bIntpAtCenter           :0
[D] bIntpAtOffsetPxPy       :0
[D] bIntpAtSample           :0
[D] b64bits                 :0
[D] bCanPack                :0
[D] ExtendedIndex           :0
[D] Shared                  :0
[D] Entry 18------------------------------->
[D] Semantic=VARYING_DX10	55
[D] SemanticIndex           :6
[D] HwRegNo                 :25
[D] IoIndex                 :5
[D] ChannelIndex            :1
[D] Used                    :1
[D] bInterpolate            :0
[D] bCentroid               :0
[D] bPerspective            :0
[D] bSampleFreq             :0
[D] bIntVarying             :0
[D] bUIntVarying            :0
[D] bIntpAtCentroid         :0
[D] bIntpAtCenter           :0
[D] bIntpAtOffsetPxPy       :0
[D] bIntpAtSample           :0
[D] b64bits                 :0
[D] bCanPack                :0
[D] ExtendedIndex           :0
[D] Shared                  :0
[D] Entry 19------------------------------->
[D] Semantic=VARYING_DX10	55
[D] SemanticIndex           :6
[D] HwRegNo                 :26
[D] IoIndex                 :5
[D] ChannelIndex            :2
[D] Used                    :1
[D] bInterpolate            :0
[D] bCentroid               :0
[D] bPerspective            :0
[D] bSampleFreq             :0
[D] bIntVarying             :0
[D] bUIntVarying            :0
[D] bIntpAtCentroid         :0
[D] bIntpAtCenter           :0
[D] bIntpAtOffsetPxPy       :0
[D] bIntpAtSample           :0
[D] b64bits                 :0
[D] bCanPack                :0
[D] ExtendedIndex           :0
[D] Shared                  :0
[D] Entry 20------------------------------->
[D] Semantic=VARYING_DX10	55
[D] SemanticIndex           :7
[D] HwRegNo                 :28
[D] IoIndex                 :6
[D] ChannelIndex            :0
[D] Used                    :1
[D] bInterpolate            :0
[D] bCentroid               :0
[D] bPerspective            :0
[D] bSampleFreq             :0
[D] bIntVarying             :0
[D] bUIntVarying            :0
[D] bIntpAtCentroid         :0
[D] bIntpAtCenter           :0
[D] bIntpAtOffsetPxPy       :0
[D] bIntpAtSample           :0
[D] b64bits                 :0
[D] bCanPack                :0
[D] ExtendedIndex           :0
[D] Shared                  :0
[D] Entry 21------------------------------->
[D] Semantic=VARYING_DX10	55
[D] SemanticIndex           :0
[D] HwRegNo                 :32
[D] IoIndex                 :7
[D] ChannelIndex            :0
[D] Used                    :1
[D] bInterpolate            :1
[D] bCentroid               :0
[D] bPerspective            :1
[D] bSampleFreq             :0
[D] bIntVarying             :0
[D] bUIntVarying            :0
[D] bIntpAtCentroid         :0
[D] bIntpAtCenter           :0
[D] bIntpAtOffsetPxPy       :0
[D] bIntpAtSample           :0
[D] b64bits                 :0
[D] bCanPack                :1
[D] ExtendedIndex           :0
[D] Shared                  :0
[D] Entry 22------------------------------->
[D] Semantic=VARYING_DX10	55
[D] SemanticIndex           :0
[D] HwRegNo                 :33
[D] IoIndex                 :7
[D] ChannelIndex            :1
[D] Used                    :1
[D] bInterpolate            :1
[D] bCentroid               :0
[D] bPerspective            :1
[D] bSampleFreq             :0
[D] bIntVarying             :0
[D] bUIntVarying            :0
[D] bIntpAtCentroid         :0
[D] bIntpAtCenter           :0
[D] bIntpAtOffsetPxPy       :0
[D] bIntpAtSample           :0
[D] b64bits                 :0
[D] bCanPack                :1
[D] ExtendedIndex           :0
[D] Shared                  :0
[D] Entry 23------------------------------->
[D] Semantic=VARYING_DX10	55
[D] SemanticIndex           :0
[D] HwRegNo                 :34
[D] IoIndex                 :7
[D] ChannelIndex            :2
[D] Used                    :1
[D] bInterpolate            :1
[D] bCentroid               :0
[D] bPerspective            :1
[D] bSampleFreq             :0
[D] bIntVarying             :0
[D] bUIntVarying            :0
[D] bIntpAtCentroid         :0
[D] bIntpAtCenter           :0
[D] bIntpAtOffsetPxPy       :0
[D] bIntpAtSample           :0
[D] b64bits                 :0
[D] bCanPack                :1
[D] ExtendedIndex           :0
[D] Shared                  :0
[D] Entry 24------------------------------->
[D] Semantic=VARYING_DX10	55
[D] SemanticIndex           :0
[D] HwRegNo                 :35
[D] IoIndex                 :7
[D] ChannelIndex            :3
[D] Used                    :1
[D] bInterpolate            :1
[D] bCentroid               :0
[D] bPerspective            :1
[D] bSampleFreq             :0
[D] bIntVarying             :0
[D] bUIntVarying            :0
[D] bIntpAtCentroid         :0
[D] bIntpAtCenter           :0
[D] bIntpAtOffsetPxPy       :0
[D] bIntpAtSample           :0
[D] b64bits                 :0
[D] bCanPack                :1
[D] ExtendedIndex           :0
[D] Shared                  :0
[D] Entry 25------------------------------->
[D] Semantic=POSITION	0
[D] SemanticIndex           :0
[D] HwRegNo                 :36
[D] IoIndex                 :8
[D] ChannelIndex            :0
[D] Used                    :1
[D] bInterpolate            :1
[D] bCentroid               :0
[D] bPerspective            :1
[D] bSampleFreq             :0
[D] bIntVarying             :0
[D] bUIntVarying            :0
[D] bIntpAtCentroid         :0
[D] bIntpAtCenter           :0
[D] bIntpAtOffsetPxPy       :0
[D] bIntpAtSample           :0
[D] b64bits                 :0
[D] bCanPack                :0
[D] ExtendedIndex           :0
[D] Shared                  :0
[D] Entry 26------------------------------->
[D] Semantic=POSITION	0
[D] SemanticIndex           :0
[D] HwRegNo                 :37
[D] IoIndex                 :8
[D] ChannelIndex            :1
[D] Used                    :1
[D] bInterpolate            :1
[D] bCentroid               :0
[D] bPerspective            :1
[D] bSampleFreq             :0
[D] bIntVarying             :0
[D] bUIntVarying            :0
[D] bIntpAtCentroid         :0
[D] bIntpAtCenter           :0
[D] bIntpAtOffsetPxPy       :0
[D] bIntpAtSample           :0
[D] b64bits                 :0
[D] bCanPack                :0
[D] ExtendedIndex           :0
[D] Shared                  :0
[D] Entry 27------------------------------->
[D] Semantic=POSITION	0
[D] SemanticIndex           :0
[D] HwRegNo                 :38
[D] IoIndex                 :8
[D] ChannelIndex            :2
[D] Used                    :1
[D] bInterpolate            :1
[D] bCentroid               :0
[D] bPerspective            :1
[D] bSampleFreq             :0
[D] bIntVarying             :0
[D] bUIntVarying            :0
[D] bIntpAtCentroid         :0
[D] bIntpAtCenter           :0
[D] bIntpAtOffsetPxPy       :0
[D] bIntpAtSample           :0
[D] b64bits                 :0
[D] bCanPack                :0
[D] ExtendedIndex           :0
[D] Shared                  :0
[D] Entry 28------------------------------->
[D] Semantic=POSITION	0
[D] SemanticIndex           :0
[D] HwRegNo                 :39
[D] IoIndex                 :8
[D] ChannelIndex            :3
[D] Used                    :1
[D] bInterpolate            :1
[D] bCentroid               :0
[D] bPerspective            :1
[D] bSampleFreq             :0
[D] bIntVarying             :0
[D] bUIntVarying            :0
[D] bIntpAtCentroid         :0
[D] bIntpAtCenter           :0
[D] bIntpAtOffsetPxPy       :0
[D] bIntpAtSample           :0
[D] b64bits                 :0
[D] bCanPack                :0
[D] ExtendedIndex           :0
[D] Shared                  :0
[D] 

Dump Output Info:
[D] EntryCount              :4
[D] UsedBitMask             :1
[D] HwVectorCount           :1
[D] Entry 0------------------------------->
[D] Semantic=COLOR	8
[D] SemanticIndex           :0
[D] HwRegNo                 :0
[D] IoIndex                 :0
[D] ChannelIndex            :0
[D] Used                    :1
[D] bInterpolate            :0
[D] bCentroid               :0
[D] bPerspective            :0
[D] bSampleFreq             :0
[D] bIntVarying             :0
[D] bUIntVarying            :0
[D] bIntpAtCentroid         :0
[D] bIntpAtCenter           :0
[D] bIntpAtOffsetPxPy       :0
[D] bIntpAtSample           :0
[D] b64bits                 :0
[D] bCanPack                :1
[D] ExtendedIndex           :0
[D] Shared                  :0
[D] Entry 1------------------------------->
[D] Semantic=COLOR	8
[D] SemanticIndex           :0
[D] HwRegNo                 :0
[D] IoIndex                 :0
[D] ChannelIndex            :1
[D] Used                    :1
[D] bInterpolate            :0
[D] bCentroid               :0
[D] bPerspective            :0
[D] bSampleFreq             :0
[D] bIntVarying             :0
[D] bUIntVarying            :0
[D] bIntpAtCentroid         :0
[D] bIntpAtCenter           :0
[D] bIntpAtOffsetPxPy       :0
[D] bIntpAtSample           :0
[D] b64bits                 :0
[D] bCanPack                :1
[D] ExtendedIndex           :0
[D] Shared                  :0
[D] Entry 2------------------------------->
[D] Semantic=COLOR	8
[D] SemanticIndex           :0
[D] HwRegNo                 :0
[D] IoIndex                 :0
[D] ChannelIndex            :2
[D] Used                    :1
[D] bInterpolate            :0
[D] bCentroid               :0
[D] bPerspective            :0
[D] bSampleFreq             :0
[D] bIntVarying             :0
[D] bUIntVarying            :0
[D] bIntpAtCentroid         :0
[D] bIntpAtCenter           :0
[D] bIntpAtOffsetPxPy       :0
[D] bIntpAtSample           :0
[D] b64bits                 :0
[D] bCanPack                :1
[D] ExtendedIndex           :0
[D] Shared                  :0
[D] Entry 3------------------------------->
[D] Semantic=COLOR	8
[D] SemanticIndex           :0
[D] HwRegNo                 :0
[D] IoIndex                 :0
[D] ChannelIndex            :3
[D] Used                    :1
[D] bInterpolate            :0
[D] bCentroid               :0
[D] bPerspective            :0
[D] bSampleFreq             :0
[D] bIntVarying             :0
[D] bUIntVarying            :0
[D] bIntpAtCentroid         :0
[D] bIntpAtCenter           :0
[D] bIntpAtOffsetPxPy       :0
[D] bIntpAtSample           :0
[D] b64bits                 :0
[D] bCanPack                :1
[D] ExtendedIndex           :0
[D] Shared                  :0
[D] 

Dump Patch Constant Info:
[D] EntryCount              :0
[D] UsedBitMask             :0
[D] HwVectorCount           :0
[D] Dump Cbv  Info:
[D] ResRangeCount              :0
[D] Dump Srv  Info:
[D] ResRangeCount              :0
[D] Dump Sampler  Info:
[D] ResRangeCount              :0
[D] Dump Uav  Info:
[D]         ResRangeCount              :0
[D] Dump Resource Query  Info:
[D]         TexSizeQueryCnt            :0
[D]         ImgSizeQueryCnt            :0
[D]         TexSamplePosQueryCnt       :0
[D]         OglSsbQueryCnt             :0
[D] Dump Cb Insternal Desc  Info:
[D]         CbInternalUsedMask     :0
[D]         CbInternalDesc Offset     :0
[D]         CbInternalDesc Size       :0
[D]         CbInternalDesc Offset     :0
[D]         CbInternalDesc Size       :0
[D]         CbInternalDesc Offset     :0
[D]         CbInternalDesc Size       :0
[D]         CbInternalDesc Offset     :0
[D]         CbInternalDesc Size       :0
[D]         CbInternalDesc Offset     :0
[D]         CbInternalDesc Size       :0
[D]         CbInternalDesc Offset     :0
[D]         CbInternalDesc Size       :0
[D]         CbInternalDesc Offset     :0
[D]         CbInternalDesc Size       :0
[D]         CbInternalDesc Offset     :0
[D]         CbInternalDesc Size       :0
[D]         CbInternalDesc Offset     :0
[D]         CbInternalDesc Size       :0
[D]         CbInternalDesc Offset     :0
[D]         CbInternalDesc Size       :0
[D]         CbInternalDesc Offset     :0
[D]         CbInternalDesc Size       :0
[D]         CbInternalDesc Offset     :0
[D]         CbInternalDesc Size       :0
[D]         CbInternalDesc Offset     :0
[D]         CbInternalDesc Size       :0
[D]         CbInternalDesc Offset     :0
[D]         CbInternalDesc Size       :0
[D]         CbInternalDesc Offset     :0
[D]         CbInternalDesc Size       :0
[D]         CbInternalDesc Offset     :0
[D]         CbInternalDesc Size       :0
[D]         CbInternalDesc Offset     :0
[D]         CbInternalDesc Size       :0
[D]         CbInternalDesc Offset     :0
[D]         CbInternalDesc Size       :0
[D]         CbInternalDesc Offset     :0
[D]         CbInternalDesc Size       :0
[D] Dump ImmPatch  Info:
[D] Num ImmPatches:
[D] Dump Vulkan Xfb  Info:
[D]         XfbItemCount              :0
[D] Dump Other Shader Info:
[D]         TSharpForCb               :-1
[D]         ViewCount                 :0
[D]         SharedVC                  :0
[D]         SimdMode                  :0
[D]         EuBlendCrf                :0
[D]         OglImageNum               :0
[D]         OglStorageBufferNum       :0
[D]         OutPosEntryIdx            :0
[D]         OutPointSizeEntryIdx      :0
[D]         OutRTArrayIdxEntryIdx     :0
[D]         OutFakeDistSignEntryIdx   :0
[D]         OutVPArrayIdxEntryIdx     :0
[D]         OutputEdgeFlagEntryIdx    :0
[D]         PxPyCount                 :0
[D]         PcCount                   :0
[D]         PMSize                    :0
[D]         DxBufCounterMask          :0
[D]         DxBufCounterResID         :0
[D]         VsNormalAttrCrfStart      :0
[D]         ColorOutputMask           :1
[D]         ConstInfoFlag             :0
[D] PS CrfCount        : 44 ShareMemSize= 0
[D] PS InstrCount        : 14
[D] begin to dump shader code:
[D] --------------------------------------------------------------------------
[D]    PC                         Instruction                                  Content                                                                                             
  0x0000         0x174000200000001c 0x0000000000000000           FX2FP.s.rne               r0             ,r28.32.0       
  0x0001         0x0304000000080004 0x0000001000000000           FADD                      r1             ,r8             ,r4             
  0x0002         0x03040000000c0001 0x0004001000000000           FADD.dly1                 r1             ,r12            ,r1             
  0x0003         0x0300000000000001 0x86840ff000000000           FADD.dly1                 void           ,r0             ,r1             
                                                                +EMITC                     o[0].x         ,fwd            
  0x0004         0x0300000008f40005 0x0000001000000000           FADD                      r1             ,PDC_1F         ,r5             
  0x0005         0x0304000000090001 0x0004001000000000           FADD.dly1                 r1             ,r9             ,r1             
  0x0006         0x03000000000d0001 0x86840ff001000000           FADD.dly1                 void           ,r13            ,r1             
                                                                +EMITC                     o[0].y         ,fwd            
  0x0007         0x0300000008f50006 0x0000002000000000           FADD                      r2             ,PDC_2F         ,r6             
  0x0008         0x03040000000a0002 0x0004002000000000           FADD.dly1                 r2             ,r10            ,r2             
  0x0009         0x4b00000040400000 0x0000003000000000           MOVIMM                    r3             ,0x40400000     
  0x000a         0x0304000000030007 0x0004003000000000           FADD.dly1                 r3             ,r3             ,r7             
  0x000b         0x03040000000b0003 0x0004003000000000           FADD.dly1                 r3             ,r11            ,r3             
  0x000c         0x0300000000180002 0x96800ff00a000000           FADD.rp1                  void           ,r24            ,r2             
                                                                +EMITC.rte                 o[0].zw        ,fwd            
  0x000d         0xc340000000000000 0x0000000000000000           JUMP.ps                   0              
[D] --------------------------------------------------------------------------
