[D] begin to dump hw reg setting in compile arguments:
[D] UsharpBase:   0
[D] MaxUsharpReg: 0
[D] MaxTsharpReg: 0
[D] MaxSsharpReg: 0
[D] MaxCsharpReg: 0
[D] MaxCbReg:     0
[D] ------------------------Begin Dump SC LLVM Module Info------------------------ [0000]
[D] target datalayout = "e-m:e-p:32:32-i1:32-i8:32-i16:32-i32:32-i64:64-f16:32-f32:32-f64:64-n8:16:32:64"
target triple = "dxil-ms-dx"

%dx.types.Handle = type { i8* }
%dx.types.CBufRet.i32 = type { i32, i32, i32, i32 }
%__ubo0 = type { [12 x float] }
%__ubo1 = type { [8 x float] }
%__ubo2 = type { [8 x float] }
%__ubo4 = type { [16 x float] }

; Function Attrs: nounwind readonly
declare %dx.types.Handle @dx.op.createHandle(i32, i8, i32, i32, i1) #0

; Function Attrs: nounwind readonly
declare %dx.types.CBufRet.i32 @dx.op.cbufferLoadLegacy.i32(i32, %dx.types.Handle, i32) #0

; Function Attrs: nounwind readonly
declare %dx.types.CBufRet.i32 @dx.extop.cbufferLoadLegacy.i32(i32, %dx.types.Handle, i32) #0

; Function Attrs: nounwind readnone
declare i32 @dx.op.binary.i32(i32, i32, i32) #1

; Function Attrs: nounwind
declare void @dx.op.storeOutput.f32(i32, i32, i32, i8, float) #2

define void @main() {
  %1 = call %dx.types.Handle @dx.op.createHandle(i32 57, i8 2, i32 0, i32 0, i1 false)
  %2 = call %dx.types.Handle @dx.op.createHandle(i32 57, i8 2, i32 1, i32 1, i1 false)
  %3 = call %dx.types.Handle @dx.op.createHandle(i32 57, i8 2, i32 2, i32 2, i1 false)
  %4 = call %dx.types.Handle @dx.op.createHandle(i32 57, i8 2, i32 2, i32 3, i1 false)
  %5 = call %dx.types.Handle @dx.op.createHandle(i32 57, i8 2, i32 3, i32 4, i1 false)
  %6 = call %dx.types.Handle @dx.op.createHandle(i32 57, i8 2, i32 3, i32 5, i1 false)
  %7 = call %dx.types.CBufRet.i32 @dx.op.cbufferLoadLegacy.i32(i32 59, %dx.types.Handle %3, i32 0)
  %8 = extractvalue %dx.types.CBufRet.i32 %7, 0
  %9 = extractvalue %dx.types.CBufRet.i32 %7, 1
  %10 = extractvalue %dx.types.CBufRet.i32 %7, 2
  %11 = extractvalue %dx.types.CBufRet.i32 %7, 3
  %12 = call %dx.types.CBufRet.i32 @dx.extop.cbufferLoadLegacy.i32(i32 275, %dx.types.Handle %1, i32 0)
  %13 = extractvalue %dx.types.CBufRet.i32 %12, 0
  %14 = extractvalue %dx.types.CBufRet.i32 %12, 1
  %15 = extractvalue %dx.types.CBufRet.i32 %12, 2
  %16 = extractvalue %dx.types.CBufRet.i32 %12, 3
  %17 = add i32 %13, 1
  %18 = call i32 @dx.op.binary.i32(i32 40, i32 %17, i32 1)
  %19 = add i32 4, %18
  %20 = call %dx.types.Handle @dx.op.createHandle(i32 57, i8 2, i32 3, i32 %19, i1 false)
  %21 = call %dx.types.CBufRet.i32 @dx.op.cbufferLoadLegacy.i32(i32 59, %dx.types.Handle %20, i32 1)
  %22 = extractvalue %dx.types.CBufRet.i32 %21, 0
  %23 = extractvalue %dx.types.CBufRet.i32 %21, 1
  %24 = extractvalue %dx.types.CBufRet.i32 %21, 2
  %25 = extractvalue %dx.types.CBufRet.i32 %21, 3
  %26 = bitcast i32 %8 to float
  %27 = bitcast i32 %22 to float
  %28 = fadd fast float %26, %27
  %29 = bitcast i32 %9 to float
  %30 = bitcast i32 %23 to float
  %31 = fadd fast float %29, %30
  %32 = bitcast i32 %10 to float
  %33 = bitcast i32 %24 to float
  %34 = fadd fast float %32, %33
  %35 = bitcast i32 %11 to float
  %36 = bitcast i32 %25 to float
  %37 = fadd fast float %35, %36
  %38 = shl i32 %13, 5
  %39 = lshr i32 %38, 4
  %40 = call %dx.types.CBufRet.i32 @dx.op.cbufferLoadLegacy.i32(i32 59, %dx.types.Handle %2, i32 %39)
  %41 = extractvalue %dx.types.CBufRet.i32 %40, 0
  %42 = extractvalue %dx.types.CBufRet.i32 %40, 1
  %43 = extractvalue %dx.types.CBufRet.i32 %40, 2
  %44 = extractvalue %dx.types.CBufRet.i32 %40, 3
  %45 = bitcast i32 %41 to float
  %46 = fadd fast float %28, %45
  %47 = bitcast i32 %42 to float
  %48 = fadd fast float %31, %47
  %49 = bitcast i32 %43 to float
  %50 = fadd fast float %34, %49
  %51 = bitcast i32 %44 to float
  %52 = fadd fast float %37, %51
  %53 = call %dx.types.CBufRet.i32 @dx.op.cbufferLoadLegacy.i32(i32 59, %dx.types.Handle %2, i32 0)
  %54 = extractvalue %dx.types.CBufRet.i32 %53, 0
  %55 = extractvalue %dx.types.CBufRet.i32 %53, 1
  %56 = extractvalue %dx.types.CBufRet.i32 %53, 2
  %57 = extractvalue %dx.types.CBufRet.i32 %53, 3
  %58 = bitcast i32 %54 to float
  %59 = fadd fast float %46, %58
  %60 = bitcast i32 %55 to float
  %61 = fadd fast float %48, %60
  %62 = bitcast i32 %56 to float
  %63 = fadd fast float %50, %62
  %64 = bitcast i32 %57 to float
  %65 = fadd fast float %52, %64
  %66 = shl i32 %13, 4
  %67 = add i32 %66, 4
  %68 = lshr i32 %67, 2
  %69 = call %dx.types.CBufRet.i32 @dx.extop.cbufferLoadLegacy.i32(i32 275, %dx.types.Handle %1, i32 %68)
  %70 = extractvalue %dx.types.CBufRet.i32 %69, 0
  %71 = extractvalue %dx.types.CBufRet.i32 %69, 1
  %72 = extractvalue %dx.types.CBufRet.i32 %69, 2
  %73 = extractvalue %dx.types.CBufRet.i32 %69, 3
  %74 = bitcast i32 %70 to float
  %75 = fadd fast float %59, %74
  %76 = bitcast i32 %71 to float
  %77 = fadd fast float %61, %76
  %78 = bitcast i32 %72 to float
  %79 = fadd fast float %63, %78
  %80 = bitcast i32 %73 to float
  %81 = fadd fast float %65, %80
  call void @dx.op.storeOutput.f32(i32 5, i32 0, i32 0, i8 0, float %75)
  call void @dx.op.storeOutput.f32(i32 5, i32 0, i32 0, i8 1, float %77)
  call void @dx.op.storeOutput.f32(i32 5, i32 0, i32 0, i8 2, float %79)
  call void @dx.op.storeOutput.f32(i32 5, i32 0, i32 0, i8 3, float %81)
  ret void
}

attributes #0 = { nounwind readonly }
attributes #1 = { nounwind readnone }
attributes #2 = { nounwind }

!llvm.ident = !{!0}
!dx.version = !{!1}
!dx.valver = !{!2}
!dx.shaderModel = !{!3}
!dx.resources = !{!4}
!dx.typeAnnotations = !{!10}
!dx.entryPoints = !{!14}
!dx.source.contents = !{!20, !21, !22}
!dx.vk.xfb = !{}

!0 = !{!"Mesa version 22.04@release"}
!1 = !{i32 1, i32 1}
!2 = !{i32 1, i32 4}
!3 = !{!"vs", i32 6, i32 1}
!4 = !{null, null, !5, null}
!5 = !{!6, !7, !8, !9}
!6 = !{i32 0, %__ubo0* undef, !"__ubo0", i32 0, i32 0, i32 1, i32 48, null}
!7 = !{i32 1, %__ubo1* undef, !"__ubo1", i32 0, i32 1, i32 1, i32 32, null}
!8 = !{i32 2, [2 x %__ubo2]* undef, !"__ubo2", i32 0, i32 2, i32 2, i32 32, null}
!9 = !{i32 3, [2 x %__ubo4]* undef, !"__ubo4", i32 0, i32 4, i32 2, i32 64, null}
!10 = !{i32 1, void ()* @main, !11}
!11 = !{!12}
!12 = !{i32 0, !13, !13}
!13 = !{}
!14 = !{void ()* @main, !"main", !15, !4, !19}
!15 = !{null, !16, null}
!16 = !{!17}
!17 = !{i32 0, !"TEXCOORD", i8 9, i8 0, !18, i8 2, i32 1, i8 4, i32 0, i8 0, !13}
!18 = !{i32 0}
!19 = !{i32 0, i64 1048576}
!20 = !{!"num_images", i32 0}
!21 = !{!"num_ssbos", i32 0}
!22 = !{!"float_controls_execution_mode", i32 0}


[D] ------------------------Begin Dump SC Shader Info------------------------ [0000]
[D] SCShaderVersion:                  :97
[D] SCShaderType:                     :0
[D] Dump Shader Flags:
[D]         bOutputDepth              :0
[D]         bOutputStencil            :0
[D]         bTexKill                  :0
[D]         bDiscard                  :0
[D]         bOutputMask               :0
[D]         bHasSampleFreqInput       :0
[D]         bHasPointCoord            :0
[D]         bHasEmitMask              :0
[D]         bHasEmitAlpha              :0
[D]         bPackWL                   :0
[D]         bPackWC                   :0
[D]         bNeedLinearW              :0
[D]         bNeedCentroidW            :0
[D]         bPosCentroid              :0
[D]         bFlatShading              :0
[D]         bConservativeDepth        :0
[D]         bConservativeDepthMode    :0
[D]         bForceEarlyDepthStencil   :0
[D]         bLSBuffer                 :0
[D]         bNeedPatchMovimm          :0
[D]         bHwCbMode                 :1
[D]         bMapImageToTSharp         :0
[D]         bPackFaceId               :0
[D]         bPackSampleId             :0
[D]         bPackPrimId               :0
[D]         bHasSampleLd2DMS          :0
[D]         bIntpAtSample             :0
[D]         bHasGMFlush               :0
[D]         bHasDouble                :0
[D]         bPixelCenterInteger       :0
[D]         bOriginUpperLeft          :0
[D]         bNeedPatchVerticesIn      :0
[D]         bNeedDenormPreserve       :0
[D]         bHasDfdy                  :0
[D]         bFp16DenormPerserve       :0
[D]         bFp32DenormPerserve       :0
[D]         bFp64DenormPerserve       :0
[D]         bFp16RoundingZero         :0
[D]         bFp32RoundingZero         :0
[D]         bFp64RoundingZero         :0
[D]         bDX9FConstRelative        :0
[D] Dump Input Flags:
[D]         bHasVertexID              :0
[D]         bHasRHW                   :0
[D]         bHasIsFrontFace           :0
[D]         bHasSampleMask            :0
[D]         bHasSampleIndex           :0
[D]         bHasSamplePos             :0
[D]         bHasPosition              :0
[D]         bHasRHWCentroid           :0
[D]         bHasBaseVertexID          :0
[D]         bHasBaseInstanceID        :0
[D]         bHasDrawID                :0
[D]         bHasPrimId                :0
[D]         bHasInstanceID            :0
[D]         bHasShadingRate           :0
[D] Dump Output Flags:
[D]         bHasPointSize             :0
[D]         bHasRTArrayIdx            :0
[D]         bHasClipDistanceSign      :0
[D]         bHasOMask                 :0
[D]         bHasVPArrayIndex          :0
[D]         bHasClipDistance          :0
[D]         bHasPrimId                :0
[D]         bHasEdgeFlag              :0
[D]         bHasPrimShadingRate       :0
[D] 

Dump Input Info:
[D] EntryCount              :0
[D] UsedBitMask             :0
[D] HwVectorCount           :0
[D] 

Dump Output Info:
[D] EntryCount              :4
[D] UsedBitMask             :1
[D] HwVectorCount           :1
[D] Entry 0------------------------------->
[D] Semantic=VARYING_DX10	55
[D] SemanticIndex           :0
[D] HwRegNo                 :0
[D] IoIndex                 :0
[D] ChannelIndex            :0
[D] Used                    :1
[D] bInterpolate            :1
[D] bCentroid               :0
[D] bPerspective            :1
[D] bSampleFreq             :0
[D] bIntVarying             :0
[D] bUIntVarying            :0
[D] bIntpAtCentroid         :0
[D] bIntpAtCenter           :0
[D] bIntpAtOffsetPxPy       :0
[D] bIntpAtSample           :0
[D] b64bits                 :0
[D] bCanPack                :1
[D] ExtendedIndex           :0
[D] Shared                  :0
[D] Entry 1------------------------------->
[D] Semantic=VARYING_DX10	55
[D] SemanticIndex           :0
[D] HwRegNo                 :0
[D] IoIndex                 :0
[D] ChannelIndex            :1
[D] Used                    :1
[D] bInterpolate            :1
[D] bCentroid               :0
[D] bPerspective            :1
[D] bSampleFreq             :0
[D] bIntVarying             :0
[D] bUIntVarying            :0
[D] bIntpAtCentroid         :0
[D] bIntpAtCenter           :0
[D] bIntpAtOffsetPxPy       :0
[D] bIntpAtSample           :0
[D] b64bits                 :0
[D] bCanPack                :1
[D] ExtendedIndex           :0
[D] Shared                  :0
[D] Entry 2------------------------------->
[D] Semantic=VARYING_DX10	55
[D] SemanticIndex           :0
[D] HwRegNo                 :0
[D] IoIndex                 :0
[D] ChannelIndex            :2
[D] Used                    :1
[D] bInterpolate            :1
[D] bCentroid               :0
[D] bPerspective            :1
[D] bSampleFreq             :0
[D] bIntVarying             :0
[D] bUIntVarying            :0
[D] bIntpAtCentroid         :0
[D] bIntpAtCenter           :0
[D] bIntpAtOffsetPxPy       :0
[D] bIntpAtSample           :0
[D] b64bits                 :0
[D] bCanPack                :1
[D] ExtendedIndex           :0
[D] Shared                  :0
[D] Entry 3------------------------------->
[D] Semantic=VARYING_DX10	55
[D] SemanticIndex           :0
[D] HwRegNo                 :0
[D] IoIndex                 :0
[D] ChannelIndex            :3
[D] Used                    :1
[D] bInterpolate            :1
[D] bCentroid               :0
[D] bPerspective            :1
[D] bSampleFreq             :0
[D] bIntVarying             :0
[D] bUIntVarying            :0
[D] bIntpAtCentroid         :0
[D] bIntpAtCenter           :0
[D] bIntpAtOffsetPxPy       :0
[D] bIntpAtSample           :0
[D] b64bits                 :0
[D] bCanPack                :1
[D] ExtendedIndex           :0
[D] Shared                  :0
[D] 

Dump Patch Constant Info:
[D] EntryCount              :0
[D] UsedBitMask             :0
[D] HwVectorCount           :0
[D] Dump Cbv  Info:
[D] ResRangeCount              :4
[D]         ResRangeID                 :0
[D]         ResIndex                   :0
[D]         ResCount                   :1
[D]         HwRegNo                    :48
[D]         ResKind                    :0
[D]         ComponentType              :0
[D]         HeapIndex                  :0
[D]         SpaceID                    :0
[D]         SpaceID                    :0
[D]         Reduction                  :0
[D]         GlobalCoherent             :0
[D]         Rov                        :0
[D]         MappedToTSharp             :0
[D]         BufSize                    :48
[D]         StartInCb                  :0
[D]         ResRangeID                 :1
[D]         ResIndex                   :1
[D]         ResCount                   :1
[D]         HwRegNo                    :40
[D]         ResKind                    :0
[D]         ComponentType              :0
[D]         HeapIndex                  :0
[D]         SpaceID                    :0
[D]         SpaceID                    :0
[D]         Reduction                  :0
[D]         GlobalCoherent             :0
[D]         Rov                        :0
[D]         MappedToTSharp             :0
[D]         BufSize                    :32
[D]         StartInCb                  :0
[D]         ResRangeID                 :2
[D]         ResIndex                   :2
[D]         ResCount                   :2
[D]         HwRegNo                    :32
[D]         ResKind                    :0
[D]         ComponentType              :0
[D]         HeapIndex                  :0
[D]         SpaceID                    :0
[D]         SpaceID                    :0
[D]         Reduction                  :0
[D]         GlobalCoherent             :0
[D]         Rov                        :0
[D]         MappedToTSharp             :0
[D]         BufSize                    :16
[D]         StartInCb                  :0
[D]         ResRangeID                 :3
[D]         ResIndex                   :4
[D]         ResCount                   :2
[D]         HwRegNo                    :0
[D]         ResKind                    :0
[D]         ComponentType              :0
[D]         HeapIndex                  :0
[D]         SpaceID                    :0
[D]         SpaceID                    :0
[D]         Reduction                  :0
[D]         GlobalCoherent             :0
[D]         Rov                        :0
[D]         MappedToTSharp             :0
[D]         BufSize                    :64
[D]         StartInCb                  :0
[D] Dump Srv  Info:
[D] ResRangeCount              :0
[D] Dump Sampler  Info:
[D] ResRangeCount              :0
[D] Dump Uav  Info:
[D]         ResRangeCount              :0
[D] Dump Resource Query  Info:
[D]         TexSizeQueryCnt            :0
[D]         ImgSizeQueryCnt            :0
[D]         TexSamplePosQueryCnt       :0
[D]         OglSsbQueryCnt             :0
[D] Dump Cb Insternal Desc  Info:
[D]         CbInternalUsedMask     :0
[D]         CbInternalDesc Offset     :0
[D]         CbInternalDesc Size       :0
[D]         CbInternalDesc Offset     :0
[D]         CbInternalDesc Size       :0
[D]         CbInternalDesc Offset     :0
[D]         CbInternalDesc Size       :0
[D]         CbInternalDesc Offset     :0
[D]         CbInternalDesc Size       :0
[D]         CbInternalDesc Offset     :0
[D]         CbInternalDesc Size       :0
[D]         CbInternalDesc Offset     :0
[D]         CbInternalDesc Size       :0
[D]         CbInternalDesc Offset     :0
[D]         CbInternalDesc Size       :0
[D]         CbInternalDesc Offset     :0
[D]         CbInternalDesc Size       :0
[D]         CbInternalDesc Offset     :0
[D]         CbInternalDesc Size       :0
[D]         CbInternalDesc Offset     :0
[D]         CbInternalDesc Size       :0
[D]         CbInternalDesc Offset     :0
[D]         CbInternalDesc Size       :0
[D]         CbInternalDesc Offset     :0
[D]         CbInternalDesc Size       :0
[D]         CbInternalDesc Offset     :0
[D]         CbInternalDesc Size       :0
[D]         CbInternalDesc Offset     :0
[D]         CbInternalDesc Size       :0
[D]         CbInternalDesc Offset     :0
[D]         CbInternalDesc Size       :0
[D]         CbInternalDesc Offset     :0
[D]         CbInternalDesc Size       :0
[D]         CbInternalDesc Offset     :0
[D]         CbInternalDesc Size       :0
[D]         CbInternalDesc Offset     :0
[D]         CbInternalDesc Size       :0
[D]         CbInternalDesc Offset     :0
[D]         CbInternalDesc Size       :0
[D] Dump ImmPatch  Info:
[D] Num ImmPatches:
[D] Dump Vulkan Xfb  Info:
[D]         XfbItemCount              :0
[D] Dump Other Shader Info:
[D]         TSharpForCb               :-1
[D]         ViewCount                 :0
[D]         SharedVC                  :0
[D]         SimdMode                  :0
[D]         EuBlendCrf                :0
[D]         OglImageNum               :0
[D]         OglStorageBufferNum       :0
[D]         OutPosEntryIdx            :0
[D]         OutPointSizeEntryIdx      :0
[D]         OutRTArrayIdxEntryIdx     :0
[D]         OutFakeDistSignEntryIdx   :0
[D]         OutVPArrayIdxEntryIdx     :0
[D]         OutputEdgeFlagEntryIdx    :0
[D]         PxPyCount                 :0
[D]         PcCount                   :0
[D]         PMSize                    :0
[D]         DxBufCounterMask          :0
[D]         DxBufCounterResID         :0
[D]         VsNormalAttrCrfStart      :4
[D]         ConstInfoFlag             :0
[D] VS CrfCount        : 8 ShareMemSize= 0
[D] VS InstrCount        : 15
[D] begin to dump shader code:
[D] --------------------------------------------------------------------------
[D]    PC                         Instruction                                  Content                                                                                             
  0x0000         0x0a40000000011030 0x0000000000000000           IADDI.s                   r0             ,1              ,cb48           
  0x0001         0x3800000000010000 0x0004000000000000           IMINI.dly1                r0             ,0x1            ,r0             
  0x0002         0x0940c00000100000 0x0004000000000000           IMULI.s.b32.dly1          r0             ,16             ,r0             
  0x0003         0x0a40000000040000 0x0000000000000000           IADDI.s                   r0             ,4              ,r0             
  0x0004         0x4800000000001800 0x3004000000000000           MOV.rp3.dly1              r0             ,cb[r0]         
  0x0005         0x0300000000001020 0x3000000000000000           FADD.rp3                  r0             ,r0             ,cb32           
  0x0006         0x0a40000300281030 0x0000004000000000           IADDI.s                   r4             ,40             ,cb48 << 3      
  0x0007         0x4800000000001804 0x3004004000000000           MOV.rp3.dly1              r4             ,cb[r4]         
  0x0008         0x0304000000040000 0x3000000000000000           FADD.rp3                  r0             ,r4             ,r0             
  0x0009         0x0300000010280000 0x3000000000000000           FADD.rp3                  r0             ,cb40           ,r0             
  0x000a         0x0a40000400001030 0x0000004000000000           IADDI.s                   r4             ,0              ,cb48 << 4      
  0x000b         0x0a40003e00310004 0x0004004000000000           IADDI.s.dly1              r4             ,49             ,r4 >> 2        
  0x000c         0x4800000000001804 0x3004004000000000           MOV.rp3.dly1              r4             ,cb[r4]         
  0x000d         0x0300000000040000 0xb60000000c000000           FADD.rp3                  r0             ,r4             ,r0             
                                                                +EMITF.ve                  vso[0].xyzw    ,fwd            
  0x000e         0xc300000000000000 0x0000000000000000           JUMP                      0              
[D] --------------------------------------------------------------------------
