[D] begin to dump hw reg setting in compile arguments:
[D] UsharpBase:   0
[D] MaxUsharpReg: 0
[D] MaxTsharpReg: 0
[D] MaxSsharpReg: 0
[D] MaxCsharpReg: 0
[D] MaxCbReg:     0
[D] ------------------------Begin Dump SC LLVM Module Info------------------------ [0000]
[D] target datalayout = "e-m:e-p:32:32-i1:32-i8:32-i16:32-i32:32-i64:64-f16:32-f32:32-f64:64-n8:16:32:64"
target triple = "dxil-ms-dx"

%dx.types.Handle = type { i8* }
%dx.types.ResRet.f32 = type { float, float, float, float, i32 }
%dx.types.CBufRet.i32 = type { i32, i32, i32, i32 }
%"class.Texture2D<vector<float, 4> >" = type { <4 x float> }
%"class.Texture1D<vector<float, 4> >" = type { <4 x float> }
%__ubo0 = type { [4 x float] }
%struct.SamplerState = type { i32 }

; Function Attrs: nounwind readonly
declare %dx.types.Handle @dx.op.createHandle(i32, i8, i32, i32, i1) #0

; Function Attrs: nounwind readonly
declare %dx.types.ResRet.f32 @dx.op.sample.f32(i32, %dx.types.Handle, %dx.types.Handle, float, float, float, float, i32, i32, i32, float) #0

; Function Attrs: nounwind readonly
declare %dx.types.CBufRet.i32 @dx.extop.cbufferLoadLegacy.i32(i32, %dx.types.Handle, i32) #0

; Function Attrs: nounwind
declare void @dx.op.storeOutput.f32(i32, i32, i32, i8, float) #1

define void @main() {
  %1 = call %dx.types.Handle @dx.op.createHandle(i32 57, i8 2, i32 0, i32 0, i1 false)
  %2 = call %dx.types.Handle @dx.op.createHandle(i32 57, i8 3, i32 0, i32 1, i1 false)
  %3 = call %dx.types.Handle @dx.op.createHandle(i32 57, i8 3, i32 1, i32 2, i1 false)
  %4 = call %dx.types.Handle @dx.op.createHandle(i32 57, i8 3, i32 1, i32 3, i1 false)
  %5 = call %dx.types.Handle @dx.op.createHandle(i32 57, i8 3, i32 2, i32 4, i1 false)
  %6 = call %dx.types.Handle @dx.op.createHandle(i32 57, i8 0, i32 0, i32 1, i1 false)
  %7 = call %dx.types.Handle @dx.op.createHandle(i32 57, i8 0, i32 1, i32 2, i1 false)
  %8 = call %dx.types.Handle @dx.op.createHandle(i32 57, i8 0, i32 1, i32 3, i1 false)
  %9 = call %dx.types.Handle @dx.op.createHandle(i32 57, i8 0, i32 2, i32 4, i1 false)
  %10 = bitcast i32 1073741824 to float
  %11 = call %dx.types.ResRet.f32 @dx.op.sample.f32(i32 60, %dx.types.Handle %9, %dx.types.Handle %5, float %10, float undef, float undef, float undef, i32 undef, i32 undef, i32 undef, float undef)
  %12 = extractvalue %dx.types.ResRet.f32 %11, 0
  %13 = extractvalue %dx.types.ResRet.f32 %11, 1
  %14 = extractvalue %dx.types.ResRet.f32 %11, 2
  %15 = extractvalue %dx.types.ResRet.f32 %11, 3
  %16 = call %dx.types.CBufRet.i32 @dx.extop.cbufferLoadLegacy.i32(i32 275, %dx.types.Handle %1, i32 0)
  %17 = extractvalue %dx.types.CBufRet.i32 %16, 0
  %18 = extractvalue %dx.types.CBufRet.i32 %16, 1
  %19 = extractvalue %dx.types.CBufRet.i32 %16, 2
  %20 = extractvalue %dx.types.CBufRet.i32 %16, 3
  %21 = bitcast i32 %17 to float
  %22 = bitcast i32 %18 to float
  %23 = call %dx.types.ResRet.f32 @dx.op.sample.f32(i32 60, %dx.types.Handle %6, %dx.types.Handle %2, float %21, float %22, float undef, float undef, i32 undef, i32 undef, i32 undef, float undef)
  %24 = extractvalue %dx.types.ResRet.f32 %23, 0
  %25 = extractvalue %dx.types.ResRet.f32 %23, 1
  %26 = extractvalue %dx.types.ResRet.f32 %23, 2
  %27 = extractvalue %dx.types.ResRet.f32 %23, 3
  %28 = fadd fast float %12, %24
  %29 = fadd fast float %13, %25
  %30 = fadd fast float %14, %26
  %31 = fadd fast float %15, %27
  %32 = call %dx.types.CBufRet.i32 @dx.extop.cbufferLoadLegacy.i32(i32 275, %dx.types.Handle %1, i32 2)
  %33 = extractvalue %dx.types.CBufRet.i32 %32, 0
  %34 = extractvalue %dx.types.CBufRet.i32 %32, 1
  %35 = extractvalue %dx.types.CBufRet.i32 %32, 2
  %36 = extractvalue %dx.types.CBufRet.i32 %32, 3
  %37 = bitcast i32 %17 to float
  %38 = bitcast i32 %18 to float
  %39 = call %dx.types.Handle @dx.op.createHandle(i32 57, i8 3, i32 1, i32 %33, i1 false)
  %40 = call %dx.types.Handle @dx.op.createHandle(i32 57, i8 0, i32 1, i32 %33, i1 false)
  %41 = call %dx.types.ResRet.f32 @dx.op.sample.f32(i32 60, %dx.types.Handle %40, %dx.types.Handle %39, float %37, float %38, float undef, float undef, i32 undef, i32 undef, i32 undef, float undef)
  %42 = extractvalue %dx.types.ResRet.f32 %41, 0
  %43 = extractvalue %dx.types.ResRet.f32 %41, 1
  %44 = extractvalue %dx.types.ResRet.f32 %41, 2
  %45 = extractvalue %dx.types.ResRet.f32 %41, 3
  %46 = fadd fast float %28, %42
  %47 = fadd fast float %29, %43
  %48 = fadd fast float %30, %44
  %49 = fadd fast float %31, %45
  call void @dx.op.storeOutput.f32(i32 5, i32 0, i32 0, i8 0, float %46)
  call void @dx.op.storeOutput.f32(i32 5, i32 0, i32 0, i8 1, float %47)
  call void @dx.op.storeOutput.f32(i32 5, i32 0, i32 0, i8 2, float %48)
  call void @dx.op.storeOutput.f32(i32 5, i32 0, i32 0, i8 3, float %49)
  ret void
}

attributes #0 = { nounwind readonly }
attributes #1 = { nounwind }

!llvm.ident = !{!0}
!dx.version = !{!1}
!dx.valver = !{!2}
!dx.shaderModel = !{!3}
!dx.resources = !{!4}
!dx.typeAnnotations = !{!16}
!dx.entryPoints = !{!20}
!dx.source.contents = !{!30, !31, !32, !33, !34, !35, !36, !37}
!dx.vk.xfb = !{}

!0 = !{!"Mesa version 22.04@release"}
!1 = !{i32 1, i32 1}
!2 = !{i32 1, i32 4}
!3 = !{!"ps", i32 6, i32 1}
!4 = !{!5, null, !10, !12}
!5 = !{!6, !8, !9}
!6 = !{i32 0, %"class.Texture2D<vector<float, 4> >"* undef, !"lower@var_st1.smp2", i32 0, i32 1, i32 1, i32 2, i1 false, !7}
!7 = !{i32 0, i32 9}
!8 = !{i32 1, %"class.Texture2D<vector<float, 4> >"* undef, !"lower@var_st1.smp4", i32 0, i32 2, i32 2, i32 2, i1 false, !7}
!9 = !{i32 2, %"class.Texture1D<vector<float, 4> >"* undef, !"tex0", i32 0, i32 4, i32 1, i32 1, i1 false, !7}
!10 = !{!11}
!11 = !{i32 0, %__ubo0* undef, !"__ubo0", i32 0, i32 0, i32 1, i32 16, null}
!12 = !{!13, !14, !15}
!13 = !{i32 0, %struct.SamplerState* undef, !"lower@var_st1.smp2", i32 0, i32 1, i32 1, i32 0, null}
!14 = !{i32 1, %struct.SamplerState* undef, !"lower@var_st1.smp4", i32 0, i32 2, i32 2, i32 0, null}
!15 = !{i32 2, %struct.SamplerState* undef, !"tex0", i32 0, i32 4, i32 1, i32 0, null}
!16 = !{i32 1, void ()* @main, !17}
!17 = !{!18}
!18 = !{i32 0, !19, !19}
!19 = !{}
!20 = !{void ()* @main, !"main", !21, !4, !29}
!21 = !{!22, !27, null}
!22 = !{!23, !25}
!23 = !{i32 0, !"TEXCOORD", i8 4, i8 0, !24, i8 1, i32 1, i8 4, i32 0, i8 0, !19}
!24 = !{i32 0}
!25 = !{i32 1, !"TEXCOORD", i8 4, i8 0, !26, i8 1, i32 1, i8 4, i32 1, i8 0, !19}
!26 = !{i32 1}
!27 = !{!28}
!28 = !{i32 0, !"SV_Target", i8 9, i8 16, !24, i8 0, i32 1, i8 4, i32 0, i8 0, !19}
!29 = !{i32 0, i64 1048576}
!30 = !{!"num_images", i32 0}
!31 = !{!"num_ssbos", i32 0}
!32 = !{!"float_controls_execution_mode", i32 0}
!33 = !{!"color_dual_source", i32 0}
!34 = !{!"origin_upper_left", i32 0}
!35 = !{!"pixel_center_integer", i32 0}
!36 = !{!"early_fragment_tests", i32 0}
!37 = !{!"post_depth_coverage", i32 0}


[D] CrfCntForInput equals CrfCount + HW_REG_START
[D] CrfCntForInput for PS push mode: 8
[D] ------------------------Begin Dump SC Shader Info------------------------ [0000]
[D] SCShaderVersion:                  :97
[D] SCShaderType:                     :4
[D] Dump Shader Flags:
[D]         bOutputDepth              :0
[D]         bOutputStencil            :0
[D]         bTexKill                  :0
[D]         bDiscard                  :0
[D]         bOutputMask               :0
[D]         bHasSampleFreqInput       :0
[D]         bHasPointCoord            :0
[D]         bHasEmitMask              :0
[D]         bHasEmitAlpha              :0
[D]         bPackWL                   :0
[D]         bPackWC                   :0
[D]         bNeedLinearW              :0
[D]         bNeedCentroidW            :0
[D]         bPosCentroid              :0
[D]         bFlatShading              :0
[D]         bConservativeDepth        :0
[D]         bConservativeDepthMode    :0
[D]         bForceEarlyDepthStencil   :0
[D]         bLSBuffer                 :0
[D]         bNeedPatchMovimm          :0
[D]         bHwCbMode                 :1
[D]         bMapImageToTSharp         :0
[D]         bPackFaceId               :0
[D]         bPackSampleId             :0
[D]         bPackPrimId               :0
[D]         bHasSampleLd2DMS          :0
[D]         bIntpAtSample             :0
[D]         bHasGMFlush               :0
[D]         bHasDouble                :0
[D]         bPixelCenterInteger       :0
[D]         bOriginUpperLeft          :0
[D]         bNeedPatchVerticesIn      :0
[D]         bNeedDenormPreserve       :0
[D]         bHasDfdy                  :0
[D]         bFp16DenormPerserve       :0
[D]         bFp32DenormPerserve       :0
[D]         bFp64DenormPerserve       :0
[D]         bFp16RoundingZero         :0
[D]         bFp32RoundingZero         :0
[D]         bFp64RoundingZero         :0
[D]         bDX9FConstRelative        :0
[D] Dump Input Flags:
[D]         bHasVertexID              :0
[D]         bHasRHW                   :0
[D]         bHasIsFrontFace           :0
[D]         bHasSampleMask            :0
[D]         bHasSampleIndex           :0
[D]         bHasSamplePos             :0
[D]         bHasPosition              :0
[D]         bHasRHWCentroid           :0
[D]         bHasBaseVertexID          :0
[D]         bHasBaseInstanceID        :0
[D]         bHasDrawID                :0
[D]         bHasPrimId                :0
[D]         bHasInstanceID            :0
[D]         bHasShadingRate           :0
[D] Dump Output Flags:
[D]         bHasPointSize             :0
[D]         bHasRTArrayIdx            :0
[D]         bHasClipDistanceSign      :0
[D]         bHasOMask                 :0
[D]         bHasVPArrayIndex          :0
[D]         bHasClipDistance          :0
[D]         bHasPrimId                :0
[D]         bHasEdgeFlag              :0
[D]         bHasPrimShadingRate       :0
[D] 

Dump Input Info:
[D] EntryCount              :8
[D] UsedBitMask             :3
[D] HwVectorCount           :2
[D] Entry 0------------------------------->
[D] Semantic=VARYING_DX10	55
[D] SemanticIndex           :0
[D] HwRegNo                 :4
[D] IoIndex                 :0
[D] ChannelIndex            :0
[D] Used                    :1
[D] bInterpolate            :0
[D] bCentroid               :0
[D] bPerspective            :0
[D] bSampleFreq             :0
[D] bIntVarying             :0
[D] bUIntVarying            :0
[D] bIntpAtCentroid         :0
[D] bIntpAtCenter           :0
[D] bIntpAtOffsetPxPy       :0
[D] bIntpAtSample           :0
[D] b64bits                 :0
[D] bCanPack                :1
[D] ExtendedIndex           :0
[D] Shared                  :0
[D] Entry 1------------------------------->
[D] Semantic=VARYING_DX10	55
[D] SemanticIndex           :0
[D] HwRegNo                 :5
[D] IoIndex                 :0
[D] ChannelIndex            :1
[D] Used                    :1
[D] bInterpolate            :0
[D] bCentroid               :0
[D] bPerspective            :0
[D] bSampleFreq             :0
[D] bIntVarying             :0
[D] bUIntVarying            :0
[D] bIntpAtCentroid         :0
[D] bIntpAtCenter           :0
[D] bIntpAtOffsetPxPy       :0
[D] bIntpAtSample           :0
[D] b64bits                 :0
[D] bCanPack                :1
[D] ExtendedIndex           :0
[D] Shared                  :0
[D] Entry 2------------------------------->
[D] Semantic=VARYING_DX10	55
[D] SemanticIndex           :0
[D] HwRegNo                 :6
[D] IoIndex                 :0
[D] ChannelIndex            :2
[D] Used                    :1
[D] bInterpolate            :0
[D] bCentroid               :0
[D] bPerspective            :0
[D] bSampleFreq             :0
[D] bIntVarying             :0
[D] bUIntVarying            :0
[D] bIntpAtCentroid         :0
[D] bIntpAtCenter           :0
[D] bIntpAtOffsetPxPy       :0
[D] bIntpAtSample           :0
[D] b64bits                 :0
[D] bCanPack                :1
[D] ExtendedIndex           :0
[D] Shared                  :0
[D] Entry 3------------------------------->
[D] Semantic=VARYING_DX10	55
[D] SemanticIndex           :0
[D] HwRegNo                 :7
[D] IoIndex                 :0
[D] ChannelIndex            :3
[D] Used                    :1
[D] bInterpolate            :0
[D] bCentroid               :0
[D] bPerspective            :0
[D] bSampleFreq             :0
[D] bIntVarying             :0
[D] bUIntVarying            :0
[D] bIntpAtCentroid         :0
[D] bIntpAtCenter           :0
[D] bIntpAtOffsetPxPy       :0
[D] bIntpAtSample           :0
[D] b64bits                 :0
[D] bCanPack                :1
[D] ExtendedIndex           :0
[D] Shared                  :0
[D] Entry 4------------------------------->
[D] Semantic=VARYING_DX10	55
[D] SemanticIndex           :1
[D] HwRegNo                 :8
[D] IoIndex                 :1
[D] ChannelIndex            :0
[D] Used                    :1
[D] bInterpolate            :0
[D] bCentroid               :0
[D] bPerspective            :0
[D] bSampleFreq             :0
[D] bIntVarying             :0
[D] bUIntVarying            :0
[D] bIntpAtCentroid         :0
[D] bIntpAtCenter           :0
[D] bIntpAtOffsetPxPy       :0
[D] bIntpAtSample           :0
[D] b64bits                 :0
[D] bCanPack                :1
[D] ExtendedIndex           :0
[D] Shared                  :0
[D] Entry 5------------------------------->
[D] Semantic=VARYING_DX10	55
[D] SemanticIndex           :1
[D] HwRegNo                 :9
[D] IoIndex                 :1
[D] ChannelIndex            :1
[D] Used                    :1
[D] bInterpolate            :0
[D] bCentroid               :0
[D] bPerspective            :0
[D] bSampleFreq             :0
[D] bIntVarying             :0
[D] bUIntVarying            :0
[D] bIntpAtCentroid         :0
[D] bIntpAtCenter           :0
[D] bIntpAtOffsetPxPy       :0
[D] bIntpAtSample           :0
[D] b64bits                 :0
[D] bCanPack                :1
[D] ExtendedIndex           :0
[D] Shared                  :0
[D] Entry 6------------------------------->
[D] Semantic=VARYING_DX10	55
[D] SemanticIndex           :1
[D] HwRegNo                 :10
[D] IoIndex                 :1
[D] ChannelIndex            :2
[D] Used                    :1
[D] bInterpolate            :0
[D] bCentroid               :0
[D] bPerspective            :0
[D] bSampleFreq             :0
[D] bIntVarying             :0
[D] bUIntVarying            :0
[D] bIntpAtCentroid         :0
[D] bIntpAtCenter           :0
[D] bIntpAtOffsetPxPy       :0
[D] bIntpAtSample           :0
[D] b64bits                 :0
[D] bCanPack                :1
[D] ExtendedIndex           :0
[D] Shared                  :0
[D] Entry 7------------------------------->
[D] Semantic=VARYING_DX10	55
[D] SemanticIndex           :1
[D] HwRegNo                 :11
[D] IoIndex                 :1
[D] ChannelIndex            :3
[D] Used                    :1
[D] bInterpolate            :0
[D] bCentroid               :0
[D] bPerspective            :0
[D] bSampleFreq             :0
[D] bIntVarying             :0
[D] bUIntVarying            :0
[D] bIntpAtCentroid         :0
[D] bIntpAtCenter           :0
[D] bIntpAtOffsetPxPy       :0
[D] bIntpAtSample           :0
[D] b64bits                 :0
[D] bCanPack                :1
[D] ExtendedIndex           :0
[D] Shared                  :0
[D] 

Dump Output Info:
[D] EntryCount              :4
[D] UsedBitMask             :1
[D] HwVectorCount           :1
[D] Entry 0------------------------------->
[D] Semantic=COLOR	8
[D] SemanticIndex           :0
[D] HwRegNo                 :0
[D] IoIndex                 :0
[D] ChannelIndex            :0
[D] Used                    :1
[D] bInterpolate            :0
[D] bCentroid               :0
[D] bPerspective            :0
[D] bSampleFreq             :0
[D] bIntVarying             :0
[D] bUIntVarying            :0
[D] bIntpAtCentroid         :0
[D] bIntpAtCenter           :0
[D] bIntpAtOffsetPxPy       :0
[D] bIntpAtSample           :0
[D] b64bits                 :0
[D] bCanPack                :1
[D] ExtendedIndex           :0
[D] Shared                  :0
[D] Entry 1------------------------------->
[D] Semantic=COLOR	8
[D] SemanticIndex           :0
[D] HwRegNo                 :0
[D] IoIndex                 :0
[D] ChannelIndex            :1
[D] Used                    :1
[D] bInterpolate            :0
[D] bCentroid               :0
[D] bPerspective            :0
[D] bSampleFreq             :0
[D] bIntVarying             :0
[D] bUIntVarying            :0
[D] bIntpAtCentroid         :0
[D] bIntpAtCenter           :0
[D] bIntpAtOffsetPxPy       :0
[D] bIntpAtSample           :0
[D] b64bits                 :0
[D] bCanPack                :1
[D] ExtendedIndex           :0
[D] Shared                  :0
[D] Entry 2------------------------------->
[D] Semantic=COLOR	8
[D] SemanticIndex           :0
[D] HwRegNo                 :0
[D] IoIndex                 :0
[D] ChannelIndex            :2
[D] Used                    :1
[D] bInterpolate            :0
[D] bCentroid               :0
[D] bPerspective            :0
[D] bSampleFreq             :0
[D] bIntVarying             :0
[D] bUIntVarying            :0
[D] bIntpAtCentroid         :0
[D] bIntpAtCenter           :0
[D] bIntpAtOffsetPxPy       :0
[D] bIntpAtSample           :0
[D] b64bits                 :0
[D] bCanPack                :1
[D] ExtendedIndex           :0
[D] Shared                  :0
[D] Entry 3------------------------------->
[D] Semantic=COLOR	8
[D] SemanticIndex           :0
[D] HwRegNo                 :0
[D] IoIndex                 :0
[D] ChannelIndex            :3
[D] Used                    :1
[D] bInterpolate            :0
[D] bCentroid               :0
[D] bPerspective            :0
[D] bSampleFreq             :0
[D] bIntVarying             :0
[D] bUIntVarying            :0
[D] bIntpAtCentroid         :0
[D] bIntpAtCenter           :0
[D] bIntpAtOffsetPxPy       :0
[D] bIntpAtSample           :0
[D] b64bits                 :0
[D] bCanPack                :1
[D] ExtendedIndex           :0
[D] Shared                  :0
[D] 

Dump Patch Constant Info:
[D] EntryCount              :0
[D] UsedBitMask             :0
[D] HwVectorCount           :0
[D] Dump Cbv  Info:
[D] ResRangeCount              :1
[D]         ResRangeID                 :0
[D]         ResIndex                   :0
[D]         ResCount                   :1
[D]         HwRegNo                    :0
[D]         ResKind                    :0
[D]         ComponentType              :0
[D]         HeapIndex                  :0
[D]         SpaceID                    :0
[D]         SpaceID                    :0
[D]         Reduction                  :0
[D]         GlobalCoherent             :0
[D]         Rov                        :0
[D]         MappedToTSharp             :0
[D]         BufSize                    :16
[D]         StartInCb                  :0
[D] Dump Srv  Info:
[D] ResRangeCount              :3
[D]         ResRangeID                 :0
[D]         ResIndex                   :1
[D]         ResCount                   :1
[D]         HwRegNo                    :0
[D]         ResKind                    :2
[D]         ComponentType              :9
[D]         HeapIndex                  :0
[D]         SpaceID                    :0
[D]         Reduction                  :0
[D]         GlobalCoherent             :0
[D]         Rov                        :0
[D]         MappedToTSharp             :0
[D]         MappedToUSharp             :0
[D]         ResRangeID                 :1
[D]         ResIndex                   :2
[D]         ResCount                   :2
[D]         HwRegNo                    :1
[D]         ResKind                    :2
[D]         ComponentType              :9
[D]         HeapIndex                  :0
[D]         SpaceID                    :0
[D]         Reduction                  :0
[D]         GlobalCoherent             :0
[D]         Rov                        :0
[D]         MappedToTSharp             :0
[D]         MappedToUSharp             :0
[D]         ResRangeID                 :2
[D]         ResIndex                   :4
[D]         ResCount                   :1
[D]         HwRegNo                    :3
[D]         ResKind                    :1
[D]         ComponentType              :9
[D]         HeapIndex                  :0
[D]         SpaceID                    :0
[D]         Reduction                  :0
[D]         GlobalCoherent             :0
[D]         Rov                        :0
[D]         MappedToTSharp             :0
[D]         MappedToUSharp             :0
[D] Dump Sampler  Info:
[D] ResRangeCount              :3
[D]         ResRangeID                 :0
[D]         ResIndex                   :1
[D]         ResCount                   :1
[D]         HwRegNo                    :0
[D]         ResKind                    :0
[D]         ComponentType              :0
[D]         HeapIndex                  :0
[D]         SpaceID                    :0
[D]         Reduction                  :0
[D]         GlobalCoherent             :0
[D]         Rov                        :0
[D]         MappedToTSharp             :0
[D]         ResRangeID                 :1
[D]         ResIndex                   :2
[D]         ResCount                   :2
[D]         HwRegNo                    :1
[D]         ResKind                    :0
[D]         ComponentType              :0
[D]         HeapIndex                  :0
[D]         SpaceID                    :0
[D]         Reduction                  :0
[D]         GlobalCoherent             :0
[D]         Rov                        :0
[D]         MappedToTSharp             :0
[D]         ResRangeID                 :2
[D]         ResIndex                   :4
[D]         ResCount                   :1
[D]         HwRegNo                    :3
[D]         ResKind                    :0
[D]         ComponentType              :0
[D]         HeapIndex                  :0
[D]         SpaceID                    :0
[D]         Reduction                  :0
[D]         GlobalCoherent             :0
[D]         Rov                        :0
[D]         MappedToTSharp             :0
[D] Dump Uav  Info:
[D]         ResRangeCount              :0
[D] Dump Resource Query  Info:
[D]         TexSizeQueryCnt            :0
[D]         ImgSizeQueryCnt            :0
[D]         TexSamplePosQueryCnt       :0
[D]         OglSsbQueryCnt             :0
[D] Dump Cb Insternal Desc  Info:
[D]         CbInternalUsedMask     :0
[D]         CbInternalDesc Offset     :0
[D]         CbInternalDesc Size       :0
[D]         CbInternalDesc Offset     :0
[D]         CbInternalDesc Size       :0
[D]         CbInternalDesc Offset     :0
[D]         CbInternalDesc Size       :0
[D]         CbInternalDesc Offset     :0
[D]         CbInternalDesc Size       :0
[D]         CbInternalDesc Offset     :0
[D]         CbInternalDesc Size       :0
[D]         CbInternalDesc Offset     :0
[D]         CbInternalDesc Size       :0
[D]         CbInternalDesc Offset     :0
[D]         CbInternalDesc Size       :0
[D]         CbInternalDesc Offset     :0
[D]         CbInternalDesc Size       :0
[D]         CbInternalDesc Offset     :0
[D]         CbInternalDesc Size       :0
[D]         CbInternalDesc Offset     :0
[D]         CbInternalDesc Size       :0
[D]         CbInternalDesc Offset     :0
[D]         CbInternalDesc Size       :0
[D]         CbInternalDesc Offset     :0
[D]         CbInternalDesc Size       :0
[D]         CbInternalDesc Offset     :0
[D]         CbInternalDesc Size       :0
[D]         CbInternalDesc Offset     :0
[D]         CbInternalDesc Size       :0
[D]         CbInternalDesc Offset     :0
[D]         CbInternalDesc Size       :0
[D]         CbInternalDesc Offset     :0
[D]         CbInternalDesc Size       :0
[D]         CbInternalDesc Offset     :0
[D]         CbInternalDesc Size       :0
[D]         CbInternalDesc Offset     :0
[D]         CbInternalDesc Size       :0
[D]         CbInternalDesc Offset     :0
[D]         CbInternalDesc Size       :0
[D] Dump ImmPatch  Info:
[D] Num ImmPatches:
[D] Dump Vulkan Xfb  Info:
[D]         XfbItemCount              :0
[D] Dump Other Shader Info:
[D]         TSharpForCb               :-1
[D]         ViewCount                 :0
[D]         SharedVC                  :0
[D]         SimdMode                  :0
[D]         EuBlendCrf                :0
[D]         OglImageNum               :0
[D]         OglStorageBufferNum       :0
[D]         OutPosEntryIdx            :0
[D]         OutPointSizeEntryIdx      :0
[D]         OutRTArrayIdxEntryIdx     :0
[D]         OutFakeDistSignEntryIdx   :0
[D]         OutVPArrayIdxEntryIdx     :0
[D]         OutputEdgeFlagEntryIdx    :0
[D]         PxPyCount                 :0
[D]         PcCount                   :0
[D]         PMSize                    :0
[D]         DxBufCounterMask          :0
[D]         DxBufCounterResID         :0
[D]         VsNormalAttrCrfStart      :0
[D]         ColorOutputMask           :1
[D]         ConstInfoFlag             :0
[D] PS CrfCount        : 12 ShareMemSize= 0
[D] PS InstrCount        : 10
[D] PS  SmpInstCnt        : 3 / 10
[D] begin to dump shader code:
[D] --------------------------------------------------------------------------
[D]    PC                         Instruction                                  Content                                                                                             
  0x0000         0x4b00000040000000 0x0000000000000000           MOVIMM                    r0             ,0x40000000     
  0x0001         0x9000000000000000 0x0000000000f30030           SMP                       r0.xyzw        ,[r0.crp0]      ,t[3]           ,s[3]           ,theap[0]       ,sheap[0]       
  0x0002         0x4800000000001000 0x1000004000000000           MOV.rp1                   r4             ,cb0            
  0x0003         0x9000000080040000 0x0000000061f00000           SMP                       r6.xyzw        ,[r4.crp1.nlk]  ,t[0]           ,s[0]           ,theap[0]       ,sheap[0]       
  0x0004         0x0304000000060000 0x3000000000000000           FADD.rp3                  r0             ,r6             ,r0             
  0x0005         0x0a400000ffff1002 0x0000006000000000           IADDI.s                   r6             ,-1             ,cb2            
  0x0006         0x4800000000000006 0x0004007000000000           MOV.dly1                  r7             ,r6             
  0x0007         0x90c0000000040006 0x0000000041f00000           SMP.it.is                 r4.xyzw        ,[r4.crp1]      ,t[r6]          ,s[r7]          ,theap[0]       ,sheap[0]       
  0x0008         0x0300000000040000 0xb680000008000000           FADD.rp3                  r0             ,r4             ,r0             
                                                                +EMITC.rte                 o[0].xyzw      ,fwd            
  0x0009         0xc340000000000000 0x0000000000000000           JUMP.ps                   0              
[D] --------------------------------------------------------------------------
