[D] begin to dump hw reg setting in compile arguments:
[D] UsharpBase:   0
[D] MaxUsharpReg: 0
[D] MaxTsharpReg: 0
[D] MaxSsharpReg: 0
[D] MaxCsharpReg: 0
[D] MaxCbReg:     0
[D] ------------------------Begin Dump SC LLVM Module Info------------------------ [0000]
[D] target datalayout = "e-m:e-p:32:32-i1:32-i8:32-i16:32-i32:32-i64:64-f16:32-f32:32-f64:64-n8:16:32:64"
target triple = "dxil-ms-dx"

%dx.types.Handle = type { i8* }
%dx.types.ResRet.f32 = type { float, float, float, float, i32 }
%dx.types.ResRet.i32 = type { i32, i32, i32, i32, i32 }
%"class.RWTexture2D<vector<float, 4> >" = type { <4 x float> }
%struct.RWByteAddressBuffer = type { i32 }

; Function Attrs: nounwind readonly
declare %dx.types.Handle @dx.op.createHandle(i32, i8, i32, i32, i1) #0

; Function Attrs: nounwind readnone
declare i32 @dx.op.loadInput.i32(i32, i32, i32, i8, i32) #1

; Function Attrs: nounwind readonly
declare %dx.types.ResRet.f32 @dx.op.textureLoad.f32(i32, %dx.types.Handle, i32, i32, i32, i32, i32, i32, i32) #0

; Function Attrs: nounwind readonly
declare %dx.types.ResRet.i32 @dx.op.bufferLoad.i32(i32, %dx.types.Handle, i32, i32) #0

; Function Attrs: nounwind
declare void @dx.op.storeOutput.f32(i32, i32, i32, i8, float) #2

define void @main() {
  %1 = call %dx.types.Handle @dx.op.createHandle(i32 57, i8 1, i32 0, i32 0, i1 false)
  %2 = call %dx.types.Handle @dx.op.createHandle(i32 57, i8 1, i32 0, i32 1, i1 false)
  %3 = call %dx.types.Handle @dx.op.createHandle(i32 57, i8 1, i32 1, i32 2, i1 false)
  %4 = call %dx.types.Handle @dx.op.createHandle(i32 57, i8 1, i32 1, i32 3, i1 false)
  %5 = call %dx.types.Handle @dx.op.createHandle(i32 57, i8 1, i32 2, i32 4, i1 false)
  %6 = call %dx.types.Handle @dx.op.createHandle(i32 57, i8 1, i32 2, i32 5, i1 false)
  %7 = call %dx.types.Handle @dx.op.createHandle(i32 57, i8 1, i32 2, i32 6, i1 false)
  %8 = call %dx.types.Handle @dx.op.createHandle(i32 57, i8 1, i32 2, i32 7, i1 false)
  %9 = call %dx.types.Handle @dx.op.createHandle(i32 57, i8 1, i32 2, i32 8, i1 false)
  %10 = call i32 @dx.op.loadInput.i32(i32 4, i32 0, i32 0, i8 0, i32 undef)
  %11 = call i32 @dx.op.loadInput.i32(i32 4, i32 0, i32 0, i8 1, i32 undef)
  %12 = call i32 @dx.op.loadInput.i32(i32 4, i32 0, i32 0, i8 2, i32 undef)
  %13 = call i32 @dx.op.loadInput.i32(i32 4, i32 0, i32 0, i8 3, i32 undef)
  %14 = call %dx.types.ResRet.f32 @dx.op.textureLoad.f32(i32 66, %dx.types.Handle %2, i32 undef, i32 %12, i32 %13, i32 0, i32 undef, i32 undef, i32 undef)
  %15 = extractvalue %dx.types.ResRet.f32 %14, 0
  %16 = extractvalue %dx.types.ResRet.f32 %14, 1
  %17 = extractvalue %dx.types.ResRet.f32 %14, 2
  %18 = extractvalue %dx.types.ResRet.f32 %14, 3
  %19 = call %dx.types.ResRet.f32 @dx.op.textureLoad.f32(i32 66, %dx.types.Handle %4, i32 undef, i32 %12, i32 %13, i32 0, i32 undef, i32 undef, i32 undef)
  %20 = extractvalue %dx.types.ResRet.f32 %19, 0
  %21 = extractvalue %dx.types.ResRet.f32 %19, 1
  %22 = extractvalue %dx.types.ResRet.f32 %19, 2
  %23 = extractvalue %dx.types.ResRet.f32 %19, 3
  %24 = call %dx.types.ResRet.i32 @dx.op.bufferLoad.i32(i32 68, %dx.types.Handle %6, i32 4, i32 undef)
  %25 = extractvalue %dx.types.ResRet.i32 %24, 0
  %26 = fadd fast float %15, %20
  %27 = bitcast i32 %25 to float
  %28 = fadd fast float %27, %26
  %29 = call %dx.types.ResRet.i32 @dx.op.bufferLoad.i32(i32 68, %dx.types.Handle %7, i32 0, i32 undef)
  %30 = extractvalue %dx.types.ResRet.i32 %29, 0
  %31 = bitcast i32 %30 to float
  %32 = fadd fast float %28, %31
  %33 = call %dx.types.ResRet.i32 @dx.op.bufferLoad.i32(i32 68, %dx.types.Handle %9, i32 0, i32 undef)
  %34 = extractvalue %dx.types.ResRet.i32 %33, 0
  %35 = uitofp i32 %34 to float
  %36 = fadd fast float %32, %35
  call void @dx.op.storeOutput.f32(i32 5, i32 0, i32 0, i8 0, float %36)
  ret void
}

attributes #0 = { nounwind readonly }
attributes #1 = { nounwind readnone }
attributes #2 = { nounwind }

!llvm.ident = !{!0}
!dx.version = !{!1}
!dx.valver = !{!2}
!dx.shaderModel = !{!3}
!dx.resources = !{!4}
!dx.typeAnnotations = !{!10}
!dx.entryPoints = !{!14}
!dx.source.contents = !{!22, !23, !24}
!dx.vk.xfb = !{}

!0 = !{!"Mesa version 22.04@release"}
!1 = !{i32 1, i32 1}
!2 = !{i32 1, i32 4}
!3 = !{!"vs", i32 6, i32 1}
!4 = !{null, !5, null, null}
!5 = !{!6, !8, !9}
!6 = !{i32 0, %"class.RWTexture2D<vector<float, 4> >"* undef, !"img8", i32 0, i32 0, i32 2, i32 2, i1 false, i1 false, i1 false, !7}
!7 = !{i32 0, i32 9}
!8 = !{i32 1, %"class.RWTexture2D<vector<float, 4> >"* undef, !"img9", i32 0, i32 2, i32 2, i32 2, i1 false, i1 false, i1 false, !7}
!9 = !{i32 2, %struct.RWByteAddressBuffer* undef, !"ogl_ssbos", i32 0, i32 4, i32 5, i32 11, i1 false, i1 false, i1 false, null}
!10 = !{i32 1, void ()* @main, !11}
!11 = !{!12}
!12 = !{i32 0, !13, !13}
!13 = !{}
!14 = !{void ()* @main, !"main", !15, !4, !21}
!15 = !{!16, !19, null}
!16 = !{!17}
!17 = !{i32 0, !"TEXCOORD", i8 4, i8 0, !18, i8 0, i32 1, i8 4, i32 0, i8 0, !13}
!18 = !{i32 0}
!19 = !{!20}
!20 = !{i32 0, !"TEXCOORD", i8 9, i8 0, !18, i8 2, i32 1, i8 1, i32 0, i8 0, !13}
!21 = !{i32 0, i64 1048576}
!22 = !{!"num_images", i32 4}
!23 = !{!"num_ssbos", i32 5}
!24 = !{!"float_controls_execution_mode", i32 0}


[D] CrfCntForInput equals CrfCount + HW_REG_START
[D] CrfCntForInput for VS push mode: 8
[D] ------------------------Begin Dump SC Shader Info------------------------ [0000]
[D] SCShaderVersion:                  :97
[D] SCShaderType:                     :0
[D] Dump Shader Flags:
[D]         bOutputDepth              :0
[D]         bOutputStencil            :0
[D]         bTexKill                  :0
[D]         bDiscard                  :0
[D]         bOutputMask               :0
[D]         bHasSampleFreqInput       :0
[D]         bHasPointCoord            :0
[D]         bHasEmitMask              :0
[D]         bHasEmitAlpha              :0
[D]         bPackWL                   :0
[D]         bPackWC                   :0
[D]         bNeedLinearW              :0
[D]         bNeedCentroidW            :0
[D]         bPosCentroid              :0
[D]         bFlatShading              :0
[D]         bConservativeDepth        :0
[D]         bConservativeDepthMode    :0
[D]         bForceEarlyDepthStencil   :0
[D]         bLSBuffer                 :1
[D]         bNeedPatchMovimm          :0
[D]         bHwCbMode                 :1
[D]         bMapImageToTSharp         :0
[D]         bPackFaceId               :0
[D]         bPackSampleId             :0
[D]         bPackPrimId               :0
[D]         bHasSampleLd2DMS          :0
[D]         bIntpAtSample             :0
[D]         bHasGMFlush               :0
[D]         bHasDouble                :0
[D]         bPixelCenterInteger       :0
[D]         bOriginUpperLeft          :0
[D]         bNeedPatchVerticesIn      :0
[D]         bNeedDenormPreserve       :0
[D]         bHasDfdy                  :0
[D]         bFp16DenormPerserve       :0
[D]         bFp32DenormPerserve       :0
[D]         bFp64DenormPerserve       :0
[D]         bFp16RoundingZero         :0
[D]         bFp32RoundingZero         :0
[D]         bFp64RoundingZero         :0
[D]         bDX9FConstRelative        :0
[D] Dump Input Flags:
[D]         bHasVertexID              :0
[D]         bHasRHW                   :0
[D]         bHasIsFrontFace           :0
[D]         bHasSampleMask            :0
[D]         bHasSampleIndex           :0
[D]         bHasSamplePos             :0
[D]         bHasPosition              :0
[D]         bHasRHWCentroid           :0
[D]         bHasBaseVertexID          :0
[D]         bHasBaseInstanceID        :0
[D]         bHasDrawID                :0
[D]         bHasPrimId                :0
[D]         bHasInstanceID            :0
[D]         bHasShadingRate           :0
[D] Dump Output Flags:
[D]         bHasPointSize             :0
[D]         bHasRTArrayIdx            :0
[D]         bHasClipDistanceSign      :0
[D]         bHasOMask                 :0
[D]         bHasVPArrayIndex          :0
[D]         bHasClipDistance          :0
[D]         bHasPrimId                :0
[D]         bHasEdgeFlag              :0
[D]         bHasPrimShadingRate       :0
[D] 

Dump Input Info:
[D] EntryCount              :4
[D] UsedBitMask             :1
[D] HwVectorCount           :1
[D] Entry 0------------------------------->
[D] Semantic=VARYING_DX10	55
[D] SemanticIndex           :0
[D] HwRegNo                 :4
[D] IoIndex                 :0
[D] ChannelIndex            :0
[D] Used                    :1
[D] bInterpolate            :0
[D] bCentroid               :0
[D] bPerspective            :0
[D] bSampleFreq             :0
[D] bIntVarying             :0
[D] bUIntVarying            :0
[D] bIntpAtCentroid         :0
[D] bIntpAtCenter           :0
[D] bIntpAtOffsetPxPy       :0
[D] bIntpAtSample           :0
[D] b64bits                 :0
[D] bCanPack                :1
[D] ExtendedIndex           :0
[D] Shared                  :0
[D] Entry 1------------------------------->
[D] Semantic=VARYING_DX10	55
[D] SemanticIndex           :0
[D] HwRegNo                 :5
[D] IoIndex                 :0
[D] ChannelIndex            :1
[D] Used                    :1
[D] bInterpolate            :0
[D] bCentroid               :0
[D] bPerspective            :0
[D] bSampleFreq             :0
[D] bIntVarying             :0
[D] bUIntVarying            :0
[D] bIntpAtCentroid         :0
[D] bIntpAtCenter           :0
[D] bIntpAtOffsetPxPy       :0
[D] bIntpAtSample           :0
[D] b64bits                 :0
[D] bCanPack                :1
[D] ExtendedIndex           :0
[D] Shared                  :0
[D] Entry 2------------------------------->
[D] Semantic=VARYING_DX10	55
[D] SemanticIndex           :0
[D] HwRegNo                 :6
[D] IoIndex                 :0
[D] ChannelIndex            :2
[D] Used                    :1
[D] bInterpolate            :0
[D] bCentroid               :0
[D] bPerspective            :0
[D] bSampleFreq             :0
[D] bIntVarying             :0
[D] bUIntVarying            :0
[D] bIntpAtCentroid         :0
[D] bIntpAtCenter           :0
[D] bIntpAtOffsetPxPy       :0
[D] bIntpAtSample           :0
[D] b64bits                 :0
[D] bCanPack                :1
[D] ExtendedIndex           :0
[D] Shared                  :0
[D] Entry 3------------------------------->
[D] Semantic=VARYING_DX10	55
[D] SemanticIndex           :0
[D] HwRegNo                 :7
[D] IoIndex                 :0
[D] ChannelIndex            :3
[D] Used                    :1
[D] bInterpolate            :0
[D] bCentroid               :0
[D] bPerspective            :0
[D] bSampleFreq             :0
[D] bIntVarying             :0
[D] bUIntVarying            :0
[D] bIntpAtCentroid         :0
[D] bIntpAtCenter           :0
[D] bIntpAtOffsetPxPy       :0
[D] bIntpAtSample           :0
[D] b64bits                 :0
[D] bCanPack                :1
[D] ExtendedIndex           :0
[D] Shared                  :0
[D] 

Dump Output Info:
[D] EntryCount              :1
[D] UsedBitMask             :1
[D] HwVectorCount           :1
[D] Entry 0------------------------------->
[D] Semantic=VARYING_DX10	55
[D] SemanticIndex           :0
[D] HwRegNo                 :0
[D] IoIndex                 :0
[D] ChannelIndex            :0
[D] Used                    :1
[D] bInterpolate            :1
[D] bCentroid               :0
[D] bPerspective            :1
[D] bSampleFreq             :0
[D] bIntVarying             :0
[D] bUIntVarying            :0
[D] bIntpAtCentroid         :0
[D] bIntpAtCenter           :0
[D] bIntpAtOffsetPxPy       :0
[D] bIntpAtSample           :0
[D] b64bits                 :0
[D] bCanPack                :1
[D] ExtendedIndex           :0
[D] Shared                  :0
[D] 

Dump Patch Constant Info:
[D] EntryCount              :0
[D] UsedBitMask             :0
[D] HwVectorCount           :0
[D] Dump Cbv  Info:
[D] ResRangeCount              :0
[D] Dump Srv  Info:
[D] ResRangeCount              :0
[D] Dump Sampler  Info:
[D] ResRangeCount              :0
[D] Dump Uav  Info:
[D]         ResRangeCount              :3
[D]         ResRangeID                 :0
[D]         ResCount                   :2
[D]         HwRegNo                    :0
[D]         ResKind                    :2
[D]         ComponentType              :9
[D]         HeapIndex                  :0
[D]         SpaceID                    :0
[D]         Reduction                  :0
[D]         GlobalCoherent             :0
[D]         Rov                        :0
[D]         MappedToTSharp             :0
[D]         ReadOnly                   :1
[D]         ResRangeID                 :1
[D]         ResCount                   :2
[D]         HwRegNo                    :2
[D]         ResKind                    :2
[D]         ComponentType              :9
[D]         HeapIndex                  :0
[D]         SpaceID                    :0
[D]         Reduction                  :0
[D]         GlobalCoherent             :0
[D]         Rov                        :0
[D]         MappedToTSharp             :0
[D]         ReadOnly                   :1
[D]         ResRangeID                 :2
[D]         ResCount                   :5
[D]         HwRegNo                    :4
[D]         ResKind                    :11
[D]         ComponentType              :9
[D]         HeapIndex                  :0
[D]         SpaceID                    :0
[D]         Reduction                  :0
[D]         GlobalCoherent             :0
[D]         Rov                        :0
[D]         MappedToTSharp             :0
[D]         ReadOnly                   :1
[D] Dump Resource Query  Info:
[D]         TexSizeQueryCnt            :0
[D]         ImgSizeQueryCnt            :0
[D]         TexSamplePosQueryCnt       :0
[D]         OglSsbQueryCnt             :0
[D] Dump Cb Insternal Desc  Info:
[D]         CbInternalUsedMask     :0
[D]         CbInternalDesc Offset     :0
[D]         CbInternalDesc Size       :0
[D]         CbInternalDesc Offset     :0
[D]         CbInternalDesc Size       :0
[D]         CbInternalDesc Offset     :0
[D]         CbInternalDesc Size       :0
[D]         CbInternalDesc Offset     :0
[D]         CbInternalDesc Size       :0
[D]         CbInternalDesc Offset     :0
[D]         CbInternalDesc Size       :0
[D]         CbInternalDesc Offset     :0
[D]         CbInternalDesc Size       :0
[D]         CbInternalDesc Offset     :0
[D]         CbInternalDesc Size       :0
[D]         CbInternalDesc Offset     :0
[D]         CbInternalDesc Size       :0
[D]         CbInternalDesc Offset     :0
[D]         CbInternalDesc Size       :0
[D]         CbInternalDesc Offset     :0
[D]         CbInternalDesc Size       :0
[D]         CbInternalDesc Offset     :0
[D]         CbInternalDesc Size       :0
[D]         CbInternalDesc Offset     :0
[D]         CbInternalDesc Size       :0
[D]         CbInternalDesc Offset     :0
[D]         CbInternalDesc Size       :0
[D]         CbInternalDesc Offset     :0
[D]         CbInternalDesc Size       :0
[D]         CbInternalDesc Offset     :0
[D]         CbInternalDesc Size       :0
[D]         CbInternalDesc Offset     :0
[D]         CbInternalDesc Size       :0
[D]         CbInternalDesc Offset     :0
[D]         CbInternalDesc Size       :0
[D]         CbInternalDesc Offset     :0
[D]         CbInternalDesc Size       :0
[D]         CbInternalDesc Offset     :0
[D]         CbInternalDesc Size       :0
[D] Dump ImmPatch  Info:
[D] Num ImmPatches:
[D] Dump Vulkan Xfb  Info:
[D]         XfbItemCount              :0
[D] Dump Other Shader Info:
[D]         TSharpForCb               :-1
[D]         ViewCount                 :0
[D]         SharedVC                  :0
[D]         SimdMode                  :0
[D]         EuBlendCrf                :0
[D]         OglImageNum               :4
[D]         OglStorageBufferNum       :5
[D]         OutPosEntryIdx            :0
[D]         OutPointSizeEntryIdx      :0
[D]         OutRTArrayIdxEntryIdx     :0
[D]         OutFakeDistSignEntryIdx   :0
[D]         OutVPArrayIdxEntryIdx     :0
[D]         OutputEdgeFlagEntryIdx    :0
[D]         PxPyCount                 :0
[D]         PcCount                   :0
[D]         PMSize                    :0
[D]         DxBufCounterMask          :0
[D]         DxBufCounterResID         :0
[D]         VsNormalAttrCrfStart      :4
[D]         ConstInfoFlag             :0
[D] VS CrfCount        : 12 ShareMemSize= 0
[D] VS InstrCount        : 14
[D] VS  UavLdInstCnt        : 5 UavStInstCnt:, 0, / 14
[D] begin to dump shader code:
[D] --------------------------------------------------------------------------
[D]    PC                         Instruction                                  Content                                                                                             
  0x0000         0x4800000000000006 0x1000000000000000           MOV.rp1                   r0             ,r6             
  0x0001         0x8600000080000000 0x00000000210d0010           LD.llc                    r2.x           ,[r0.xy.nlk]    ,void           ,u[1]           
  0x0002         0x8600000000000000 0x00000000010d0030           LD.llc                    r0.x           ,[r0.xy]        ,void           ,u[3]           
  0x0003         0x4b00000000000004 0x0000001000000000           MOVIMM                    r1             ,0x4            
  0x0004         0x8600000000010000 0x00000000100d0050           LD.llc                    r1.x           ,[r1.x]         ,void           ,u[5]           
  0x0005         0x0304000000000002 0x0000000000000000           FADD                      r0             ,r0             ,r2             
  0x0006         0x0304000000000001 0x0004000000000000           FADD.dly1                 r0             ,r0             ,r1             
  0x0007         0x4b00000000000000 0x0000001000000000           MOVIMM                    r1             ,0x0            
  0x0008         0x8600000080010000 0x00000000200d0060           LD.llc                    r2.x           ,[r1.x.nlk]     ,void           ,u[6]           
  0x0009         0x0304000000020000 0x0000000000000000           FADD                      r0             ,r2             ,r0             
  0x000a         0x8600000000010000 0x00000000100d0080           LD.llc                    r1.x           ,[r1.x]         ,void           ,u[8]           
  0x000b         0x1700002000000001 0x0000001000000000           FX2FP.rne                 r1             ,r1.32.0        
  0x000c         0x0300000000010000 0x86040ff00c000000           FADD.dly1                 void           ,r1             ,r0             
                                                                +EMITF.ve                  vso[0].x       ,fwd            
  0x000d         0xc300000000000000 0x0000000000000000           JUMP                      0              
[D] --------------------------------------------------------------------------
