[D] begin to dump hw reg setting in compile arguments:
[D] UsharpBase:   0
[D] MaxUsharpReg: 0
[D] MaxTsharpReg: 0
[D] MaxSsharpReg: 0
[D] MaxCsharpReg: 0
[D] MaxCbReg:     0
[D] ------------------------Begin Dump SC LLVM Module Info------------------------ [0000]
[D] target datalayout = "e-m:e-p:32:32-i1:32-i8:32-i16:32-i32:32-i64:64-f16:32-f32:32-f64:64-n8:16:32:64"
target triple = "dxil-ms-dx"

%dx.types.Handle = type { i8* }
%dx.types.ResRet.i32 = type { i32, i32, i32, i32, i32 }
%struct.RWByteAddressBuffer = type { i32 }

; Function Attrs: nounwind readonly
declare %dx.types.Handle @dx.op.createHandle(i32, i8, i32, i32, i1) #0

; Function Attrs: nounwind readonly
declare %dx.types.ResRet.i32 @dx.op.bufferLoad.i32(i32, %dx.types.Handle, i32, i32) #0

; Function Attrs: nounwind
declare void @dx.op.storeOutput.f32(i32, i32, i32, i8, float) #1

define void @main() {
  %1 = call %dx.types.Handle @dx.op.createHandle(i32 57, i8 1, i32 0, i32 0, i1 false)
  %2 = call %dx.types.ResRet.i32 @dx.op.bufferLoad.i32(i32 68, %dx.types.Handle %1, i32 0, i32 undef)
  %3 = extractvalue %dx.types.ResRet.i32 %2, 0
  %4 = icmp ult i32 %3, 10
  %5 = select i1 %4, float 1.000000e+00, float 0.000000e+00
  %6 = select i1 %4, i32 0, i32 0
  %7 = select i1 %4, i32 0, i32 0
  %8 = select i1 %4, i32 1065353216, i32 1065353216
  %9 = bitcast i32 %6 to float
  %10 = bitcast i32 %7 to float
  %11 = bitcast i32 %8 to float
  call void @dx.op.storeOutput.f32(i32 5, i32 0, i32 0, i8 0, float %5)
  call void @dx.op.storeOutput.f32(i32 5, i32 0, i32 0, i8 1, float %9)
  call void @dx.op.storeOutput.f32(i32 5, i32 0, i32 0, i8 2, float %10)
  call void @dx.op.storeOutput.f32(i32 5, i32 0, i32 0, i8 3, float %11)
  ret void
}

attributes #0 = { nounwind readonly }
attributes #1 = { nounwind }

!llvm.ident = !{!0}
!dx.version = !{!1}
!dx.valver = !{!2}
!dx.shaderModel = !{!3}
!dx.resources = !{!4}
!dx.typeAnnotations = !{!7}
!dx.entryPoints = !{!11}
!dx.source.contents = !{!17, !18, !19, !20, !21, !22, !23, !24}
!dx.vk.xfb = !{}

!0 = !{!"Mesa version 22.04@release"}
!1 = !{i32 1, i32 1}
!2 = !{i32 1, i32 4}
!3 = !{!"ps", i32 6, i32 1}
!4 = !{null, !5, null, null}
!5 = !{!6}
!6 = !{i32 0, %struct.RWByteAddressBuffer* undef, !"ogl_ssbos", i32 0, i32 0, i32 1, i32 11, i1 false, i1 false, i1 false, null}
!7 = !{i32 1, void ()* @main, !8}
!8 = !{!9}
!9 = !{i32 0, !10, !10}
!10 = !{}
!11 = !{void ()* @main, !"main", !12, !4, !16}
!12 = !{null, !13, null}
!13 = !{!14}
!14 = !{i32 0, !"SV_Target", i8 9, i8 16, !15, i8 0, i32 1, i8 4, i32 0, i8 0, !10}
!15 = !{i32 0}
!16 = !{i32 0, i64 1048576}
!17 = !{!"num_images", i32 0}
!18 = !{!"num_ssbos", i32 1}
!19 = !{!"float_controls_execution_mode", i32 0}
!20 = !{!"color_dual_source", i32 0}
!21 = !{!"origin_upper_left", i32 0}
!22 = !{!"pixel_center_integer", i32 0}
!23 = !{!"early_fragment_tests", i32 0}
!24 = !{!"post_depth_coverage", i32 0}


[D] ------------------------Begin Dump SC Shader Info------------------------ [0000]
[D] SCShaderVersion:                  :97
[D] SCShaderType:                     :4
[D] Dump Shader Flags:
[D]         bOutputDepth              :0
[D]         bOutputStencil            :0
[D]         bTexKill                  :0
[D]         bDiscard                  :0
[D]         bOutputMask               :0
[D]         bHasSampleFreqInput       :0
[D]         bHasPointCoord            :0
[D]         bHasEmitMask              :0
[D]         bHasEmitAlpha              :0
[D]         bPackWL                   :0
[D]         bPackWC                   :0
[D]         bNeedLinearW              :0
[D]         bNeedCentroidW            :0
[D]         bPosCentroid              :0
[D]         bFlatShading              :0
[D]         bConservativeDepth        :0
[D]         bConservativeDepthMode    :0
[D]         bForceEarlyDepthStencil   :0
[D]         bLSBuffer                 :1
[D]         bNeedPatchMovimm          :0
[D]         bHwCbMode                 :1
[D]         bMapImageToTSharp         :0
[D]         bPackFaceId               :0
[D]         bPackSampleId             :0
[D]         bPackPrimId               :0
[D]         bHasSampleLd2DMS          :0
[D]         bIntpAtSample             :0
[D]         bHasGMFlush               :0
[D]         bHasDouble                :0
[D]         bPixelCenterInteger       :0
[D]         bOriginUpperLeft          :0
[D]         bNeedPatchVerticesIn      :0
[D]         bNeedDenormPreserve       :0
[D]         bHasDfdy                  :0
[D]         bFp16DenormPerserve       :0
[D]         bFp32DenormPerserve       :0
[D]         bFp64DenormPerserve       :0
[D]         bFp16RoundingZero         :0
[D]         bFp32RoundingZero         :0
[D]         bFp64RoundingZero         :0
[D]         bDX9FConstRelative        :0
[D] Dump Input Flags:
[D]         bHasVertexID              :0
[D]         bHasRHW                   :0
[D]         bHasIsFrontFace           :0
[D]         bHasSampleMask            :0
[D]         bHasSampleIndex           :0
[D]         bHasSamplePos             :0
[D]         bHasPosition              :0
[D]         bHasRHWCentroid           :0
[D]         bHasBaseVertexID          :0
[D]         bHasBaseInstanceID        :0
[D]         bHasDrawID                :0
[D]         bHasPrimId                :0
[D]         bHasInstanceID            :0
[D]         bHasShadingRate           :0
[D] Dump Output Flags:
[D]         bHasPointSize             :0
[D]         bHasRTArrayIdx            :0
[D]         bHasClipDistanceSign      :0
[D]         bHasOMask                 :0
[D]         bHasVPArrayIndex          :0
[D]         bHasClipDistance          :0
[D]         bHasPrimId                :0
[D]         bHasEdgeFlag              :0
[D]         bHasPrimShadingRate       :0
[D] 

Dump Input Info:
[D] EntryCount              :0
[D] UsedBitMask             :0
[D] HwVectorCount           :0
[D] 

Dump Output Info:
[D] EntryCount              :4
[D] UsedBitMask             :1
[D] HwVectorCount           :1
[D] Entry 0------------------------------->
[D] Semantic=COLOR	8
[D] SemanticIndex           :0
[D] HwRegNo                 :0
[D] IoIndex                 :0
[D] ChannelIndex            :0
[D] Used                    :1
[D] bInterpolate            :0
[D] bCentroid               :0
[D] bPerspective            :0
[D] bSampleFreq             :0
[D] bIntVarying             :0
[D] bUIntVarying            :0
[D] bIntpAtCentroid         :0
[D] bIntpAtCenter           :0
[D] bIntpAtOffsetPxPy       :0
[D] bIntpAtSample           :0
[D] b64bits                 :0
[D] bCanPack                :1
[D] ExtendedIndex           :0
[D] Shared                  :0
[D] Entry 1------------------------------->
[D] Semantic=COLOR	8
[D] SemanticIndex           :0
[D] HwRegNo                 :0
[D] IoIndex                 :0
[D] ChannelIndex            :1
[D] Used                    :1
[D] bInterpolate            :0
[D] bCentroid               :0
[D] bPerspective            :0
[D] bSampleFreq             :0
[D] bIntVarying             :0
[D] bUIntVarying            :0
[D] bIntpAtCentroid         :0
[D] bIntpAtCenter           :0
[D] bIntpAtOffsetPxPy       :0
[D] bIntpAtSample           :0
[D] b64bits                 :0
[D] bCanPack                :1
[D] ExtendedIndex           :0
[D] Shared                  :0
[D] Entry 2------------------------------->
[D] Semantic=COLOR	8
[D] SemanticIndex           :0
[D] HwRegNo                 :0
[D] IoIndex                 :0
[D] ChannelIndex            :2
[D] Used                    :1
[D] bInterpolate            :0
[D] bCentroid               :0
[D] bPerspective            :0
[D] bSampleFreq             :0
[D] bIntVarying             :0
[D] bUIntVarying            :0
[D] bIntpAtCentroid         :0
[D] bIntpAtCenter           :0
[D] bIntpAtOffsetPxPy       :0
[D] bIntpAtSample           :0
[D] b64bits                 :0
[D] bCanPack                :1
[D] ExtendedIndex           :0
[D] Shared                  :0
[D] Entry 3------------------------------->
[D] Semantic=COLOR	8
[D] SemanticIndex           :0
[D] HwRegNo                 :0
[D] IoIndex                 :0
[D] ChannelIndex            :3
[D] Used                    :1
[D] bInterpolate            :0
[D] bCentroid               :0
[D] bPerspective            :0
[D] bSampleFreq             :0
[D] bIntVarying             :0
[D] bUIntVarying            :0
[D] bIntpAtCentroid         :0
[D] bIntpAtCenter           :0
[D] bIntpAtOffsetPxPy       :0
[D] bIntpAtSample           :0
[D] b64bits                 :0
[D] bCanPack                :1
[D] ExtendedIndex           :0
[D] Shared                  :0
[D] 

Dump Patch Constant Info:
[D] EntryCount              :0
[D] UsedBitMask             :0
[D] HwVectorCount           :0
[D] Dump Cbv  Info:
[D] ResRangeCount              :0
[D] Dump Srv  Info:
[D] ResRangeCount              :0
[D] Dump Sampler  Info:
[D] ResRangeCount              :0
[D] Dump Uav  Info:
[D]         ResRangeCount              :1
[D]         ResRangeID                 :0
[D]         ResCount                   :1
[D]         HwRegNo                    :0
[D]         ResKind                    :11
[D]         ComponentType              :9
[D]         HeapIndex                  :0
[D]         SpaceID                    :0
[D]         Reduction                  :0
[D]         GlobalCoherent             :0
[D]         Rov                        :0
[D]         MappedToTSharp             :0
[D]         ReadOnly                   :1
[D] Dump Resource Query  Info:
[D]         TexSizeQueryCnt            :0
[D]         ImgSizeQueryCnt            :0
[D]         TexSamplePosQueryCnt       :0
[D]         OglSsbQueryCnt             :0
[D] Dump Cb Insternal Desc  Info:
[D]         CbInternalUsedMask     :0
[D]         CbInternalDesc Offset     :0
[D]         CbInternalDesc Size       :0
[D]         CbInternalDesc Offset     :0
[D]         CbInternalDesc Size       :0
[D]         CbInternalDesc Offset     :0
[D]         CbInternalDesc Size       :0
[D]         CbInternalDesc Offset     :0
[D]         CbInternalDesc Size       :0
[D]         CbInternalDesc Offset     :0
[D]         CbInternalDesc Size       :0
[D]         CbInternalDesc Offset     :0
[D]         CbInternalDesc Size       :0
[D]         CbInternalDesc Offset     :0
[D]         CbInternalDesc Size       :0
[D]         CbInternalDesc Offset     :0
[D]         CbInternalDesc Size       :0
[D]         CbInternalDesc Offset     :0
[D]         CbInternalDesc Size       :0
[D]         CbInternalDesc Offset     :0
[D]         CbInternalDesc Size       :0
[D]         CbInternalDesc Offset     :0
[D]         CbInternalDesc Size       :0
[D]         CbInternalDesc Offset     :0
[D]         CbInternalDesc Size       :0
[D]         CbInternalDesc Offset     :0
[D]         CbInternalDesc Size       :0
[D]         CbInternalDesc Offset     :0
[D]         CbInternalDesc Size       :0
[D]         CbInternalDesc Offset     :0
[D]         CbInternalDesc Size       :0
[D]         CbInternalDesc Offset     :0
[D]         CbInternalDesc Size       :0
[D]         CbInternalDesc Offset     :0
[D]         CbInternalDesc Size       :0
[D]         CbInternalDesc Offset     :0
[D]         CbInternalDesc Size       :0
[D]         CbInternalDesc Offset     :0
[D]         CbInternalDesc Size       :0
[D] Dump ImmPatch  Info:
[D] Num ImmPatches:
[D] Dump Vulkan Xfb  Info:
[D]         XfbItemCount              :0
[D] Dump Other Shader Info:
[D]         TSharpForCb               :-1
[D]         ViewCount                 :0
[D]         SharedVC                  :0
[D]         SimdMode                  :0
[D]         EuBlendCrf                :0
[D]         OglImageNum               :0
[D]         OglStorageBufferNum       :1
[D]         OutPosEntryIdx            :0
[D]         OutPointSizeEntryIdx      :0
[D]         OutRTArrayIdxEntryIdx     :0
[D]         OutFakeDistSignEntryIdx   :0
[D]         OutVPArrayIdxEntryIdx     :0
[D]         OutputEdgeFlagEntryIdx    :0
[D]         PxPyCount                 :0
[D]         PcCount                   :0
[D]         PMSize                    :0
[D]         DxBufCounterMask          :0
[D]         DxBufCounterResID         :0
[D]         VsNormalAttrCrfStart      :0
[D]         ColorOutputMask           :1
[D]         ConstInfoFlag             :0
[D] PS CrfCount        : 8 ShareMemSize= 0
[D] PS InstrCount        : 8
[D] PS  UavLdInstCnt        : 1 UavStInstCnt:, 0, / 8
[D] begin to dump shader code:
[D] --------------------------------------------------------------------------
[D]    PC                         Instruction                                  Content                                                                                             
  0x0000         0x4b00000000000000 0x0000000000000000           MOVIMM                    r0             ,0x0            
  0x0001         0x8600000000000000 0x00000000000d0000           LD.llc                    r0.x           ,[r0.x]         ,void           ,u[0]           
  0x0002         0x39002000000a0000 0x00000f2000000000           ICMPI.lt                  p2             ,0xa            ,r0             
  0x0003         0x208000f208f408f0 0x8680000000000000           SEL.fp                    r0             ,p2             ,PDC_1F         ,PDC_0          
                                                                +EMITC                     o[0].x         ,fwd            
  0x0004         0x48000000000028f0 0x1000000000000000           MOV.rp1                   r0             ,PDC_0          
  0x0005         0x48000000000008f4 0x0000002000000000           MOV                       r2             ,PDC_1F         
  0x0006         0x6800000000000000 0x2000000009000000           EMITC.rte                 o[0].yzw       ,r0             
  0x0007         0xc340000000000000 0x0000000000000000           JUMP.ps                   0              
[D] --------------------------------------------------------------------------
