
#version 450 core

out float opt;


layout(binding=1, offset=0) uniform atomic_uint ac;


void main()
{
    opt = 0.0f;
    opt += float(atomicCounter(ac));
}


########################################################################################################
                                             DXIL
#########################################################################################################


%dx.types.Handle = type { i8* }
%dx.types.ResRet.i32 = type { i32, i32, i32, i32, i32 }
%struct.RWByteAddressBuffer = type { i32 }

; Function Attrs: nounwind readonly
declare %dx.types.Handle @dx.op.createHandle(i32, i8, i32, i32, i1) #0

; Function Attrs: nounwind readonly
declare %dx.types.ResRet.i32 @dx.op.bufferLoad.i32(i32, %dx.types.Handle, i32, i32) #0

; Function Attrs: nounwind
declare void @dx.op.storeOutput.f32(i32, i32, i32, i8, float) #1

define void @main() {
  %1 = call %dx.types.Handle @dx.op.createHandle(i32 57, i8 1, i32 0, i32 0, i1 false)
  %2 = call %dx.types.Handle @dx.op.createHandle(i32 57, i8 1, i32 0, i32 1, i1 false)
  
  %3 = call %dx.types.ResRet.i32 @dx.op.bufferLoad.i32(i32 68, %dx.types.Handle %2, i32 0, i32 undef)
  %4 = extractvalue %dx.types.ResRet.i32 %3, 0
  %5 = uitofp i32 %4 to float
  call void @dx.op.storeOutput.f32(i32 5, i32 0, i32 0, i8 0, float %5)
  ret void
}


attributes #0 = { nounwind readonly }
attributes #1 = { nounwind }

!llvm.ident = !{!0}
!dx.version = !{!1}
!dx.valver = !{!2}
!dx.shaderModel = !{!3}
!dx.resources = !{!4}
!dx.typeAnnotations = !{!7}
!dx.entryPoints = !{!11}
!dx.source.contents = !{!17, !18, !19}
!dx.vk.xfb = !{}

!0 = !{!"Mesa version 22.04@release"}
!1 = !{i32 1, i32 1}
!2 = !{i32 1, i32 4}
!3 = !{!"vs", i32 6, i32 1}
!4 = !{null, !5, null, null}
!5 = !{!6}
!6 = !{i32 0, %struct.RWByteAddressBuffer* undef, !"ogl_ssbos", i32 0, i32 0, i32 2, i32 11, i1 false, i1 false, i1 false, null}
!7 = !{i32 1, void ()* @main, !8}
!8 = !{!9}
!9 = !{i32 0, !10, !10}
!10 = !{}
!11 = !{void ()* @main, !"main", !12, !4, !16}
!12 = !{null, !13, null}
!13 = !{!14}
!14 = !{i32 0, !"TEXCOORD", i8 9, i8 0, !15, i8 2, i32 1, i8 1, i32 0, i8 0, !10}
!15 = !{i32 0}
!16 = !{i32 0, i64 1048576}
!17 = !{!"num_images", i32 0}
!18 = !{!"num_ssbos", i32 2}
!19 = !{!"float_controls_execution_mode", i32 0}