[D] begin to dump hw reg setting in compile arguments:
[D] UsharpBase:   0
[D] MaxUsharpReg: 0
[D] MaxTsharpReg: 0
[D] MaxSsharpReg: 0
[D] MaxCsharpReg: 0
[D] MaxCbReg:     0
[D] ------------------------Begin Dump SC LLVM Module Info------------------------ [0000]
[D] target datalayout = "e-m:e-p:32:32-i1:32-i8:32-i16:32-i32:32-i64:64-f16:32-f32:32-f64:64-n8:16:32:64"
target triple = "dxil-ms-dx"

%dx.types.Handle = type { i8* }
%struct.RWByteAddressBuffer = type { i32 }

; Function Attrs: nounwind readonly
declare %dx.types.Handle @dx.op.createHandle(i32, i8, i32, i32, i1) #0

; Function Attrs: nounwind
declare void @dx.op.bufferStore.i32(i32, %dx.types.Handle, i32, i32, i32, i32, i32, i32, i8) #1

define void @main() {
  %1 = call %dx.types.Handle @dx.op.createHandle(i32 57, i8 1, i32 0, i32 0, i1 false)
  %2 = call %dx.types.Handle @dx.op.createHandle(i32 57, i8 1, i32 0, i32 1, i1 false)
  call void @dx.op.bufferStore.i32(i32 69, %dx.types.Handle %1, i32 0, i32 undef, i32 1065353216, i32 1073741824, i32 1077936128, i32 1082130432, i8 15)
  call void @dx.op.bufferStore.i32(i32 69, %dx.types.Handle %1, i32 16, i32 undef, i32 17, i32 undef, i32 undef, i32 undef, i8 1)
  call void @dx.op.bufferStore.i32(i32 69, %dx.types.Handle %1, i32 336, i32 undef, i32 1065353216, i32 undef, i32 undef, i32 undef, i8 1)
  call void @dx.op.bufferStore.i32(i32 69, %dx.types.Handle %2, i32 0, i32 undef, i32 11, i32 undef, i32 undef, i32 undef, i8 1)
  call void @dx.op.bufferStore.i32(i32 69, %dx.types.Handle %2, i32 320, i32 undef, i32 1095761920, i32 undef, i32 undef, i32 undef, i8 1)
  ret void
}

attributes #0 = { nounwind readonly }
attributes #1 = { nounwind }

!llvm.ident = !{!0}
!dx.version = !{!1}
!dx.valver = !{!2}
!dx.shaderModel = !{!3}
!dx.resources = !{!4}
!dx.typeAnnotations = !{!7}
!dx.entryPoints = !{!11}
!dx.source.contents = !{!13, !14, !15}
!dx.vk.xfb = !{}

!0 = !{!"Mesa version 22.04@release"}
!1 = !{i32 1, i32 1}
!2 = !{i32 1, i32 4}
!3 = !{!"vs", i32 6, i32 1}
!4 = !{null, !5, null, null}
!5 = !{!6}
!6 = !{i32 0, %struct.RWByteAddressBuffer* undef, !"ogl_ssbos", i32 0, i32 0, i32 2, i32 11, i1 false, i1 false, i1 false, null}
!7 = !{i32 1, void ()* @main, !8}
!8 = !{!9}
!9 = !{i32 0, !10, !10}
!10 = !{}
!11 = !{void ()* @main, !"main", null, !4, !12}
!12 = !{i32 0, i64 1048576}
!13 = !{!"num_images", i32 0}
!14 = !{!"num_ssbos", i32 2}
!15 = !{!"float_controls_execution_mode", i32 0}


[D] ------------------------Begin Dump SC Shader Info------------------------ [0000]
[D] SCShaderVersion:                  :97
[D] SCShaderType:                     :0
[D] Dump Shader Flags:
[D]         bOutputDepth              :0
[D]         bOutputStencil            :0
[D]         bTexKill                  :0
[D]         bDiscard                  :0
[D]         bOutputMask               :0
[D]         bHasSampleFreqInput       :0
[D]         bHasPointCoord            :0
[D]         bHasEmitMask              :0
[D]         bHasEmitAlpha              :0
[D]         bPackWL                   :0
[D]         bPackWC                   :0
[D]         bNeedLinearW              :0
[D]         bNeedCentroidW            :0
[D]         bPosCentroid              :0
[D]         bFlatShading              :0
[D]         bConservativeDepth        :0
[D]         bConservativeDepthMode    :0
[D]         bForceEarlyDepthStencil   :0
[D]         bLSBuffer                 :1
[D]         bNeedPatchMovimm          :0
[D]         bHwCbMode                 :1
[D]         bMapImageToTSharp         :0
[D]         bPackFaceId               :0
[D]         bPackSampleId             :0
[D]         bPackPrimId               :0
[D]         bHasSampleLd2DMS          :0
[D]         bIntpAtSample             :0
[D]         bHasGMFlush               :0
[D]         bHasDouble                :0
[D]         bPixelCenterInteger       :0
[D]         bOriginUpperLeft          :0
[D]         bNeedPatchVerticesIn      :0
[D]         bNeedDenormPreserve       :0
[D]         bHasDfdy                  :0
[D]         bFp16DenormPerserve       :0
[D]         bFp32DenormPerserve       :0
[D]         bFp64DenormPerserve       :0
[D]         bFp16RoundingZero         :0
[D]         bFp32RoundingZero         :0
[D]         bFp64RoundingZero         :0
[D]         bDX9FConstRelative        :0
[D] Dump Input Flags:
[D]         bHasVertexID              :0
[D]         bHasRHW                   :0
[D]         bHasIsFrontFace           :0
[D]         bHasSampleMask            :0
[D]         bHasSampleIndex           :0
[D]         bHasSamplePos             :0
[D]         bHasPosition              :0
[D]         bHasRHWCentroid           :0
[D]         bHasBaseVertexID          :0
[D]         bHasBaseInstanceID        :0
[D]         bHasDrawID                :0
[D]         bHasPrimId                :0
[D]         bHasInstanceID            :0
[D]         bHasShadingRate           :0
[D] Dump Output Flags:
[D]         bHasPointSize             :0
[D]         bHasRTArrayIdx            :0
[D]         bHasClipDistanceSign      :0
[D]         bHasOMask                 :0
[D]         bHasVPArrayIndex          :0
[D]         bHasClipDistance          :0
[D]         bHasPrimId                :0
[D]         bHasEdgeFlag              :0
[D]         bHasPrimShadingRate       :0
[D] 

Dump Input Info:
[D] EntryCount              :0
[D] UsedBitMask             :0
[D] HwVectorCount           :0
[D] 

Dump Output Info:
[D] EntryCount              :0
[D] UsedBitMask             :0
[D] HwVectorCount           :0
[D] 

Dump Patch Constant Info:
[D] EntryCount              :0
[D] UsedBitMask             :0
[D] HwVectorCount           :0
[D] Dump Cbv  Info:
[D] ResRangeCount              :0
[D] Dump Srv  Info:
[D] ResRangeCount              :0
[D] Dump Sampler  Info:
[D] ResRangeCount              :0
[D] Dump Uav  Info:
[D]         ResRangeCount              :1
[D]         ResRangeID                 :0
[D]         ResCount                   :2
[D]         HwRegNo                    :0
[D]         ResKind                    :11
[D]         ComponentType              :9
[D]         HeapIndex                  :0
[D]         SpaceID                    :0
[D]         Reduction                  :0
[D]         GlobalCoherent             :0
[D]         Rov                        :0
[D]         MappedToTSharp             :0
[D]         ReadOnly                   :0
[D] Dump Resource Query  Info:
[D]         TexSizeQueryCnt            :0
[D]         ImgSizeQueryCnt            :0
[D]         TexSamplePosQueryCnt       :0
[D]         OglSsbQueryCnt             :0
[D] Dump Cb Insternal Desc  Info:
[D]         CbInternalUsedMask     :0
[D]         CbInternalDesc Offset     :0
[D]         CbInternalDesc Size       :0
[D]         CbInternalDesc Offset     :0
[D]         CbInternalDesc Size       :0
[D]         CbInternalDesc Offset     :0
[D]         CbInternalDesc Size       :0
[D]         CbInternalDesc Offset     :0
[D]         CbInternalDesc Size       :0
[D]         CbInternalDesc Offset     :0
[D]         CbInternalDesc Size       :0
[D]         CbInternalDesc Offset     :0
[D]         CbInternalDesc Size       :0
[D]         CbInternalDesc Offset     :0
[D]         CbInternalDesc Size       :0
[D]         CbInternalDesc Offset     :0
[D]         CbInternalDesc Size       :0
[D]         CbInternalDesc Offset     :0
[D]         CbInternalDesc Size       :0
[D]         CbInternalDesc Offset     :0
[D]         CbInternalDesc Size       :0
[D]         CbInternalDesc Offset     :0
[D]         CbInternalDesc Size       :0
[D]         CbInternalDesc Offset     :0
[D]         CbInternalDesc Size       :0
[D]         CbInternalDesc Offset     :0
[D]         CbInternalDesc Size       :0
[D]         CbInternalDesc Offset     :0
[D]         CbInternalDesc Size       :0
[D]         CbInternalDesc Offset     :0
[D]         CbInternalDesc Size       :0
[D]         CbInternalDesc Offset     :0
[D]         CbInternalDesc Size       :0
[D]         CbInternalDesc Offset     :0
[D]         CbInternalDesc Size       :0
[D]         CbInternalDesc Offset     :0
[D]         CbInternalDesc Size       :0
[D]         CbInternalDesc Offset     :0
[D]         CbInternalDesc Size       :0
[D] Dump ImmPatch  Info:
[D] Num ImmPatches:
[D] Dump Vulkan Xfb  Info:
[D]         XfbItemCount              :0
[D] Dump Other Shader Info:
[D]         TSharpForCb               :-1
[D]         ViewCount                 :0
[D]         SharedVC                  :0
[D]         SimdMode                  :0
[D]         EuBlendCrf                :0
[D]         OglImageNum               :0
[D]         OglStorageBufferNum       :2
[D]         OutPosEntryIdx            :0
[D]         OutPointSizeEntryIdx      :0
[D]         OutRTArrayIdxEntryIdx     :0
[D]         OutFakeDistSignEntryIdx   :0
[D]         OutVPArrayIdxEntryIdx     :0
[D]         OutputEdgeFlagEntryIdx    :0
[D]         PxPyCount                 :0
[D]         PcCount                   :0
[D]         PMSize                    :0
[D]         DxBufCounterMask          :0
[D]         DxBufCounterResID         :0
[D]         VsNormalAttrCrfStart      :4
[D]         ConstInfoFlag             :0
[D] VS CrfCount        : 8 ShareMemSize= 0
[D] VS InstrCount        : 17
[D] VS  UavLdInstCnt        : 0 UavStInstCnt:, 5, / 17
[D] begin to dump shader code:
[D] --------------------------------------------------------------------------
[D]    PC                         Instruction                                  Content                                                                                             
  0x0000         0x4b00000040800000 0x0000003000000000           MOVIMM                    r3             ,0x40800000     
  0x0001         0x4b00000040400000 0x0000002000000000           MOVIMM                    r2             ,0x40400000     
  0x0002         0x4b00000040000000 0x0000001000000000           MOVIMM                    r1             ,0x40000000     
  0x0003         0x4b0000003f800000 0x0000000000000000           MOVIMM                    r0             ,0x3f800000     
  0x0004         0x4b00000000000000 0x0000004000000000           MOVIMM                    r4             ,0x0            
  0x0005         0x8200000080040000 0x30000000000c0000           ST.llc                    void           ,[r4.x.nlk]     ,r0.xyzw        ,u[0]           
  0x0006         0x4b00000000000010 0x0000001000000000           MOVIMM                    r1             ,0x10           
  0x0007         0x4b00000000000011 0x0000002000000000           MOVIMM                    r2             ,0x11           
  0x0008         0x8200000000010002 0x00000000000c0000           ST.llc                    void           ,[r1.x]         ,r2.x           ,u[0]           
  0x0009         0x4b00000000000150 0x0000001000000000           MOVIMM                    r1             ,0x150          
  0x000a         0x8200000000010000 0x00000000000c0000           ST.llc                    void           ,[r1.x]         ,r0.x           ,u[0]           
  0x000b         0x4b0000000000000b 0x0000000000000000           MOVIMM                    r0             ,0xb            
  0x000c         0x8200000000040000 0x00000000000c0010           ST.llc                    void           ,[r4.x]         ,r0.x           ,u[1]           
  0x000d         0x4b00000000000140 0x0000000000000000           MOVIMM                    r0             ,0x140          
  0x000e         0x4b00000041500000 0x0000001000000000           MOVIMM                    r1             ,0x41500000     
  0x000f         0x8200000000000001 0x00000000000c0010           ST.llc                    void           ,[r0.x]         ,r1.x           ,u[1]           
  0x0010         0xc300000000000000 0x0000000000000000           JUMP                      0              
[D] --------------------------------------------------------------------------
