[D] begin to dump hw reg setting in compile arguments:
[D] UsharpBase:   0
[D] MaxUsharpReg: 0
[D] MaxTsharpReg: 0
[D] MaxSsharpReg: 0
[D] MaxCsharpReg: 0
[D] MaxCbReg:     0
[D] ------------------------Begin Dump SC LLVM Module Info------------------------ [0000]
[D] target datalayout = "e-m:e-p:32:32-i1:32-i8:32-i16:32-i32:32-i64:64-f16:32-f32:32-f64:64-n8:16:32:64"
target triple = "dxil-ms-dx"

%dx.types.Handle = type { i8* }
%dx.types.CBufRet.i32 = type { i32, i32, i32, i32 }
%__ubo0 = type { [16 x float] }
%__ubo1 = type { [32 x float] }

; Function Attrs: nounwind readonly
declare %dx.types.Handle @dx.op.createHandle(i32, i8, i32, i32, i1) #0

; Function Attrs: nounwind readnone
declare float @dx.op.loadInput.f32(i32, i32, i32, i8, i32) #1

; Function Attrs: nounwind readonly
declare %dx.types.CBufRet.i32 @dx.extop.cbufferLoadLegacy.i32(i32, %dx.types.Handle, i32) #0

; Function Attrs: nounwind readonly
declare %dx.types.CBufRet.i32 @dx.op.cbufferLoadLegacy.i32(i32, %dx.types.Handle, i32) #0

; Function Attrs: nounwind
declare void @dx.op.storeOutput.f32(i32, i32, i32, i8, float) #2

define void @main() {
  %1 = call %dx.types.Handle @dx.op.createHandle(i32 57, i8 2, i32 0, i32 0, i1 false)
  %2 = call %dx.types.Handle @dx.op.createHandle(i32 57, i8 2, i32 1, i32 1, i1 false)
  %3 = call float @dx.op.loadInput.f32(i32 4, i32 0, i32 0, i8 0, i32 undef)
  %4 = call float @dx.op.loadInput.f32(i32 4, i32 0, i32 0, i8 1, i32 undef)
  %5 = call float @dx.op.loadInput.f32(i32 4, i32 0, i32 0, i8 2, i32 undef)
  %6 = call %dx.types.CBufRet.i32 @dx.extop.cbufferLoadLegacy.i32(i32 275, %dx.types.Handle %1, i32 0)
  %7 = extractvalue %dx.types.CBufRet.i32 %6, 0
  %8 = extractvalue %dx.types.CBufRet.i32 %6, 1
  %9 = extractvalue %dx.types.CBufRet.i32 %6, 2
  %10 = extractvalue %dx.types.CBufRet.i32 %6, 3
  %11 = bitcast i32 %7 to float
  %12 = fmul fast float %11, %3
  %13 = bitcast i32 %8 to float
  %14 = fmul fast float %13, %3
  %15 = bitcast i32 %9 to float
  %16 = fmul fast float %15, %3
  %17 = bitcast i32 %10 to float
  %18 = fmul fast float %17, %3
  %19 = call %dx.types.CBufRet.i32 @dx.extop.cbufferLoadLegacy.i32(i32 275, %dx.types.Handle %1, i32 4)
  %20 = extractvalue %dx.types.CBufRet.i32 %19, 0
  %21 = extractvalue %dx.types.CBufRet.i32 %19, 1
  %22 = extractvalue %dx.types.CBufRet.i32 %19, 2
  %23 = extractvalue %dx.types.CBufRet.i32 %19, 3
  %24 = bitcast i32 %20 to float
  %25 = fmul fast float %24, %4
  %26 = bitcast i32 %21 to float
  %27 = fmul fast float %26, %4
  %28 = bitcast i32 %22 to float
  %29 = fmul fast float %28, %4
  %30 = bitcast i32 %23 to float
  %31 = fmul fast float %30, %4
  %32 = fadd fast float %12, %25
  %33 = fadd fast float %14, %27
  %34 = fadd fast float %16, %29
  %35 = fadd fast float %18, %31
  %36 = call %dx.types.CBufRet.i32 @dx.extop.cbufferLoadLegacy.i32(i32 275, %dx.types.Handle %1, i32 8)
  %37 = extractvalue %dx.types.CBufRet.i32 %36, 0
  %38 = extractvalue %dx.types.CBufRet.i32 %36, 1
  %39 = extractvalue %dx.types.CBufRet.i32 %36, 2
  %40 = extractvalue %dx.types.CBufRet.i32 %36, 3
  %41 = bitcast i32 %37 to float
  %42 = fmul fast float %41, %5
  %43 = bitcast i32 %38 to float
  %44 = fmul fast float %43, %5
  %45 = bitcast i32 %39 to float
  %46 = fmul fast float %45, %5
  %47 = bitcast i32 %40 to float
  %48 = fmul fast float %47, %5
  %49 = fadd fast float %32, %42
  %50 = fadd fast float %33, %44
  %51 = fadd fast float %34, %46
  %52 = fadd fast float %35, %48
  %53 = call %dx.types.CBufRet.i32 @dx.extop.cbufferLoadLegacy.i32(i32 275, %dx.types.Handle %1, i32 12)
  %54 = extractvalue %dx.types.CBufRet.i32 %53, 0
  %55 = extractvalue %dx.types.CBufRet.i32 %53, 1
  %56 = extractvalue %dx.types.CBufRet.i32 %53, 2
  %57 = extractvalue %dx.types.CBufRet.i32 %53, 3
  %58 = bitcast i32 %54 to float
  %59 = fadd fast float %49, %58
  %60 = bitcast i32 %55 to float
  %61 = fadd fast float %50, %60
  %62 = bitcast i32 %56 to float
  %63 = fadd fast float %51, %62
  %64 = bitcast i32 %57 to float
  %65 = fadd fast float %52, %64
  %66 = call %dx.types.CBufRet.i32 @dx.op.cbufferLoadLegacy.i32(i32 59, %dx.types.Handle %2, i32 4)
  %67 = extractvalue %dx.types.CBufRet.i32 %66, 0
  %68 = extractvalue %dx.types.CBufRet.i32 %66, 1
  %69 = extractvalue %dx.types.CBufRet.i32 %66, 2
  %70 = extractvalue %dx.types.CBufRet.i32 %66, 3
  %71 = bitcast i32 %67 to float
  %72 = fmul fast float %71, %59
  %73 = bitcast i32 %68 to float
  %74 = fmul fast float %73, %59
  %75 = bitcast i32 %69 to float
  %76 = fmul fast float %75, %59
  %77 = bitcast i32 %70 to float
  %78 = fmul fast float %77, %59
  %79 = call %dx.types.CBufRet.i32 @dx.op.cbufferLoadLegacy.i32(i32 59, %dx.types.Handle %2, i32 5)
  %80 = extractvalue %dx.types.CBufRet.i32 %79, 0
  %81 = extractvalue %dx.types.CBufRet.i32 %79, 1
  %82 = extractvalue %dx.types.CBufRet.i32 %79, 2
  %83 = extractvalue %dx.types.CBufRet.i32 %79, 3
  %84 = bitcast i32 %80 to float
  %85 = fmul fast float %84, %61
  %86 = bitcast i32 %81 to float
  %87 = fmul fast float %86, %61
  %88 = bitcast i32 %82 to float
  %89 = fmul fast float %88, %61
  %90 = bitcast i32 %83 to float
  %91 = fmul fast float %90, %61
  %92 = fadd fast float %72, %85
  %93 = fadd fast float %74, %87
  %94 = fadd fast float %76, %89
  %95 = fadd fast float %78, %91
  %96 = call %dx.types.CBufRet.i32 @dx.op.cbufferLoadLegacy.i32(i32 59, %dx.types.Handle %2, i32 6)
  %97 = extractvalue %dx.types.CBufRet.i32 %96, 0
  %98 = extractvalue %dx.types.CBufRet.i32 %96, 1
  %99 = extractvalue %dx.types.CBufRet.i32 %96, 2
  %100 = extractvalue %dx.types.CBufRet.i32 %96, 3
  %101 = bitcast i32 %97 to float
  %102 = fmul fast float %101, %63
  %103 = bitcast i32 %98 to float
  %104 = fmul fast float %103, %63
  %105 = bitcast i32 %99 to float
  %106 = fmul fast float %105, %63
  %107 = bitcast i32 %100 to float
  %108 = fmul fast float %107, %63
  %109 = fadd fast float %92, %102
  %110 = fadd fast float %93, %104
  %111 = fadd fast float %94, %106
  %112 = fadd fast float %95, %108
  %113 = call %dx.types.CBufRet.i32 @dx.op.cbufferLoadLegacy.i32(i32 59, %dx.types.Handle %2, i32 7)
  %114 = extractvalue %dx.types.CBufRet.i32 %113, 0
  %115 = extractvalue %dx.types.CBufRet.i32 %113, 1
  %116 = extractvalue %dx.types.CBufRet.i32 %113, 2
  %117 = extractvalue %dx.types.CBufRet.i32 %113, 3
  %118 = bitcast i32 %114 to float
  %119 = fmul fast float %118, %65
  %120 = bitcast i32 %115 to float
  %121 = fmul fast float %120, %65
  %122 = bitcast i32 %116 to float
  %123 = fmul fast float %122, %65
  %124 = bitcast i32 %117 to float
  %125 = fmul fast float %124, %65
  %126 = fadd fast float %109, %119
  %127 = fadd fast float %110, %121
  %128 = fadd fast float %111, %123
  %129 = fadd fast float %112, %125
  %130 = call %dx.types.CBufRet.i32 @dx.op.cbufferLoadLegacy.i32(i32 59, %dx.types.Handle %2, i32 0)
  %131 = extractvalue %dx.types.CBufRet.i32 %130, 0
  %132 = extractvalue %dx.types.CBufRet.i32 %130, 1
  %133 = extractvalue %dx.types.CBufRet.i32 %130, 2
  %134 = extractvalue %dx.types.CBufRet.i32 %130, 3
  %135 = bitcast i32 %131 to float
  %136 = fmul fast float %135, %126
  %137 = bitcast i32 %132 to float
  %138 = fmul fast float %137, %126
  %139 = bitcast i32 %133 to float
  %140 = fmul fast float %139, %126
  %141 = bitcast i32 %134 to float
  %142 = fmul fast float %141, %126
  %143 = call %dx.types.CBufRet.i32 @dx.op.cbufferLoadLegacy.i32(i32 59, %dx.types.Handle %2, i32 1)
  %144 = extractvalue %dx.types.CBufRet.i32 %143, 0
  %145 = extractvalue %dx.types.CBufRet.i32 %143, 1
  %146 = extractvalue %dx.types.CBufRet.i32 %143, 2
  %147 = extractvalue %dx.types.CBufRet.i32 %143, 3
  %148 = bitcast i32 %144 to float
  %149 = fmul fast float %148, %127
  %150 = bitcast i32 %145 to float
  %151 = fmul fast float %150, %127
  %152 = bitcast i32 %146 to float
  %153 = fmul fast float %152, %127
  %154 = bitcast i32 %147 to float
  %155 = fmul fast float %154, %127
  %156 = fadd fast float %136, %149
  %157 = fadd fast float %138, %151
  %158 = fadd fast float %140, %153
  %159 = fadd fast float %142, %155
  %160 = call %dx.types.CBufRet.i32 @dx.op.cbufferLoadLegacy.i32(i32 59, %dx.types.Handle %2, i32 2)
  %161 = extractvalue %dx.types.CBufRet.i32 %160, 0
  %162 = extractvalue %dx.types.CBufRet.i32 %160, 1
  %163 = extractvalue %dx.types.CBufRet.i32 %160, 2
  %164 = extractvalue %dx.types.CBufRet.i32 %160, 3
  %165 = bitcast i32 %161 to float
  %166 = fmul fast float %165, %128
  %167 = bitcast i32 %162 to float
  %168 = fmul fast float %167, %128
  %169 = bitcast i32 %163 to float
  %170 = fmul fast float %169, %128
  %171 = bitcast i32 %164 to float
  %172 = fmul fast float %171, %128
  %173 = fadd fast float %156, %166
  %174 = fadd fast float %157, %168
  %175 = fadd fast float %158, %170
  %176 = fadd fast float %159, %172
  %177 = call %dx.types.CBufRet.i32 @dx.op.cbufferLoadLegacy.i32(i32 59, %dx.types.Handle %2, i32 3)
  %178 = extractvalue %dx.types.CBufRet.i32 %177, 0
  %179 = extractvalue %dx.types.CBufRet.i32 %177, 1
  %180 = extractvalue %dx.types.CBufRet.i32 %177, 2
  %181 = extractvalue %dx.types.CBufRet.i32 %177, 3
  %182 = bitcast i32 %178 to float
  %183 = fmul fast float %182, %129
  %184 = bitcast i32 %179 to float
  %185 = fmul fast float %184, %129
  %186 = bitcast i32 %180 to float
  %187 = fmul fast float %186, %129
  %188 = bitcast i32 %181 to float
  %189 = fmul fast float %188, %129
  %190 = fadd fast float %173, %183
  %191 = fadd fast float %174, %185
  %192 = fadd fast float %175, %187
  %193 = fadd fast float %176, %189
  call void @dx.op.storeOutput.f32(i32 5, i32 0, i32 0, i8 0, float %190)
  call void @dx.op.storeOutput.f32(i32 5, i32 0, i32 0, i8 1, float %191)
  call void @dx.op.storeOutput.f32(i32 5, i32 0, i32 0, i8 2, float %192)
  call void @dx.op.storeOutput.f32(i32 5, i32 0, i32 0, i8 3, float %193)
  ret void
}

attributes #0 = { nounwind readonly }
attributes #1 = { nounwind readnone }
attributes #2 = { nounwind }

!llvm.ident = !{!0}
!dx.version = !{!1}
!dx.valver = !{!2}
!dx.shaderModel = !{!3}
!dx.resources = !{!4}
!dx.typeAnnotations = !{!8}
!dx.entryPoints = !{!12}
!dx.source.contents = !{!20, !21, !22}
!dx.vk.xfb = !{}

!0 = !{!"Mesa version 22.04@release"}
!1 = !{i32 1, i32 1}
!2 = !{i32 1, i32 4}
!3 = !{!"vs", i32 6, i32 1}
!4 = !{null, null, !5, null}
!5 = !{!6, !7}
!6 = !{i32 0, %__ubo0* undef, !"__ubo0", i32 0, i32 0, i32 1, i32 64, null}
!7 = !{i32 1, %__ubo1* undef, !"__ubo1", i32 0, i32 1, i32 1, i32 128, null}
!8 = !{i32 1, void ()* @main, !9}
!9 = !{!10}
!10 = !{i32 0, !11, !11}
!11 = !{}
!12 = !{void ()* @main, !"main", !13, !4, !19}
!13 = !{!14, !17, null}
!14 = !{!15}
!15 = !{i32 0, !"TEXCOORD", i8 9, i8 0, !16, i8 0, i32 1, i8 3, i32 0, i8 0, !11}
!16 = !{i32 0}
!17 = !{!18}
!18 = !{i32 0, !"SV_Position", i8 9, i8 3, !16, i8 4, i32 1, i8 4, i32 0, i8 0, !11}
!19 = !{i32 0, i64 1048576}
!20 = !{!"num_images", i32 0}
!21 = !{!"num_ssbos", i32 0}
!22 = !{!"float_controls_execution_mode", i32 0}


[D] CrfCntForInput equals CrfCount + HW_REG_START
[D] CrfCntForInput for VS push mode: 8
[D] ------------------------Begin Dump SC Shader Info------------------------ [0000]
[D] SCShaderVersion:                  :97
[D] SCShaderType:                     :0
[D] Dump Shader Flags:
[D]         bOutputDepth              :0
[D]         bOutputStencil            :0
[D]         bTexKill                  :0
[D]         bDiscard                  :0
[D]         bOutputMask               :0
[D]         bHasSampleFreqInput       :0
[D]         bHasPointCoord            :0
[D]         bHasEmitMask              :0
[D]         bHasEmitAlpha              :0
[D]         bPackWL                   :0
[D]         bPackWC                   :0
[D]         bNeedLinearW              :0
[D]         bNeedCentroidW            :0
[D]         bPosCentroid              :0
[D]         bFlatShading              :0
[D]         bConservativeDepth        :0
[D]         bConservativeDepthMode    :0
[D]         bForceEarlyDepthStencil   :0
[D]         bLSBuffer                 :0
[D]         bNeedPatchMovimm          :0
[D]         bHwCbMode                 :1
[D]         bMapImageToTSharp         :0
[D]         bPackFaceId               :0
[D]         bPackSampleId             :0
[D]         bPackPrimId               :0
[D]         bHasSampleLd2DMS          :0
[D]         bIntpAtSample             :0
[D]         bHasGMFlush               :0
[D]         bHasDouble                :0
[D]         bPixelCenterInteger       :0
[D]         bOriginUpperLeft          :0
[D]         bNeedPatchVerticesIn      :0
[D]         bNeedDenormPreserve       :0
[D]         bHasDfdy                  :0
[D]         bFp16DenormPerserve       :0
[D]         bFp32DenormPerserve       :0
[D]         bFp64DenormPerserve       :0
[D]         bFp16RoundingZero         :0
[D]         bFp32RoundingZero         :0
[D]         bFp64RoundingZero         :0
[D]         bDX9FConstRelative        :0
[D] Dump Input Flags:
[D]         bHasVertexID              :0
[D]         bHasRHW                   :0
[D]         bHasIsFrontFace           :0
[D]         bHasSampleMask            :0
[D]         bHasSampleIndex           :0
[D]         bHasSamplePos             :0
[D]         bHasPosition              :0
[D]         bHasRHWCentroid           :0
[D]         bHasBaseVertexID          :0
[D]         bHasBaseInstanceID        :0
[D]         bHasDrawID                :0
[D]         bHasPrimId                :0
[D]         bHasInstanceID            :0
[D]         bHasShadingRate           :0
[D] Dump Output Flags:
[D]         bHasPointSize             :0
[D]         bHasRTArrayIdx            :0
[D]         bHasClipDistanceSign      :0
[D]         bHasOMask                 :0
[D]         bHasVPArrayIndex          :0
[D]         bHasClipDistance          :0
[D]         bHasPrimId                :0
[D]         bHasEdgeFlag              :0
[D]         bHasPrimShadingRate       :0
[D] 

Dump Input Info:
[D] EntryCount              :3
[D] UsedBitMask             :1
[D] HwVectorCount           :1
[D] Entry 0------------------------------->
[D] Semantic=VARYING_DX10	55
[D] SemanticIndex           :0
[D] HwRegNo                 :4
[D] IoIndex                 :0
[D] ChannelIndex            :0
[D] Used                    :1
[D] bInterpolate            :0
[D] bCentroid               :0
[D] bPerspective            :0
[D] bSampleFreq             :0
[D] bIntVarying             :0
[D] bUIntVarying            :0
[D] bIntpAtCentroid         :0
[D] bIntpAtCenter           :0
[D] bIntpAtOffsetPxPy       :0
[D] bIntpAtSample           :0
[D] b64bits                 :0
[D] bCanPack                :1
[D] ExtendedIndex           :0
[D] Shared                  :0
[D] Entry 1------------------------------->
[D] Semantic=VARYING_DX10	55
[D] SemanticIndex           :0
[D] HwRegNo                 :5
[D] IoIndex                 :0
[D] ChannelIndex            :1
[D] Used                    :1
[D] bInterpolate            :0
[D] bCentroid               :0
[D] bPerspective            :0
[D] bSampleFreq             :0
[D] bIntVarying             :0
[D] bUIntVarying            :0
[D] bIntpAtCentroid         :0
[D] bIntpAtCenter           :0
[D] bIntpAtOffsetPxPy       :0
[D] bIntpAtSample           :0
[D] b64bits                 :0
[D] bCanPack                :1
[D] ExtendedIndex           :0
[D] Shared                  :0
[D] Entry 2------------------------------->
[D] Semantic=VARYING_DX10	55
[D] SemanticIndex           :0
[D] HwRegNo                 :6
[D] IoIndex                 :0
[D] ChannelIndex            :2
[D] Used                    :1
[D] bInterpolate            :0
[D] bCentroid               :0
[D] bPerspective            :0
[D] bSampleFreq             :0
[D] bIntVarying             :0
[D] bUIntVarying            :0
[D] bIntpAtCentroid         :0
[D] bIntpAtCenter           :0
[D] bIntpAtOffsetPxPy       :0
[D] bIntpAtSample           :0
[D] b64bits                 :0
[D] bCanPack                :1
[D] ExtendedIndex           :0
[D] Shared                  :0
[D] 

Dump Output Info:
[D] EntryCount              :4
[D] UsedBitMask             :1
[D] HwVectorCount           :1
[D] Entry 0------------------------------->
[D] Semantic=POSITION	0
[D] SemanticIndex           :0
[D] HwRegNo                 :0
[D] IoIndex                 :0
[D] ChannelIndex            :0
[D] Used                    :1
[D] bInterpolate            :1
[D] bCentroid               :0
[D] bPerspective            :0
[D] bSampleFreq             :0
[D] bIntVarying             :0
[D] bUIntVarying            :0
[D] bIntpAtCentroid         :0
[D] bIntpAtCenter           :0
[D] bIntpAtOffsetPxPy       :0
[D] bIntpAtSample           :0
[D] b64bits                 :0
[D] bCanPack                :1
[D] ExtendedIndex           :0
[D] Shared                  :0
[D] Entry 1------------------------------->
[D] Semantic=POSITION	0
[D] SemanticIndex           :0
[D] HwRegNo                 :0
[D] IoIndex                 :0
[D] ChannelIndex            :1
[D] Used                    :1
[D] bInterpolate            :1
[D] bCentroid               :0
[D] bPerspective            :0
[D] bSampleFreq             :0
[D] bIntVarying             :0
[D] bUIntVarying            :0
[D] bIntpAtCentroid         :0
[D] bIntpAtCenter           :0
[D] bIntpAtOffsetPxPy       :0
[D] bIntpAtSample           :0
[D] b64bits                 :0
[D] bCanPack                :1
[D] ExtendedIndex           :0
[D] Shared                  :0
[D] Entry 2------------------------------->
[D] Semantic=POSITION	0
[D] SemanticIndex           :0
[D] HwRegNo                 :0
[D] IoIndex                 :0
[D] ChannelIndex            :2
[D] Used                    :1
[D] bInterpolate            :1
[D] bCentroid               :0
[D] bPerspective            :0
[D] bSampleFreq             :0
[D] bIntVarying             :0
[D] bUIntVarying            :0
[D] bIntpAtCentroid         :0
[D] bIntpAtCenter           :0
[D] bIntpAtOffsetPxPy       :0
[D] bIntpAtSample           :0
[D] b64bits                 :0
[D] bCanPack                :1
[D] ExtendedIndex           :0
[D] Shared                  :0
[D] Entry 3------------------------------->
[D] Semantic=POSITION	0
[D] SemanticIndex           :0
[D] HwRegNo                 :0
[D] IoIndex                 :0
[D] ChannelIndex            :3
[D] Used                    :1
[D] bInterpolate            :1
[D] bCentroid               :0
[D] bPerspective            :0
[D] bSampleFreq             :0
[D] bIntVarying             :0
[D] bUIntVarying            :0
[D] bIntpAtCentroid         :0
[D] bIntpAtCenter           :0
[D] bIntpAtOffsetPxPy       :0
[D] bIntpAtSample           :0
[D] b64bits                 :0
[D] bCanPack                :1
[D] ExtendedIndex           :0
[D] Shared                  :0
[D] 

Dump Patch Constant Info:
[D] EntryCount              :0
[D] UsedBitMask             :0
[D] HwVectorCount           :0
[D] Dump Cbv  Info:
[D] ResRangeCount              :2
[D]         ResRangeID                 :0
[D]         ResIndex                   :0
[D]         ResCount                   :1
[D]         HwRegNo                    :32
[D]         ResKind                    :0
[D]         ComponentType              :0
[D]         HeapIndex                  :0
[D]         SpaceID                    :0
[D]         SpaceID                    :0
[D]         Reduction                  :0
[D]         GlobalCoherent             :0
[D]         Rov                        :0
[D]         MappedToTSharp             :0
[D]         BufSize                    :64
[D]         StartInCb                  :0
[D]         ResRangeID                 :1
[D]         ResIndex                   :1
[D]         ResCount                   :1
[D]         HwRegNo                    :0
[D]         ResKind                    :0
[D]         ComponentType              :0
[D]         HeapIndex                  :0
[D]         SpaceID                    :0
[D]         SpaceID                    :0
[D]         Reduction                  :0
[D]         GlobalCoherent             :0
[D]         Rov                        :0
[D]         MappedToTSharp             :0
[D]         BufSize                    :128
[D]         StartInCb                  :0
[D] Dump Srv  Info:
[D] ResRangeCount              :0
[D] Dump Sampler  Info:
[D] ResRangeCount              :0
[D] Dump Uav  Info:
[D]         ResRangeCount              :0
[D] Dump Resource Query  Info:
[D]         TexSizeQueryCnt            :0
[D]         ImgSizeQueryCnt            :0
[D]         TexSamplePosQueryCnt       :0
[D]         OglSsbQueryCnt             :0
[D] Dump Cb Insternal Desc  Info:
[D]         CbInternalUsedMask     :0
[D]         CbInternalDesc Offset     :0
[D]         CbInternalDesc Size       :0
[D]         CbInternalDesc Offset     :0
[D]         CbInternalDesc Size       :0
[D]         CbInternalDesc Offset     :0
[D]         CbInternalDesc Size       :0
[D]         CbInternalDesc Offset     :0
[D]         CbInternalDesc Size       :0
[D]         CbInternalDesc Offset     :0
[D]         CbInternalDesc Size       :0
[D]         CbInternalDesc Offset     :0
[D]         CbInternalDesc Size       :0
[D]         CbInternalDesc Offset     :0
[D]         CbInternalDesc Size       :0
[D]         CbInternalDesc Offset     :0
[D]         CbInternalDesc Size       :0
[D]         CbInternalDesc Offset     :0
[D]         CbInternalDesc Size       :0
[D]         CbInternalDesc Offset     :0
[D]         CbInternalDesc Size       :0
[D]         CbInternalDesc Offset     :0
[D]         CbInternalDesc Size       :0
[D]         CbInternalDesc Offset     :0
[D]         CbInternalDesc Size       :0
[D]         CbInternalDesc Offset     :0
[D]         CbInternalDesc Size       :0
[D]         CbInternalDesc Offset     :0
[D]         CbInternalDesc Size       :0
[D]         CbInternalDesc Offset     :0
[D]         CbInternalDesc Size       :0
[D]         CbInternalDesc Offset     :0
[D]         CbInternalDesc Size       :0
[D]         CbInternalDesc Offset     :0
[D]         CbInternalDesc Size       :0
[D]         CbInternalDesc Offset     :0
[D]         CbInternalDesc Size       :0
[D]         CbInternalDesc Offset     :0
[D]         CbInternalDesc Size       :0
[D] Dump ImmPatch  Info:
[D] Num ImmPatches:
[D] Dump Vulkan Xfb  Info:
[D]         XfbItemCount              :0
[D] Dump Other Shader Info:
[D]         TSharpForCb               :-1
[D]         ViewCount                 :0
[D]         SharedVC                  :0
[D]         SimdMode                  :0
[D]         EuBlendCrf                :0
[D]         OglImageNum               :0
[D]         OglStorageBufferNum       :0
[D]         OutPosEntryIdx            :3
[D]         OutPointSizeEntryIdx      :0
[D]         OutRTArrayIdxEntryIdx     :0
[D]         OutFakeDistSignEntryIdx   :0
[D]         OutVPArrayIdxEntryIdx     :0
[D]         OutputEdgeFlagEntryIdx    :0
[D]         PxPyCount                 :0
[D]         PcCount                   :0
[D]         PMSize                    :0
[D]         DxBufCounterMask          :0
[D]         DxBufCounterResID         :0
[D]         VsNormalAttrCrfStart      :4
[D]         ConstInfoFlag             :0
[D] VS CrfCount        : 12 ShareMemSize= 0
[D] VS InstrCount        : 28
[D] begin to dump shader code:
[D] --------------------------------------------------------------------------
[D]    PC                         Instruction                                  Content                                                                                             
  0x0000         0x0200000020051024 0x3000000000000000           FMUL.rp3                  r0             ,r5.rp0         ,cb36           
  0x0001         0x0100000020041020 0x3000000000000000           MAD.rp3                   r0             ,r0             ,r4.rp0         ,cb32           
  0x0002         0x0100000020061028 0x3000000000000000           MAD.rp3                   r0             ,r0             ,r6.rp0         ,cb40           
  0x0003         0x03000000102c0000 0x3000000000000000           FADD.rp3                  r0             ,cb44           ,r0             
  0x0004         0x0200000020011014 0x2000004000000000           FMUL.rp2                  r4             ,r1.rp0         ,cb20           
  0x0005         0x0200000000011017 0x0000001000000000           FMUL                      r1             ,r1             ,cb23           
  0x0006         0x0100000420001010 0x2000004000000000           MAD.rp2                   r4             ,r4             ,r0.rp0         ,cb16           
  0x0007         0x0100000100001013 0x0000000000000000           MAD                       r0             ,r1             ,r0             ,cb19           
  0x0008         0x0100000400021018 0x0000001000000000           MAD                       r1             ,r4             ,r2             ,cb24           
  0x0009         0x0100000520021019 0x1000004000000000           MAD.rp1                   r4             ,r5             ,r2.rp0         ,cb25           
  0x000a         0x010000000002101b 0x1000000000000000           MAD.rp1                   r0             ,r0             ,r2             ,cb27           
  0x000b         0x010000040003101d 0x0000002000000000           MAD                       r2             ,r4             ,r3             ,cb29           
  0x000c         0x010000050003101e 0x0000004000000000           MAD                       r4             ,r5             ,r3             ,cb30           
  0x000d         0x010000000003101f 0x0000000000000000           MAD                       r0             ,r0             ,r3             ,cb31           
  0x000e         0x0200000000021004 0x0000003000000000           FMUL                      r3             ,r2             ,cb4            
  0x000f         0x0200000020021005 0x1000005000000000           FMUL.rp1                  r5             ,r2.rp0         ,cb5            
  0x0010         0x0200000000021007 0x0000002000000000           FMUL                      r2             ,r2             ,cb7            
  0x0011         0x0100000300011000 0x0000003000000000           MAD                       r3             ,r3             ,r1             ,cb0            
  0x0012         0x0100000520011001 0x1000005000000000           MAD.rp1                   r5             ,r5             ,r1.rp0         ,cb1            
  0x0013         0x0100000200011003 0x0000001000000000           MAD                       r1             ,r2             ,r1             ,cb3            
  0x0014         0x0100000300041008 0x0000002000000000           MAD                       r2             ,r3             ,r4             ,cb8            
  0x0015         0x0100000500041009 0x0000003000000000           MAD                       r3             ,r5             ,r4             ,cb9            
  0x0016         0x010000060004100a 0x0000005000000000           MAD                       r5             ,r6             ,r4             ,cb10           
  0x0017         0x010000010004100b 0x0000001000000000           MAD                       r1             ,r1             ,r4             ,cb11           
  0x0018         0x010000022000100c 0x96000ff004000000           MAD.rp1                   void           ,r2             ,r0.rp0         ,cb12           
                                                                +EMITF                     vso[0].xy      ,fwd            
  0x0019         0x010000050000100e 0x86000ff006000000           MAD                       void           ,r5             ,r0             ,cb14           
                                                                +EMITF                     vso[0].z       ,fwd            
  0x001a         0x010000010000100f 0x86000ff00f000000           MAD                       void           ,r1             ,r0             ,cb15           
                                                                +EMITF.ve                  vso[0].w       ,fwd            
  0x001b         0xc300000000000000 0x0000000000000000           JUMP                      0              
[D] --------------------------------------------------------------------------
