
#################################################GLSL###########################################################
#version 330 core
out vec4 FragColor;

void main()
{
    FragColor = vec4(1.0f, 0.5f, 0.2f, 1.0f);
} 

#################################################GLSL###########################################################



################################################# DXIL ###########################################################

; Function Attrs: nounwind
declare void @dx.op.storeOutput.f32(i32, i32, i32, i8, float) #0

define void @main() {
  %1 = bitcast i32 1065353216 to float ; 1.0
  call void @dx.op.storeOutput.f32(i32 5, i32 0, i32 0, i8 0, float %1)
  %2 = bitcast i32 1056964608 to float ; 0.5
  call void @dx.op.storeOutput.f32(i32 5, i32 0, i32 0, i8 1, float %2)
  %3 = bitcast i32 1045220557 to float ; 0.2
  call void @dx.op.storeOutput.f32(i32 5, i32 0, i32 0, i8 2, float %3)
  %4 = bitcast i32 1065353216 to float ; 1.0
  call void @dx.op.storeOutput.f32(i32 5, i32 0, i32 0, i8 3, float %4)
  ret void
}

attributes #0 = { nounwind }

!llvm.ident = !{!0}
!dx.version = !{!1}
!dx.valver = !{!2}
!dx.shaderModel = !{!3}
!dx.typeAnnotations = !{!4}
!dx.entryPoints = !{!8}
!dx.source.contents = !{!14, !15, !16, !17, !18, !19, !20, !21}
!dx.vk.xfb = !{}

!0 = !{!"Mesa version 22.04@release"}
!1 = !{i32 1, i32 1}
!2 = !{i32 1, i32 4}
!3 = !{!"ps", i32 6, i32 1}
!4 = !{i32 1, void ()* @main, !5}
!5 = !{!6}
!6 = !{i32 0, !7, !7}
!7 = !{}
!8 = !{void ()* @main, !"main", !9, null, !13}
!9 = !{null, !10, null}
!10 = !{!11}
!11 = !{i32 0, !"SV_Target", i8 9, i8 16, !12, i8 0, i32 1, i8 4, i32 0, i8 0, !7}
!12 = !{i32 0}
!13 = !{i32 0, i64 1048576}
!14 = !{!"num_images", i32 0}
!15 = !{!"num_ssbos", i32 0}
!16 = !{!"float_controls_execution_mode", i32 0}
!17 = !{!"color_dual_source", i32 0}
!18 = !{!"origin_upper_left", i32 0}
!19 = !{!"pixel_center_integer", i32 0}
!20 = !{!"early_fragment_tests", i32 0}
!21 = !{!"post_depth_coverage", i32 0}