#################################################GLSL###########################################################
#version 330 core
layout (location = 0) in vec3 aPos;

void main()
{
    gl_Position = vec4(aPos.x, aPos.y, aPos.z, 1.0);
}

#################################################GLSL###########################################################

#################################################DXIL###########################################################

; Function Attrs: nounwind readnone
declare float @dx.op.loadInput.f32(i32, i32, i32, i8, i32) #0

; Function Attrs: nounwind
declare void @dx.op.storeOutput.f32(i32, i32, i32, i8, float) #1

define void @main() {
  %1 = call float @dx.op.loadInput.f32(i32 4, i32 0, i32 0, i8 0, i32 undef)
  %2 = call float @dx.op.loadInput.f32(i32 4, i32 0, i32 0, i8 1, i32 undef)
  %3 = call float @dx.op.loadInput.f32(i32 4, i32 0, i32 0, i8 2, i32 undef)
  %4 = bitcast i32 1065353216 to float ; 1.0f
  
  call void @dx.op.storeOutput.f32(i32 5, i32 0, i32 0, i8 0, float %1)
  call void @dx.op.storeOutput.f32(i32 5, i32 0, i32 0, i8 1, float %2)
  call void @dx.op.storeOutput.f32(i32 5, i32 0, i32 0, i8 2, float %3)
  call void @dx.op.storeOutput.f32(i32 5, i32 0, i32 0, i8 3, float %4)
  ret void
}

attributes #0 = { nounwind readnone }
attributes #1 = { nounwind }

!llvm.ident = !{!0}
!dx.version = !{!1}
!dx.valver = !{!2}
!dx.shaderModel = !{!3}
!dx.typeAnnotations = !{!4}
!dx.entryPoints = !{!8}
!dx.source.contents = !{!16, !17, !18}
!dx.vk.xfb = !{}

!0 = !{!"Mesa version 22.04@release"}
!1 = !{i32 1, i32 1}
!2 = !{i32 1, i32 4}
!3 = !{!"vs", i32 6, i32 1}
!4 = !{i32 1, void ()* @main, !5}
!5 = !{!6}
!6 = !{i32 0, !7, !7}
!7 = !{}
!8 = !{void ()* @main, !"main", !9, null, !15}
!9 = !{!10, !13, null}
!10 = !{!11}
!11 = !{i32 0, !"TEXCOORD", i8 9, i8 0, !12, i8 0, i32 1, i8 3, i32 0, i8 0, !7}
!12 = !{i32 0}
!13 = !{!14}
!14 = !{i32 0, !"SV_Position", i8 9, i8 3, !12, i8 4, i32 1, i8 4, i32 0, i8 0, !7} ; 对应gl_Position
!15 = !{i32 0, i64 1048576}
!16 = !{!"num_images", i32 0}
!17 = !{!"num_ssbos", i32 0}
!18 = !{!"float_controls_execution_mode", i32 0}


#################################################DXIL###########################################################